mode: set
servmesh/pkg/lock/lock.go:31.38,33.2 1 1
servmesh/pkg/lock/lock.go:58.48,66.2 3 1
servmesh/pkg/lock/lock.go:72.77,73.14 1 1
servmesh/pkg/lock/lock.go:73.14,75.3 1 0
servmesh/pkg/lock/lock.go:77.2,80.63 3 1
servmesh/pkg/lock/lock.go:80.63,81.30 1 1
servmesh/pkg/lock/lock.go:81.30,85.4 2 1
servmesh/pkg/lock/lock.go:87.3,87.64 1 1
servmesh/pkg/lock/lock.go:90.2,97.51 3 1
servmesh/pkg/lock/lock.go:103.49,108.9 4 1
servmesh/pkg/lock/lock.go:108.9,110.3 1 1
servmesh/pkg/lock/lock.go:111.2,111.29 1 1
servmesh/pkg/lock/lock.go:111.29,113.3 1 1
servmesh/pkg/lock/lock.go:114.2,115.13 2 1
servmesh/pkg/lock/lock.go:121.81,122.14 1 1
servmesh/pkg/lock/lock.go:122.14,124.3 1 0
servmesh/pkg/lock/lock.go:126.2,130.60 4 1
servmesh/pkg/lock/lock.go:130.60,132.3 1 1
servmesh/pkg/lock/lock.go:133.2,134.23 2 1
servmesh/pkg/lock/lock.go:139.55,144.30 4 1
servmesh/pkg/lock/lock.go:144.30,146.3 1 1
servmesh/pkg/lock/lock.go:147.2,147.20 1 1
servmesh/pkg/lock/lock.go:151.36,156.28 4 1
servmesh/pkg/lock/lock.go:156.28,157.21 1 1
servmesh/pkg/lock/lock.go:157.21,159.4 1 1
servmesh/pkg/lock/lock.go:161.2,161.12 1 1
servmesh/pkg/lock/lock.go:165.54,166.19 1 1
servmesh/pkg/lock/lock.go:166.19,168.3 1 0
servmesh/pkg/lock/lock.go:169.2,171.6 3 1
servmesh/pkg/lock/lock.go:171.6,172.10 1 1
servmesh/pkg/lock/lock.go:173.19,174.13 1 1
servmesh/pkg/lock/lock.go:175.19,176.10 1 1
servmesh/pkg/lock/lock.go:181.25,184.30 3 1
servmesh/pkg/lock/lock.go:184.30,185.20 1 1
servmesh/pkg/lock/lock.go:185.20,187.4 1 1
servmesh/pkg/lock/lock.go:192.25,194.2 1 1
servmesh/pkg/edge/runtime.go:32.36,38.68 2 1
servmesh/pkg/edge/runtime.go:38.68,44.3 1 1
servmesh/pkg/edge/runtime.go:45.2,45.11 1 1
servmesh/pkg/edge/runtime.go:49.70,55.19 4 1
servmesh/pkg/edge/runtime.go:56.29,57.21 1 1
servmesh/pkg/edge/runtime.go:58.22,59.21 1 0
servmesh/pkg/edge/runtime.go:60.26,61.22 1 1
servmesh/pkg/edge/runtime.go:64.2,65.9 2 1
servmesh/pkg/edge/runtime.go:65.9,67.3 1 0
servmesh/pkg/edge/runtime.go:68.2,68.18 1 1
servmesh/pkg/edge/runtime.go:72.78,76.32 3 1
servmesh/pkg/edge/runtime.go:76.32,78.3 1 1
servmesh/pkg/edge/runtime.go:82.72,87.9 4 1
servmesh/pkg/edge/runtime.go:87.9,89.3 1 0
servmesh/pkg/edge/runtime.go:91.2,99.12 3 1
servmesh/pkg/edge/runtime.go:103.46,108.35 4 1
servmesh/pkg/edge/runtime.go:108.35,110.3 1 1
servmesh/pkg/edge/runtime.go:111.2,112.16 2 1
servmesh/pkg/edge/runtime.go:116.63,122.2 4 1
servmesh/pkg/edge/runtime.go:125.63,127.74 1 1
servmesh/pkg/edge/runtime.go:127.74,129.3 1 1
servmesh/pkg/edge/runtime.go:130.2,130.12 1 1
servmesh/pkg/edge/runtime.go:134.86,139.9 4 1
servmesh/pkg/edge/runtime.go:139.9,141.3 1 0
servmesh/pkg/edge/runtime.go:143.2,144.9 2 1
servmesh/pkg/edge/runtime.go:144.9,146.3 1 0
servmesh/pkg/edge/runtime.go:148.2,148.25 1 1
servmesh/main.go:24.13,26.49 1 0
servmesh/main.go:26.49,27.21 1 0
servmesh/main.go:28.18,30.14 2 0
servmesh/main.go:31.18,33.14 2 0
servmesh/main.go:34.15,48.14 14 0
servmesh/main.go:53.2,53.44 1 0
servmesh/main.go:53.44,92.3 25 0
servmesh/main.go:94.2,100.14 5 0
servmesh/main.go:100.14,103.3 2 0
servmesh/main.go:105.2,125.53 11 0
servmesh/main.go:125.53,127.3 1 0
servmesh/main.go:129.2,130.53 2 0
servmesh/main.go:137.70,141.54 3 1
servmesh/main.go:141.54,143.3 1 0
servmesh/main.go:143.8,145.87 2 1
servmesh/main.go:145.87,147.4 1 0
servmesh/main.go:147.9,150.40 3 1
servmesh/main.go:150.40,152.24 2 1
servmesh/main.go:152.24,154.6 1 1
servmesh/main.go:154.11,156.6 1 0
servmesh/main.go:161.2,161.23 1 1
servmesh/main.go:161.23,164.3 2 0
servmesh/main.go:166.2,167.25 2 1
servmesh/main.go:167.25,170.3 2 0
servmesh/main.go:172.2,173.24 2 1
servmesh/main.go:173.24,175.3 1 0
servmesh/main.go:177.2,178.16 2 1
servmesh/main.go:178.16,181.3 2 0
servmesh/main.go:183.2,188.20 5 1
servmesh/main.go:191.36,192.51 1 0
servmesh/main.go:192.51,197.38 4 0
servmesh/main.go:197.38,201.20 2 0
servmesh/main.go:201.20,203.19 2 0
servmesh/main.go:203.19,207.6 3 0
servmesh/main.go:209.4,211.14 3 0
servmesh/main.go:211.14,212.99 1 0
servmesh/main.go:212.99,214.6 1 0
servmesh/main.go:216.4,216.10 1 0
servmesh/main.go:220.2,220.12 1 0
servmesh/main.go:220.12,221.77 1 0
servmesh/main.go:221.77,223.4 1 0
servmesh/cmd/inspect/inspect.go:47.13,54.12 6 0
servmesh/cmd/inspect/inspect.go:54.12,55.7 1 0
servmesh/cmd/inspect/inspect.go:55.7,57.54 2 0
servmesh/cmd/inspect/inspect.go:57.54,59.5 1 0
servmesh/cmd/inspect/inspect.go:60.4,61.25 2 0
servmesh/cmd/inspect/inspect.go:63.8,64.53 1 0
servmesh/cmd/inspect/inspect.go:64.53,67.4 2 0
servmesh/cmd/inspect/inspect.go:71.20,73.2 1 0
servmesh/cmd/inspect/inspect.go:75.54,77.16 2 0
servmesh/cmd/inspect/inspect.go:77.16,79.3 1 0
servmesh/cmd/inspect/inspect.go:81.2,86.23 4 0
servmesh/cmd/inspect/inspect.go:86.23,89.3 2 0
servmesh/cmd/inspect/inspect.go:92.2,119.28 6 0
servmesh/cmd/inspect/inspect.go:119.28,120.44 1 0
servmesh/cmd/inspect/inspect.go:120.44,122.4 1 0
servmesh/cmd/inspect/inspect.go:123.3,123.55 1 0
servmesh/cmd/inspect/inspect.go:126.2,126.28 1 0
servmesh/cmd/inspect/inspect.go:126.28,128.26 2 0
servmesh/cmd/inspect/inspect.go:128.26,130.14 2 0
servmesh/cmd/inspect/inspect.go:130.14,132.5 1 0
servmesh/cmd/inspect/inspect.go:135.4,136.17 2 0
servmesh/cmd/inspect/inspect.go:136.17,138.5 1 0
servmesh/cmd/inspect/inspect.go:141.4,142.26 2 0
servmesh/cmd/inspect/inspect.go:142.26,144.5 1 0
servmesh/cmd/inspect/inspect.go:147.4,148.30 2 0
servmesh/cmd/inspect/inspect.go:148.30,150.5 1 0
servmesh/cmd/inspect/inspect.go:153.4,154.19 2 0
servmesh/cmd/inspect/inspect.go:155.19,156.28 1 0
servmesh/cmd/inspect/inspect.go:157.20,158.29 1 0
servmesh/cmd/inspect/inspect.go:162.4,173.5 3 0
servmesh/cmd/inspect/inspect.go:176.3,176.16 1 0
servmesh/cmd/inspect/inspect.go:179.2,180.12 2 0
servmesh/cmd/inspect/inspect.go:183.80,185.16 2 0
servmesh/cmd/inspect/inspect.go:185.16,187.3 1 0
servmesh/cmd/inspect/inspect.go:188.2,188.25 1 0
servmesh/cmd/inspect/inspect.go:188.25,192.3 3 0
servmesh/cmd/inspect/inspect.go:194.2,195.16 2 0
servmesh/cmd/inspect/inspect.go:195.16,197.3 1 0
servmesh/cmd/inspect/inspect.go:198.2,200.38 2 0
servmesh/cmd/inspect/inspect.go:200.38,203.3 2 0
servmesh/cmd/inspect/inspect.go:205.2,206.68 2 0
servmesh/cmd/inspect/inspect.go:206.68,208.3 1 0
servmesh/cmd/inspect/inspect.go:209.2,209.21 1 0
servmesh/cmd/inspect/inspect.go:212.39,213.17 1 0
servmesh/cmd/inspect/inspect.go:213.17,215.3 1 0
servmesh/cmd/inspect/inspect.go:216.2,216.24 1 0
servmesh/pkg/otel/otel.go:9.13,11.2 1 0
servmesh/pkg/otel/otel.go:13.31,15.2 1 0
servmesh/pkg/otel/otel.go:17.30,19.2 1 0
servmesh/pkg/otel/otel.go:21.55,23.2 1 0
servmesh/pkg/otel/otel.go:25.72,27.2 1 0
servmesh/pkg/client/client.go:55.82,76.2 2 0
servmesh/pkg/client/client.go:78.78,79.30 1 0
servmesh/pkg/client/client.go:79.30,81.3 1 0
servmesh/pkg/client/client.go:83.2,85.16 3 0
servmesh/pkg/client/client.go:85.16,87.3 1 0
servmesh/pkg/client/client.go:88.2,88.23 1 0
servmesh/pkg/client/client.go:88.23,90.3 1 0
servmesh/pkg/client/client.go:93.2,94.20 2 0
servmesh/pkg/client/client.go:94.20,96.3 1 0
servmesh/pkg/client/client.go:97.2,97.72 1 0
servmesh/pkg/client/client.go:97.72,98.23 1 0
servmesh/pkg/client/client.go:98.23,105.4 1 0
servmesh/pkg/client/client.go:109.2,109.67 1 0
servmesh/pkg/client/client.go:109.67,111.32 2 0
servmesh/pkg/client/client.go:111.32,112.48 1 0
servmesh/pkg/client/client.go:112.48,114.5 1 0
servmesh/pkg/client/client.go:116.3,116.25 1 0
servmesh/pkg/client/client.go:116.25,118.4 1 0
servmesh/pkg/client/client.go:122.2,124.21 3 0
servmesh/pkg/client/client.go:124.21,126.3 1 0
servmesh/pkg/client/client.go:127.2,128.21 2 0
servmesh/pkg/client/client.go:128.21,130.3 1 0
servmesh/pkg/client/client.go:131.2,137.69 3 0
servmesh/pkg/client/client.go:137.69,139.3 1 0
servmesh/pkg/client/client.go:140.2,140.73 1 0
servmesh/pkg/client/client.go:140.73,147.3 1 0
servmesh/pkg/client/client.go:150.2,151.21 2 0
servmesh/pkg/client/client.go:151.21,154.3 2 0
servmesh/pkg/client/client.go:156.2,156.34 1 0
servmesh/pkg/client/client.go:156.34,158.19 2 0
servmesh/pkg/client/client.go:158.19,160.4 1 0
servmesh/pkg/client/client.go:162.3,163.41 2 0
servmesh/pkg/client/client.go:163.41,165.12 1 0
servmesh/pkg/client/client.go:169.3,170.17 2 0
servmesh/pkg/client/client.go:170.17,172.4 1 0
servmesh/pkg/client/client.go:174.3,176.25 3 0
servmesh/pkg/client/client.go:176.25,178.4 1 0
servmesh/pkg/client/client.go:179.3,180.25 2 0
servmesh/pkg/client/client.go:180.25,182.4 1 0
servmesh/pkg/client/client.go:182.9,184.4 1 0
servmesh/pkg/client/client.go:185.3,188.25 3 0
servmesh/pkg/client/client.go:188.25,190.4 1 0
servmesh/pkg/client/client.go:193.3,195.18 3 0
servmesh/pkg/client/client.go:195.18,197.4 1 0
servmesh/pkg/client/client.go:199.3,201.44 3 0
servmesh/pkg/client/client.go:201.44,204.22 3 0
servmesh/pkg/client/client.go:204.22,208.37 4 0
servmesh/pkg/client/client.go:208.37,210.6 1 0
servmesh/pkg/client/client.go:211.5,218.23 3 0
servmesh/pkg/client/client.go:218.23,220.41 2 0
servmesh/pkg/client/client.go:220.41,222.7 1 0
servmesh/pkg/client/client.go:223.6,228.7 1 0
servmesh/pkg/client/client.go:229.11,231.6 1 0
servmesh/pkg/client/client.go:232.10,234.5 1 0
servmesh/pkg/client/client.go:235.9,237.4 1 0
servmesh/pkg/client/client.go:239.3,243.22 4 0
servmesh/pkg/client/client.go:243.22,245.4 1 0
servmesh/pkg/client/client.go:245.9,247.4 1 0
servmesh/pkg/client/client.go:248.3,250.60 3 0
servmesh/pkg/client/client.go:250.60,252.4 1 0
servmesh/pkg/client/client.go:253.3,262.79 6 0
servmesh/pkg/client/client.go:262.79,264.4 1 0
servmesh/pkg/client/client.go:266.3,266.18 1 0
servmesh/pkg/client/client.go:266.18,271.4 1 0
servmesh/pkg/client/client.go:273.3,273.42 1 0
servmesh/pkg/client/client.go:273.42,276.4 2 0
servmesh/pkg/client/client.go:279.3,281.72 3 0
servmesh/pkg/client/client.go:281.72,283.4 1 0
servmesh/pkg/client/client.go:284.3,285.17 2 0
servmesh/pkg/client/client.go:285.17,288.4 2 0
servmesh/pkg/client/client.go:290.3,291.15 2 0
servmesh/pkg/client/client.go:294.2,294.105 1 0
servmesh/pkg/client/client.go:297.103,299.73 2 0
servmesh/pkg/client/client.go:299.73,303.3 3 0
servmesh/pkg/client/client.go:304.2,309.16 4 0
servmesh/pkg/client/client.go:309.16,311.3 1 0
servmesh/pkg/client/client.go:313.2,314.16 2 0
servmesh/pkg/client/client.go:314.16,316.3 1 0
servmesh/pkg/client/client.go:317.2,319.38 2 0
servmesh/pkg/client/client.go:319.38,321.3 1 0
servmesh/pkg/client/client.go:323.2,324.70 2 0
servmesh/pkg/client/client.go:324.70,326.3 1 0
servmesh/pkg/client/client.go:328.2,333.23 5 0
servmesh/pkg/client/client.go:336.94,342.31 4 0
servmesh/pkg/client/client.go:342.31,344.36 2 0
servmesh/pkg/client/client.go:344.36,346.4 1 0
servmesh/pkg/client/client.go:349.2,349.25 1 0
servmesh/pkg/client/client.go:349.25,351.3 1 0
servmesh/pkg/client/client.go:354.2,356.33 3 0
servmesh/pkg/client/client.go:356.33,357.58 1 0
servmesh/pkg/client/client.go:357.58,360.4 2 0
servmesh/pkg/client/client.go:362.2,363.18 2 0
servmesh/pkg/client/client.go:363.18,365.3 1 0
servmesh/pkg/client/client.go:368.2,369.16 2 0
servmesh/pkg/client/client.go:369.16,370.34 1 0
servmesh/pkg/client/client.go:370.34,371.71 1 0
servmesh/pkg/client/client.go:371.71,373.10 2 0
servmesh/pkg/client/client.go:375.4,375.59 1 0
servmesh/pkg/client/client.go:375.59,377.20 2 0
servmesh/pkg/client/client.go:377.20,379.11 2 0
servmesh/pkg/client/client.go:383.8,384.34 1 0
servmesh/pkg/client/client.go:384.34,385.71 1 0
servmesh/pkg/client/client.go:385.71,387.10 2 0
servmesh/pkg/client/client.go:393.2,394.33 2 0
servmesh/pkg/client/client.go:394.33,395.22 1 0
servmesh/pkg/client/client.go:395.22,397.9 2 0
servmesh/pkg/client/client.go:401.2,401.29 1 0
servmesh/pkg/client/client.go:401.29,406.3 4 0
servmesh/pkg/client/client.go:409.2,411.35 3 0
servmesh/pkg/client/client.go:411.35,413.13 2 0
servmesh/pkg/client/client.go:413.13,415.4 1 0
servmesh/pkg/client/client.go:417.3,418.52 2 0
servmesh/pkg/client/client.go:418.52,420.4 1 0
servmesh/pkg/client/client.go:421.3,421.17 1 0
servmesh/pkg/client/client.go:421.17,422.59 1 0
servmesh/pkg/client/client.go:422.59,425.5 2 0
servmesh/pkg/client/client.go:427.3,427.24 1 0
servmesh/pkg/client/client.go:427.24,429.4 1 0
servmesh/pkg/client/client.go:431.3,432.15 2 0
servmesh/pkg/client/client.go:432.15,434.4 1 0
servmesh/pkg/client/client.go:435.3,436.22 2 0
servmesh/pkg/client/client.go:440.2,442.35 3 0
servmesh/pkg/client/client.go:442.35,444.20 2 0
servmesh/pkg/client/client.go:444.20,446.4 1 0
servmesh/pkg/client/client.go:449.2,449.29 1 0
servmesh/pkg/client/client.go:452.78,457.9 4 0
servmesh/pkg/client/client.go:457.9,461.3 2 0
servmesh/pkg/client/client.go:462.2,462.16 1 0
servmesh/pkg/client/client.go:465.133,467.16 2 0
servmesh/pkg/client/client.go:467.16,469.3 1 0
servmesh/pkg/client/client.go:471.2,482.16 4 0
servmesh/pkg/client/client.go:482.16,484.3 1 0
servmesh/pkg/client/client.go:486.2,496.16 6 0
servmesh/pkg/client/client.go:496.16,498.3 1 0
servmesh/pkg/client/client.go:499.2,500.20 2 0
servmesh/pkg/client/client.go:500.20,502.3 1 0
servmesh/pkg/client/client.go:504.2,505.16 2 0
servmesh/pkg/client/client.go:505.16,507.3 1 0
servmesh/pkg/client/client.go:508.2,510.38 2 0
servmesh/pkg/client/client.go:510.38,513.3 2 0
servmesh/pkg/client/client.go:515.2,519.69 2 0
servmesh/pkg/client/client.go:519.69,521.3 1 0
servmesh/pkg/client/client.go:523.2,524.16 2 0
servmesh/pkg/client/client.go:524.16,526.3 1 0
servmesh/pkg/client/client.go:527.2,530.16 3 0
servmesh/pkg/client/client.go:530.16,532.3 1 0
servmesh/pkg/client/client.go:534.2,534.42 1 0
servmesh/pkg/client/client.go:538.127,540.16 2 0
servmesh/pkg/client/client.go:540.16,542.3 1 0
servmesh/pkg/client/client.go:544.2,545.41 2 0
servmesh/pkg/client/client.go:545.41,547.3 1 0
servmesh/pkg/client/client.go:549.2,554.90 3 0
servmesh/pkg/client/client.go:554.90,558.4 3 0
servmesh/pkg/client/client.go:561.56,568.49 2 0
servmesh/pkg/client/client.go:568.49,570.5 1 0
servmesh/pkg/client/client.go:571.4,572.14 2 0
servmesh/pkg/client/client.go:576.2,578.77 1 0
servmesh/pkg/client/client.go:578.77,582.4 3 0
servmesh/pkg/client/client.go:587.2,588.51 2 0
servmesh/pkg/client/client.go:588.51,590.3 1 0
servmesh/pkg/client/client.go:593.2,593.12 1 0
servmesh/pkg/client/client.go:593.12,596.7 3 0
servmesh/pkg/client/client.go:596.7,597.11 1 0
servmesh/pkg/client/client.go:598.22,599.11 1 0
servmesh/pkg/client/client.go:600.20,602.19 2 0
servmesh/pkg/client/client.go:602.19,606.6 3 0
servmesh/pkg/client/client.go:611.2,611.46 1 0
servmesh/pkg/client/client.go:614.108,616.73 2 0
servmesh/pkg/client/client.go:616.73,620.3 3 0
servmesh/pkg/client/client.go:621.2,633.16 5 0
servmesh/pkg/client/client.go:633.16,635.3 1 0
servmesh/pkg/client/client.go:637.2,638.16 2 0
servmesh/pkg/client/client.go:638.16,640.3 1 0
servmesh/pkg/client/client.go:641.2,643.38 2 0
servmesh/pkg/client/client.go:643.38,645.3 1 0
servmesh/pkg/client/client.go:647.2,648.65 2 0
servmesh/pkg/client/client.go:648.65,650.3 1 0
servmesh/pkg/client/client.go:652.2,657.18 5 0
servmesh/pkg/client/client.go:660.42,662.16 2 0
servmesh/pkg/client/client.go:662.16,664.3 1 0
servmesh/pkg/client/client.go:665.2,667.16 3 0
servmesh/pkg/client/client.go:667.16,669.3 1 0
servmesh/pkg/client/client.go:670.2,672.49 3 0
servmesh/pkg/client/client.go:675.86,677.2 1 0
servmesh/pkg/client/client.go:679.144,681.16 2 0
servmesh/pkg/client/client.go:681.16,683.3 1 0
servmesh/pkg/client/client.go:684.2,691.15 4 0
servmesh/pkg/client/client.go:700.102,702.63 2 0
servmesh/pkg/client/client.go:702.63,703.59 1 0
servmesh/pkg/client/client.go:703.59,704.47 1 0
servmesh/pkg/client/client.go:704.47,706.5 1 0
servmesh/pkg/client/client.go:709.2,709.26 1 0
servmesh/pkg/client/client.go:709.26,711.3 1 0
servmesh/pkg/client/client.go:713.2,713.47 1 0
servmesh/pkg/client/client.go:713.47,714.82 1 0
servmesh/pkg/client/client.go:714.82,719.4 1 0
servmesh/pkg/client/client.go:722.2,723.16 2 0
servmesh/pkg/client/client.go:723.16,725.3 1 0
servmesh/pkg/client/client.go:726.2,726.31 1 0
servmesh/pkg/client/client.go:726.31,728.3 1 0
servmesh/pkg/client/client.go:730.2,734.28 4 0
servmesh/pkg/client/client.go:734.28,736.3 1 0
servmesh/pkg/client/client.go:738.2,742.8 1 0
servmesh/pkg/client/client.go:745.101,747.2 1 0
servmesh/pkg/client/client.go:749.102,754.11 5 0
servmesh/pkg/client/client.go:754.11,756.3 1 0
servmesh/pkg/client/client.go:757.2,757.31 1 0
servmesh/pkg/client/client.go:769.58,776.2 1 0
servmesh/pkg/client/client.go:779.37,786.29 6 0
servmesh/pkg/client/client.go:786.29,788.3 1 0
servmesh/pkg/client/client.go:789.2,791.22 2 0
servmesh/pkg/client/client.go:791.22,794.3 2 0
servmesh/pkg/client/client.go:795.2,795.14 1 0
servmesh/pkg/client/client.go:800.85,805.2 4 0
servmesh/pkg/client/client.go:807.76,812.2 4 0
servmesh/pkg/client/client.go:817.92,818.25 1 0
servmesh/pkg/client/client.go:818.25,820.3 1 0
servmesh/pkg/client/client.go:821.2,828.16 3 0
servmesh/pkg/client/client.go:828.16,830.3 1 0
servmesh/pkg/client/client.go:831.2,833.16 3 0
servmesh/pkg/client/client.go:833.16,835.3 1 0
servmesh/pkg/client/client.go:842.76,844.2 1 0
servmesh/pkg/client/client.go:846.47,848.2 1 0
servmesh/pkg/client/client.go:850.140,852.20 2 0
servmesh/pkg/client/client.go:852.20,855.3 2 0
servmesh/pkg/client/client.go:856.2,863.15 3 0
servmesh/pkg/client/client.go:873.32,874.12 1 0
servmesh/pkg/client/client.go:874.12,878.7 4 0
servmesh/pkg/client/client.go:878.7,879.11 1 0
servmesh/pkg/client/client.go:880.20,881.16 1 0
servmesh/pkg/client/client.go:882.22,883.11 1 0
servmesh/pkg/client/client.go:889.34,892.16 3 0
servmesh/pkg/client/client.go:892.16,895.3 2 0
servmesh/pkg/client/client.go:896.2,897.33 2 0
servmesh/pkg/client/client.go:897.33,899.63 2 0
servmesh/pkg/client/client.go:899.63,901.4 1 0
servmesh/pkg/client/client.go:902.3,902.57 1 0
servmesh/pkg/client/client.go:904.2,904.52 1 0
servmesh/pkg/client/client.go:907.65,909.2 1 0
servmesh/pkg/client/client.go:911.32,913.2 1 0
servmesh/pkg/client/client.go:915.76,916.153 1 0
servmesh/pkg/client/client.go:916.153,919.41 3 0
servmesh/pkg/client/client.go:919.41,921.4 1 0
servmesh/pkg/client/client.go:923.3,927.17 4 0
servmesh/pkg/client/client.go:927.17,930.4 2 0
servmesh/pkg/client/client.go:930.9,933.4 2 0
servmesh/pkg/client/client.go:934.3,934.13 1 0
servmesh/pkg/resilience/breaker.go:17.32,18.11 1 0
servmesh/pkg/resilience/breaker.go:19.14,20.18 1 0
servmesh/pkg/resilience/breaker.go:21.12,22.16 1 0
servmesh/pkg/resilience/breaker.go:23.16,24.21 1 0
servmesh/pkg/resilience/breaker.go:25.10,26.19 1 0
servmesh/pkg/resilience/breaker.go:41.79,48.2 1 0
servmesh/pkg/resilience/breaker.go:50.41,54.22 3 0
servmesh/pkg/resilience/breaker.go:54.22,55.48 1 0
servmesh/pkg/resilience/breaker.go:55.48,59.4 3 0
servmesh/pkg/resilience/breaker.go:60.3,60.24 1 0
servmesh/pkg/resilience/breaker.go:63.2,63.12 1 0
servmesh/pkg/resilience/breaker.go:66.37,70.45 3 0
servmesh/pkg/resilience/breaker.go:70.45,74.3 3 0
servmesh/pkg/resilience/breaker.go:77.37,82.55 4 0
servmesh/pkg/resilience/breaker.go:82.55,85.3 2 0
servmesh/pkg/resilience/breaker.go:85.8,85.33 1 0
servmesh/pkg/resilience/breaker.go:85.33,88.3 2 0
servmesh/pkg/resilience/breaker.go:91.41,95.2 3 0
servmesh/pkg/registry/registry.go:90.47,103.2 5 0
servmesh/pkg/registry/registry.go:105.37,107.16 2 0
servmesh/pkg/registry/registry.go:107.16,109.3 1 0
servmesh/pkg/registry/registry.go:110.2,127.16 5 0
servmesh/pkg/registry/registry.go:127.16,129.3 1 0
servmesh/pkg/registry/registry.go:131.2,132.16 2 0
servmesh/pkg/registry/registry.go:132.16,134.3 1 0
servmesh/pkg/registry/registry.go:135.2,135.19 1 0
servmesh/pkg/registry/registry.go:138.44,147.32 7 0
servmesh/pkg/registry/registry.go:147.32,148.39 1 0
servmesh/pkg/registry/registry.go:148.39,151.9 3 0
servmesh/pkg/registry/registry.go:154.2,154.12 1 0
servmesh/pkg/registry/registry.go:154.12,156.3 1 0
servmesh/pkg/registry/registry.go:157.2,157.29 1 0
servmesh/pkg/registry/registry.go:160.60,166.9 5 0
servmesh/pkg/registry/registry.go:166.9,168.3 1 0
servmesh/pkg/registry/registry.go:170.2,170.32 1 0
servmesh/pkg/registry/registry.go:170.32,171.34 1 0
servmesh/pkg/registry/registry.go:171.34,175.4 3 0
servmesh/pkg/registry/registry.go:177.2,177.14 1 0
servmesh/pkg/registry/registry.go:180.55,189.2 7 0
servmesh/pkg/registry/registry.go:191.69,199.28 6 0
servmesh/pkg/registry/registry.go:199.28,200.61 1 0
servmesh/pkg/registry/registry.go:200.61,202.4 1 0
servmesh/pkg/registry/registry.go:205.2,205.23 1 0
servmesh/pkg/registry/registry.go:205.23,207.3 1 0
servmesh/pkg/registry/registry.go:209.2,211.16 3 0
servmesh/pkg/registry/registry.go:214.71,222.28 6 0
servmesh/pkg/registry/registry.go:222.28,223.47 1 0
servmesh/pkg/registry/registry.go:223.47,225.4 1 0
servmesh/pkg/registry/registry.go:228.2,228.24 1 0
servmesh/pkg/registry/registry.go:228.24,230.3 1 0
servmesh/pkg/registry/registry.go:233.2,235.16 3 0
servmesh/pkg/registry/registry.go:240.55,245.2 4 0
servmesh/pkg/registry/registry.go:247.28,252.41 4 0
servmesh/pkg/registry/registry.go:252.41,254.29 2 0
servmesh/pkg/registry/registry.go:254.29,255.39 1 0
servmesh/pkg/registry/registry.go:255.39,257.5 1 0
servmesh/pkg/registry/registry.go:259.3,259.23 1 0
servmesh/pkg/registry/registry.go:259.23,261.4 1 0
servmesh/pkg/registry/registry.go:261.9,263.4 1 0
servmesh/pkg/registry/registry.go:267.62,269.21 2 0
servmesh/pkg/registry/registry.go:269.21,271.3 1 0
servmesh/pkg/registry/registry.go:274.43,280.75 5 0
servmesh/pkg/registry/registry.go:280.75,283.3 2 0
servmesh/pkg/registry/registry.go:285.2,285.75 1 0
servmesh/pkg/registry/registry.go:285.75,286.35 1 0
servmesh/pkg/registry/registry.go:286.35,289.4 2 0
servmesh/pkg/registry/registry.go:290.3,290.22 1 0
servmesh/pkg/registry/registry.go:290.22,293.4 2 0
servmesh/pkg/registry/registry.go:294.3,296.17 3 0
servmesh/pkg/registry/registry.go:299.2,299.76 1 0
servmesh/pkg/registry/registry.go:299.76,300.36 1 0
servmesh/pkg/registry/registry.go:300.36,303.4 2 0
servmesh/pkg/registry/registry.go:304.3,304.44 1 0
servmesh/pkg/registry/registry.go:304.44,307.4 2 0
servmesh/pkg/registry/registry.go:309.3,313.65 2 0
servmesh/pkg/registry/registry.go:313.65,316.4 2 0
servmesh/pkg/registry/registry.go:318.3,319.58 2 0
servmesh/pkg/registry/registry.go:319.58,322.4 2 0
servmesh/pkg/registry/registry.go:324.3,325.17 2 0
servmesh/pkg/registry/registry.go:325.17,328.4 2 0
servmesh/pkg/registry/registry.go:330.3,330.46 1 0
servmesh/pkg/registry/registry.go:330.46,333.4 2 0
servmesh/pkg/registry/registry.go:335.3,350.17 4 0
servmesh/pkg/registry/registry.go:350.17,353.4 2 0
servmesh/pkg/registry/registry.go:355.3,362.5 4 0
servmesh/pkg/registry/registry.go:365.2,365.81 1 0
servmesh/pkg/registry/registry.go:365.81,366.36 1 0
servmesh/pkg/registry/registry.go:366.36,369.4 2 0
servmesh/pkg/registry/registry.go:370.3,371.65 2 0
servmesh/pkg/registry/registry.go:371.65,374.4 2 0
servmesh/pkg/registry/registry.go:375.3,375.47 1 0
servmesh/pkg/registry/registry.go:375.47,378.4 2 0
servmesh/pkg/registry/registry.go:379.3,381.42 3 0
servmesh/pkg/registry/registry.go:384.2,384.82 1 0
servmesh/pkg/registry/registry.go:384.82,385.36 1 0
servmesh/pkg/registry/registry.go:385.36,388.4 2 0
servmesh/pkg/registry/registry.go:389.3,393.65 2 0
servmesh/pkg/registry/registry.go:393.65,396.4 2 0
servmesh/pkg/registry/registry.go:397.3,397.46 1 0
servmesh/pkg/registry/registry.go:397.46,400.4 2 0
servmesh/pkg/registry/registry.go:400.9,402.4 1 0
servmesh/pkg/registry/registry.go:405.2,405.81 1 0
servmesh/pkg/registry/registry.go:405.81,406.35 1 0
servmesh/pkg/registry/registry.go:406.35,409.4 2 0
servmesh/pkg/registry/registry.go:410.3,411.21 2 0
servmesh/pkg/registry/registry.go:411.21,414.4 2 0
servmesh/pkg/registry/registry.go:415.3,419.20 5 0
servmesh/pkg/registry/registry.go:419.20,421.4 1 0
servmesh/pkg/registry/registry.go:421.9,421.26 1 0
servmesh/pkg/registry/registry.go:421.26,423.4 1 0
servmesh/pkg/registry/registry.go:423.9,425.4 1 0
servmesh/pkg/registry/registry.go:427.3,428.39 2 0
servmesh/pkg/registry/registry.go:431.2,431.82 1 0
servmesh/pkg/registry/registry.go:431.82,432.35 1 0
servmesh/pkg/registry/registry.go:432.35,435.4 2 0
servmesh/pkg/registry/registry.go:436.3,438.36 3 0
servmesh/pkg/registry/registry.go:438.36,440.4 1 0
servmesh/pkg/registry/registry.go:441.3,444.42 3 0
servmesh/pkg/registry/registry.go:447.2,447.78 1 0
servmesh/pkg/registry/registry.go:447.78,451.21 3 0
servmesh/pkg/registry/registry.go:452.23,455.10 3 0
servmesh/pkg/registry/registry.go:456.24,458.66 2 0
servmesh/pkg/registry/registry.go:458.66,461.5 2 0
servmesh/pkg/registry/registry.go:462.4,462.26 1 0
servmesh/pkg/registry/registry.go:462.26,465.5 2 0
servmesh/pkg/registry/registry.go:466.4,469.10 4 0
servmesh/pkg/registry/registry.go:470.11,471.68 1 0
servmesh/pkg/registry/registry.go:475.2,475.79 1 0
servmesh/pkg/registry/registry.go:475.79,476.35 1 0
servmesh/pkg/registry/registry.go:476.35,479.4 2 0
servmesh/pkg/registry/registry.go:480.3,481.21 2 0
servmesh/pkg/registry/registry.go:481.21,484.4 2 0
servmesh/pkg/registry/registry.go:485.3,491.10 5 0
servmesh/pkg/registry/registry.go:491.10,499.4 1 0
servmesh/pkg/registry/registry.go:501.3,502.34 2 0
servmesh/pkg/registry/registry.go:505.2,505.81 1 0
servmesh/pkg/registry/registry.go:505.81,509.21 3 0
servmesh/pkg/registry/registry.go:510.23,513.10 3 0
servmesh/pkg/registry/registry.go:514.24,516.68 2 0
servmesh/pkg/registry/registry.go:516.68,519.5 2 0
servmesh/pkg/registry/registry.go:520.4,520.64 1 0
servmesh/pkg/registry/registry.go:520.64,523.5 2 0
servmesh/pkg/registry/registry.go:524.4,527.10 4 0
servmesh/pkg/registry/registry.go:528.11,529.68 1 0
servmesh/pkg/registry/registry.go:538.2,538.85 1 0
servmesh/pkg/registry/registry.go:538.85,539.36 1 0
servmesh/pkg/registry/registry.go:539.36,542.4 2 0
servmesh/pkg/registry/registry.go:543.3,548.65 2 0
servmesh/pkg/registry/registry.go:548.65,551.4 2 0
servmesh/pkg/registry/registry.go:552.3,552.41 1 0
servmesh/pkg/registry/registry.go:552.41,555.4 2 0
servmesh/pkg/registry/registry.go:556.3,559.22 4 0
servmesh/pkg/registry/registry.go:559.22,561.4 1 0
servmesh/pkg/registry/registry.go:561.9,563.4 1 0
servmesh/pkg/registry/registry.go:564.3,564.36 1 0
servmesh/pkg/registry/registry.go:570.2,570.85 1 0
servmesh/pkg/registry/registry.go:570.85,571.36 1 0
servmesh/pkg/registry/registry.go:571.36,574.4 2 0
servmesh/pkg/registry/registry.go:575.3,579.65 2 0
servmesh/pkg/registry/registry.go:579.65,582.4 2 0
servmesh/pkg/registry/registry.go:583.3,585.15 3 0
servmesh/pkg/registry/registry.go:585.15,587.4 1 0
servmesh/pkg/registry/registry.go:587.9,589.4 1 0
servmesh/pkg/registry/registry.go:590.3,590.67 1 0
servmesh/pkg/registry/registry.go:596.2,596.84 1 0
servmesh/pkg/registry/registry.go:596.84,597.36 1 0
servmesh/pkg/registry/registry.go:597.36,600.4 2 0
servmesh/pkg/registry/registry.go:601.3,606.65 2 0
servmesh/pkg/registry/registry.go:606.65,609.4 2 0
servmesh/pkg/registry/registry.go:610.3,613.9 4 0
servmesh/pkg/registry/registry.go:613.9,616.4 2 0
servmesh/pkg/registry/registry.go:616.9,619.4 2 0
servmesh/pkg/registry/registry.go:624.2,624.84 1 0
servmesh/pkg/registry/registry.go:624.84,625.35 1 0
servmesh/pkg/registry/registry.go:625.35,628.4 2 0
servmesh/pkg/registry/registry.go:629.3,630.16 2 0
servmesh/pkg/registry/registry.go:630.16,633.4 2 0
servmesh/pkg/registry/registry.go:634.3,636.9 3 0
servmesh/pkg/registry/registry.go:636.9,639.4 2 0
servmesh/pkg/registry/registry.go:639.9,642.4 2 0
servmesh/pkg/registry/registry.go:647.2,647.82 1 0
servmesh/pkg/registry/registry.go:647.82,648.35 1 0
servmesh/pkg/registry/registry.go:648.35,651.4 2 0
servmesh/pkg/registry/registry.go:652.3,655.37 4 0
servmesh/pkg/registry/registry.go:662.2,662.87 1 0
servmesh/pkg/registry/registry.go:662.87,663.36 1 0
servmesh/pkg/registry/registry.go:663.36,666.4 2 0
servmesh/pkg/registry/registry.go:667.3,668.62 2 0
servmesh/pkg/registry/registry.go:668.62,671.4 2 0
servmesh/pkg/registry/registry.go:672.3,672.41 1 0
servmesh/pkg/registry/registry.go:672.41,675.4 2 0
servmesh/pkg/registry/registry.go:676.3,678.37 3 0
servmesh/pkg/registry/registry.go:683.2,683.81 1 0
servmesh/pkg/registry/registry.go:683.81,684.35 1 0
servmesh/pkg/registry/registry.go:684.35,687.4 2 0
servmesh/pkg/registry/registry.go:688.3,692.38 4 0
servmesh/pkg/registry/registry.go:692.38,693.43 1 0
servmesh/pkg/registry/registry.go:693.43,694.13 1 0
servmesh/pkg/registry/registry.go:696.4,696.30 1 0
servmesh/pkg/registry/registry.go:696.30,706.51 2 0
servmesh/pkg/registry/registry.go:706.51,710.52 4 0
servmesh/pkg/registry/registry.go:710.52,712.7 1 0
servmesh/pkg/registry/registry.go:712.12,714.7 1 0
servmesh/pkg/registry/registry.go:716.5,716.37 1 0
servmesh/pkg/registry/registry.go:719.3,722.37 3 0
servmesh/pkg/registry/registry.go:725.2,725.39 1 0
servmesh/pkg/registry/registry.go:728.45,731.16 3 0
servmesh/pkg/registry/registry.go:731.16,733.3 1 0
servmesh/pkg/registry/registry.go:735.2,735.17 1 0
servmesh/pkg/registry/registry.go:735.17,737.17 2 0
servmesh/pkg/registry/registry.go:737.17,739.4 1 0
servmesh/pkg/registry/registry.go:742.2,742.17 1 0
servmesh/pkg/registry/registry.go:742.17,744.3 1 0
servmesh/pkg/registry/registry.go:745.2,746.12 2 0
servmesh/pkg/registry/registry.go:746.12,748.7 2 0
servmesh/pkg/registry/registry.go:748.7,750.18 2 0
servmesh/pkg/registry/registry.go:750.18,752.5 1 0
servmesh/pkg/registry/registry.go:753.4,759.59 2 0
servmesh/pkg/registry/registry.go:759.59,760.58 1 0
servmesh/pkg/registry/registry.go:760.58,766.6 1 0
servmesh/pkg/registry/registry.go:766.11,766.38 1 0
servmesh/pkg/registry/registry.go:766.38,769.39 3 0
servmesh/pkg/registry/registry.go:769.39,771.7 1 0
servmesh/pkg/registry/registry.go:772.6,774.37 2 0
servmesh/pkg/registry/registry.go:774.37,788.7 3 0
servmesh/pkg/registry/registry.go:795.37,796.28 1 0
servmesh/pkg/registry/registry.go:796.28,798.3 1 0
servmesh/pkg/registry/registry.go:799.2,800.16 2 0
servmesh/pkg/registry/registry.go:800.16,802.3 1 0
servmesh/pkg/registry/registry.go:803.2,805.47 3 0
servmesh/pkg/registry/registry.go:808.28,811.28 3 0
servmesh/pkg/registry/registry.go:811.28,814.3 2 0
servmesh/pkg/registry/registry.go:815.2,815.20 1 0
servmesh/pkg/registry/registry.go:815.20,817.3 1 0
servmesh/pkg/registry/registry.go:820.76,826.32 5 0
servmesh/pkg/registry/registry.go:826.32,828.3 1 0
servmesh/pkg/registry/registry.go:830.2,831.26 2 0
servmesh/pkg/registry/registry.go:831.26,832.49 1 0
servmesh/pkg/registry/registry.go:832.49,833.32 1 0
servmesh/pkg/registry/registry.go:833.32,835.5 1 0
servmesh/pkg/registry/registry.go:836.4,836.43 1 0
servmesh/pkg/registry/registry.go:836.43,837.59 1 0
servmesh/pkg/registry/registry.go:837.59,839.6 1 0
servmesh/pkg/registry/registry.go:843.2,843.14 1 0
servmesh/pkg/pb/mesh.go:12.57,14.2 1 0
servmesh/pkg/pb/mesh.go:16.62,18.2 1 0
servmesh/pkg/pb/mesh.go:20.32,22.2 1 0
servmesh/pkg/pb/mesh.go:24.13,26.2 1 0
servmesh/pkg/pb/mesh.go:49.74,51.2 1 0
servmesh/pkg/pb/mesh.go:53.123,57.16 4 0
servmesh/pkg/pb/mesh.go:57.16,59.3 1 0
servmesh/pkg/pb/mesh.go:60.2,60.17 1 0
servmesh/pkg/pb/mesh.go:67.80,69.2 1 0
servmesh/pkg/pb/mesh.go:77.147,79.35 2 0
servmesh/pkg/pb/mesh.go:79.35,81.6 1 0
servmesh/pkg/pb/mesh.go:82.5,82.27 1 0
servmesh/pkg/pb/mesh.go:82.27,84.6 1 0
servmesh/pkg/pb/mesh.go:85.5,89.80 2 0
servmesh/pkg/pb/mesh.go:89.80,91.6 1 0
servmesh/pkg/pb/mesh.go:92.5,92.47 1 0
