mode: set
servstore/pkg/ratelimit/limiter.go:28.40,30.18 2 1
servstore/pkg/ratelimit/limiter.go:30.18,32.3 1 1
servstore/pkg/ratelimit/limiter.go:33.2,34.24 2 1
servstore/pkg/ratelimit/limiter.go:34.24,36.3 1 1
servstore/pkg/ratelimit/limiter.go:37.2,37.20 1 1
servstore/pkg/ratelimit/limiter.go:42.31,47.18 5 1
servstore/pkg/ratelimit/limiter.go:47.18,49.3 1 1
servstore/pkg/ratelimit/limiter.go:50.2,51.13 2 1
servstore/pkg/ratelimit/limiter.go:55.39,58.16 3 1
servstore/pkg/ratelimit/limiter.go:58.16,60.3 1 0
servstore/pkg/ratelimit/limiter.go:61.2,62.12 2 1
servstore/pkg/ratelimit/limiter.go:62.12,64.3 1 0
servstore/pkg/ratelimit/limiter.go:65.2,65.11 1 1
servstore/pkg/ratelimit/limiter.go:77.42,82.2 1 1
servstore/pkg/ratelimit/limiter.go:85.56,86.43 1 1
servstore/pkg/ratelimit/limiter.go:86.43,88.3 1 1
servstore/pkg/ratelimit/limiter.go:89.2,96.25 3 1
servstore/pkg/ratelimit/limiter.go:101.47,103.2 1 1
servstore/pkg/ratelimit/limiter.go:107.56,110.14 3 1
servstore/pkg/ratelimit/limiter.go:110.14,112.3 1 1
servstore/pkg/ratelimit/limiter.go:113.2,113.13 1 1
servstore/pkg/ratelimit/limiter.go:118.61,124.24 6 1
servstore/pkg/ratelimit/limiter.go:124.24,126.3 1 0
servstore/pkg/ratelimit/limiter.go:130.43,132.2 1 1
servstore/pkg/auth/auth.go:29.79,32.58 3 0
servstore/pkg/auth/auth.go:32.58,35.3 2 0
servstore/pkg/auth/auth.go:35.8,35.47 1 0
servstore/pkg/auth/auth.go:35.47,40.3 3 0
servstore/pkg/auth/auth.go:40.8,44.3 2 0
servstore/pkg/auth/auth.go:46.2,50.3 1 0
servstore/pkg/auth/auth.go:53.67,54.19 1 0
servstore/pkg/auth/auth.go:54.19,56.3 1 0
servstore/pkg/auth/auth.go:59.55,60.22 1 0
servstore/pkg/auth/auth.go:60.22,62.3 1 0
servstore/pkg/auth/auth.go:65.40,67.2 1 0
servstore/pkg/auth/auth.go:69.40,71.2 1 0
servstore/pkg/auth/auth.go:73.50,75.2 1 0
servstore/pkg/auth/auth.go:77.44,79.2 1 0
servstore/pkg/auth/auth.go:81.42,83.2 1 0
servstore/pkg/auth/auth.go:85.61,86.17 1 0
servstore/pkg/auth/auth.go:86.17,88.3 1 0
servstore/pkg/auth/auth.go:90.2,91.45 2 0
servstore/pkg/auth/auth.go:91.45,93.9 2 0
servstore/pkg/auth/auth.go:93.9,95.4 1 0
servstore/pkg/auth/auth.go:98.2,98.46 1 0
servstore/pkg/auth/auth.go:98.46,101.17 3 0
servstore/pkg/auth/auth.go:101.17,103.4 1 0
servstore/pkg/auth/auth.go:106.2,106.50 1 0
servstore/pkg/auth/auth.go:106.50,108.17 2 0
servstore/pkg/auth/auth.go:108.17,110.4 1 0
servstore/pkg/auth/auth.go:113.2,113.56 1 0
servstore/pkg/auth/auth.go:113.56,115.30 2 0
servstore/pkg/auth/auth.go:115.30,117.46 2 0
servstore/pkg/auth/auth.go:117.46,120.27 3 0
servstore/pkg/auth/auth.go:120.27,122.6 1 0
servstore/pkg/auth/auth.go:127.2,127.75 1 0
servstore/pkg/auth/auth.go:127.75,129.25 2 0
servstore/pkg/auth/auth.go:129.25,131.4 1 0
servstore/pkg/auth/auth.go:134.2,134.11 1 0
servstore/pkg/auth/auth.go:139.61,140.17 1 0
servstore/pkg/auth/auth.go:140.17,142.3 1 0
servstore/pkg/auth/auth.go:144.2,145.45 2 0
servstore/pkg/auth/auth.go:145.45,147.9 2 0
servstore/pkg/auth/auth.go:147.9,150.4 2 0
servstore/pkg/auth/auth.go:153.2,153.46 1 0
servstore/pkg/auth/auth.go:153.46,157.3 3 0
servstore/pkg/auth/auth.go:160.2,160.50 1 0
servstore/pkg/auth/auth.go:160.50,162.17 2 0
servstore/pkg/auth/auth.go:162.17,164.4 1 0
servstore/pkg/auth/auth.go:167.2,167.22 1 0
servstore/pkg/auth/auth.go:167.22,170.23 2 0
servstore/pkg/auth/auth.go:170.23,172.4 1 0
servstore/pkg/auth/auth.go:173.3,173.36 1 0
servstore/pkg/auth/auth.go:176.2,176.48 1 0
servstore/pkg/auth/auth.go:181.88,183.48 1 0
servstore/pkg/auth/auth.go:183.48,184.25 1 0
servstore/pkg/auth/auth.go:184.25,193.4 2 0
servstore/pkg/auth/auth.go:197.2,197.26 1 0
servstore/pkg/auth/auth.go:197.26,199.17 2 0
servstore/pkg/auth/auth.go:199.17,201.4 1 0
servstore/pkg/auth/auth.go:202.3,202.9 1 0
servstore/pkg/auth/auth.go:202.9,210.4 2 0
servstore/pkg/auth/auth.go:213.2,213.46 1 0
servstore/pkg/auth/auth.go:216.33,219.2 2 0
servstore/pkg/auth/auth.go:221.33,223.2 1 0
servstore/pkg/auth/auth.go:225.49,229.2 3 0
servstore/pkg/auth/auth.go:231.88,232.57 1 0
servstore/pkg/auth/auth.go:232.57,234.3 1 0
servstore/pkg/auth/auth.go:236.2,238.29 3 0
servstore/pkg/auth/auth.go:238.29,240.45 2 0
servstore/pkg/auth/auth.go:240.45,242.4 1 0
servstore/pkg/auth/auth.go:242.9,242.55 1 0
servstore/pkg/auth/auth.go:242.55,244.4 1 0
servstore/pkg/auth/auth.go:244.9,244.51 1 0
servstore/pkg/auth/auth.go:244.51,246.4 1 0
servstore/pkg/auth/auth.go:249.2,249.76 1 0
servstore/pkg/auth/auth.go:249.76,251.3 1 0
servstore/pkg/auth/auth.go:253.2,254.24 2 0
servstore/pkg/auth/auth.go:254.24,256.3 1 0
servstore/pkg/auth/auth.go:257.2,263.9 6 0
servstore/pkg/auth/auth.go:263.9,265.3 1 0
servstore/pkg/auth/auth.go:268.2,270.15 3 0
servstore/pkg/auth/auth.go:270.15,272.3 1 0
servstore/pkg/auth/auth.go:274.2,276.29 3 0
servstore/pkg/auth/auth.go:276.29,277.49 1 0
servstore/pkg/auth/auth.go:277.49,278.12 1 0
servstore/pkg/auth/auth.go:280.3,280.35 1 0
servstore/pkg/auth/auth.go:282.2,284.30 3 0
servstore/pkg/auth/auth.go:284.30,286.28 2 0
servstore/pkg/auth/auth.go:286.28,288.4 1 0
servstore/pkg/auth/auth.go:290.2,294.38 4 0
servstore/pkg/auth/auth.go:294.38,297.23 3 0
servstore/pkg/auth/auth.go:297.23,299.4 1 0
servstore/pkg/auth/auth.go:299.9,301.4 1 0
servstore/pkg/auth/auth.go:302.3,302.87 1 0
servstore/pkg/auth/auth.go:305.2,306.23 2 0
servstore/pkg/auth/auth.go:306.23,308.3 1 0
servstore/pkg/auth/auth.go:310.2,320.19 3 0
servstore/pkg/auth/auth.go:320.19,322.3 1 0
servstore/pkg/auth/auth.go:324.2,339.71 7 0
servstore/pkg/auth/auth.go:342.68,344.37 2 0
servstore/pkg/auth/auth.go:344.37,346.3 1 0
servstore/pkg/auth/auth.go:348.2,354.78 6 0
servstore/pkg/auth/auth.go:354.78,356.3 1 0
servstore/pkg/auth/auth.go:359.2,359.19 1 0
servstore/pkg/auth/auth.go:359.19,361.17 2 0
servstore/pkg/auth/auth.go:361.17,363.4 1 0
servstore/pkg/auth/auth.go:365.3,366.17 2 0
servstore/pkg/auth/auth.go:366.17,368.4 1 0
servstore/pkg/auth/auth.go:369.3,369.77 1 0
servstore/pkg/auth/auth.go:369.77,371.4 1 0
servstore/pkg/auth/auth.go:374.2,375.24 2 0
servstore/pkg/auth/auth.go:375.24,377.3 1 0
servstore/pkg/auth/auth.go:378.2,384.9 6 0
servstore/pkg/auth/auth.go:384.9,386.3 1 0
servstore/pkg/auth/auth.go:388.2,390.15 3 0
servstore/pkg/auth/auth.go:390.15,392.3 1 0
servstore/pkg/auth/auth.go:394.2,396.29 3 0
servstore/pkg/auth/auth.go:396.29,397.29 1 0
servstore/pkg/auth/auth.go:397.29,398.12 1 0
servstore/pkg/auth/auth.go:400.3,400.35 1 0
servstore/pkg/auth/auth.go:402.2,404.30 3 0
servstore/pkg/auth/auth.go:404.30,406.28 2 0
servstore/pkg/auth/auth.go:406.28,408.4 1 0
servstore/pkg/auth/auth.go:410.2,414.38 4 0
servstore/pkg/auth/auth.go:414.38,417.23 3 0
servstore/pkg/auth/auth.go:417.23,419.4 1 0
servstore/pkg/auth/auth.go:419.9,421.4 1 0
servstore/pkg/auth/auth.go:422.3,422.87 1 0
servstore/pkg/auth/auth.go:425.2,448.67 8 0
servstore/pkg/auth/auth.go:451.33,452.33 1 0
servstore/pkg/auth/auth.go:452.33,453.38 1 0
servstore/pkg/auth/auth.go:453.38,454.25 1 0
servstore/pkg/auth/auth.go:454.25,456.5 1 0
servstore/pkg/auth/auth.go:461.34,463.30 2 0
servstore/pkg/auth/auth.go:463.30,465.22 2 0
servstore/pkg/auth/auth.go:465.22,467.4 1 0
servstore/pkg/auth/auth.go:469.2,469.19 1 0
servstore/pkg/auth/auth.go:469.19,471.3 1 0
servstore/pkg/auth/auth.go:472.2,474.30 3 0
servstore/pkg/auth/auth.go:474.30,476.22 2 0
servstore/pkg/auth/auth.go:476.22,481.4 4 0
servstore/pkg/auth/auth.go:481.9,484.4 2 0
servstore/pkg/auth/auth.go:486.2,486.18 1 0
servstore/pkg/auth/auth.go:489.32,490.74 1 0
servstore/pkg/auth/auth.go:490.74,492.3 1 0
servstore/pkg/auth/auth.go:493.2,493.11 1 0
servstore/pkg/auth/auth.go:494.26,495.15 1 0
servstore/pkg/auth/auth.go:497.2,497.13 1 0
servstore/pkg/auth/auth.go:500.64,501.35 1 0
servstore/pkg/auth/auth.go:501.35,503.3 1 0
servstore/pkg/auth/auth.go:504.2,504.35 1 0
servstore/pkg/auth/auth.go:510.122,567.2 25 0
servstore/pkg/auth/jwt.go:26.39,28.2 1 1
servstore/pkg/auth/jwt.go:31.48,33.2 1 1
servstore/pkg/auth/jwt.go:36.69,43.16 3 1
servstore/pkg/auth/jwt.go:43.16,45.3 1 0
servstore/pkg/auth/jwt.go:47.2,48.16 2 1
servstore/pkg/auth/jwt.go:48.16,50.3 1 0
servstore/pkg/auth/jwt.go:52.2,61.44 7 1
servstore/pkg/auth/jwt.go:65.72,67.21 2 1
servstore/pkg/auth/jwt.go:67.21,69.3 1 0
servstore/pkg/auth/jwt.go:71.2,80.16 7 1
servstore/pkg/auth/jwt.go:80.16,82.3 1 0
servstore/pkg/auth/jwt.go:84.2,84.53 1 1
servstore/pkg/auth/jwt.go:84.53,86.3 1 1
servstore/pkg/auth/jwt.go:89.2,90.16 2 1
servstore/pkg/auth/jwt.go:90.16,92.3 1 0
servstore/pkg/auth/jwt.go:94.2,95.62 2 1
servstore/pkg/auth/jwt.go:95.62,97.3 1 0
servstore/pkg/auth/jwt.go:100.2,100.42 1 1
servstore/pkg/auth/jwt.go:100.42,102.3 1 1
servstore/pkg/auth/jwt.go:104.2,104.21 1 1
servstore/pkg/auth/ldap.go:17.60,22.2 1 0
servstore/pkg/auth/ldap.go:25.77,26.18 1 0
servstore/pkg/auth/ldap.go:26.18,28.3 1 0
servstore/pkg/auth/ldap.go:30.2,31.16 2 0
servstore/pkg/auth/ldap.go:31.16,33.3 1 0
servstore/pkg/auth/ldap.go:35.2,36.34 2 0
servstore/pkg/auth/ldap.go:36.34,37.26 1 0
servstore/pkg/auth/ldap.go:37.26,39.4 1 0
servstore/pkg/auth/ldap.go:39.9,41.4 1 0
servstore/pkg/auth/ldap.go:44.2,45.25 2 0
servstore/pkg/auth/ldap.go:45.25,49.3 1 0
servstore/pkg/auth/ldap.go:49.8,51.3 1 0
servstore/pkg/auth/ldap.go:53.2,53.16 1 0
servstore/pkg/auth/ldap.go:53.16,55.3 1 0
servstore/pkg/auth/ldap.go:56.2,61.43 3 0
servstore/pkg/auth/ldap.go:61.43,63.3 1 0
servstore/pkg/auth/ldap.go:63.8,65.3 1 0
servstore/pkg/auth/ldap.go:68.2,69.16 2 0
servstore/pkg/auth/ldap.go:69.16,70.67 1 0
servstore/pkg/auth/ldap.go:70.67,72.4 1 0
servstore/pkg/auth/ldap.go:73.3,73.20 1 0
servstore/pkg/auth/ldap.go:76.2,76.18 1 0
servstore/pkg/auth/oidc.go:37.48,41.2 1 0
servstore/pkg/auth/oidc.go:43.40,45.2 1 0
servstore/pkg/auth/oidc.go:47.40,49.19 2 0
servstore/pkg/auth/oidc.go:49.19,52.3 2 0
servstore/pkg/auth/oidc.go:53.2,59.19 4 0
servstore/pkg/auth/oidc.go:59.19,61.3 1 0
servstore/pkg/auth/oidc.go:63.2,68.16 5 0
servstore/pkg/auth/oidc.go:68.16,72.3 3 0
servstore/pkg/auth/oidc.go:73.2,75.38 2 0
servstore/pkg/auth/oidc.go:75.38,79.3 3 0
servstore/pkg/auth/oidc.go:81.2,82.64 2 0
servstore/pkg/auth/oidc.go:82.64,86.3 3 0
servstore/pkg/auth/oidc.go:88.2,93.12 6 0
servstore/pkg/auth/oidc.go:97.64,98.38 1 0
servstore/pkg/auth/oidc.go:98.38,100.3 1 0
servstore/pkg/auth/oidc.go:102.2,103.16 2 0
servstore/pkg/auth/oidc.go:103.16,105.3 1 0
servstore/pkg/auth/oidc.go:107.2,115.24 8 0
servstore/pkg/auth/oidc.go:126.73,127.38 1 0
servstore/pkg/auth/oidc.go:127.38,129.3 1 0
servstore/pkg/auth/oidc.go:131.2,139.16 8 0
servstore/pkg/auth/oidc.go:139.16,141.3 1 0
servstore/pkg/auth/oidc.go:142.2,147.16 5 0
servstore/pkg/auth/oidc.go:147.16,149.3 1 0
servstore/pkg/auth/oidc.go:150.2,152.38 2 0
servstore/pkg/auth/oidc.go:152.38,154.3 1 0
servstore/pkg/auth/oidc.go:156.2,157.63 2 0
servstore/pkg/auth/oidc.go:157.63,159.3 1 0
servstore/pkg/auth/oidc.go:161.2,161.17 1 0
servstore/pkg/auth/oidc.go:165.87,166.38 1 0
servstore/pkg/auth/oidc.go:166.38,168.3 1 0
servstore/pkg/auth/oidc.go:170.2,171.16 2 0
servstore/pkg/auth/oidc.go:171.16,173.3 1 0
servstore/pkg/auth/oidc.go:174.2,178.16 4 0
servstore/pkg/auth/oidc.go:178.16,180.3 1 0
servstore/pkg/auth/oidc.go:181.2,183.38 2 0
servstore/pkg/auth/oidc.go:183.38,185.3 1 0
servstore/pkg/auth/oidc.go:187.2,188.65 2 0
servstore/pkg/auth/oidc.go:188.65,190.3 1 0
servstore/pkg/auth/oidc.go:192.2,192.18 1 0
servstore/pkg/auth/policy.go:10.59,12.49 2 1
servstore/pkg/auth/policy.go:12.49,15.3 2 1
servstore/pkg/auth/policy.go:16.2,17.49 2 1
servstore/pkg/auth/policy.go:17.49,20.3 2 1
servstore/pkg/auth/policy.go:21.2,21.33 1 0
servstore/pkg/auth/policy.go:36.58,42.35 4 1
servstore/pkg/auth/policy.go:42.35,44.44 2 1
servstore/pkg/auth/policy.go:44.44,45.12 1 0
servstore/pkg/auth/policy.go:49.3,50.35 2 1
servstore/pkg/auth/policy.go:50.35,51.51 1 1
servstore/pkg/auth/policy.go:51.51,53.10 2 1
servstore/pkg/auth/policy.go:56.3,56.19 1 1
servstore/pkg/auth/policy.go:56.19,57.12 1 1
servstore/pkg/auth/policy.go:61.3,62.37 2 1
servstore/pkg/auth/policy.go:62.37,63.53 1 1
servstore/pkg/auth/policy.go:63.53,65.10 2 1
servstore/pkg/auth/policy.go:68.3,68.21 1 1
servstore/pkg/auth/policy.go:68.21,69.12 1 0
servstore/pkg/auth/policy.go:73.3,73.23 1 1
servstore/pkg/auth/policy.go:73.23,75.4 1 1
servstore/pkg/auth/policy.go:76.3,76.22 1 1
servstore/pkg/auth/policy.go:79.2,79.21 1 1
servstore/pkg/auth/policy.go:82.46,83.20 1 1
servstore/pkg/auth/policy.go:83.20,85.3 1 0
servstore/pkg/auth/policy.go:86.2,87.21 2 1
servstore/pkg/auth/policy.go:87.21,89.3 1 1
servstore/pkg/auth/policy.go:90.2,90.39 1 1
servstore/pkg/auth/policy.go:90.39,92.3 1 0
servstore/pkg/auth/policy.go:93.2,94.36 2 1
servstore/pkg/auth/policy.go:94.36,96.16 2 0
servstore/pkg/auth/policy.go:96.16,98.4 1 0
servstore/pkg/auth/policy.go:99.3,99.32 1 0
servstore/pkg/auth/policy.go:101.2,101.52 1 1
servstore/pkg/metrics/metrics.go:24.54,29.14 5 0
servstore/pkg/metrics/metrics.go:29.14,31.3 1 0
servstore/pkg/metrics/metrics.go:32.2,32.50 1 0
servstore/pkg/metrics/metrics.go:35.56,40.14 5 0
servstore/pkg/metrics/metrics.go:40.14,42.3 1 0
servstore/pkg/metrics/metrics.go:43.2,43.52 1 0
servstore/pkg/metrics/metrics.go:46.36,50.14 4 0
servstore/pkg/metrics/metrics.go:50.14,52.3 1 0
servstore/pkg/metrics/metrics.go:53.2,53.50 1 0
servstore/pkg/metrics/metrics.go:64.51,69.2 4 1
servstore/pkg/metrics/metrics.go:71.20,75.2 3 1
servstore/pkg/metrics/metrics.go:77.20,80.35 3 1
servstore/pkg/metrics/metrics.go:80.35,82.3 1 1
servstore/pkg/metrics/metrics.go:85.74,91.2 5 1
servstore/pkg/metrics/metrics.go:93.29,94.71 1 1
servstore/pkg/metrics/metrics.go:94.71,102.49 6 1
servstore/pkg/metrics/metrics.go:102.49,107.23 4 1
servstore/pkg/metrics/metrics.go:107.23,109.5 1 1
servstore/pkg/metrics/metrics.go:110.4,110.126 1 1
servstore/pkg/metrics/metrics.go:114.3,121.50 6 1
servstore/pkg/metrics/metrics.go:121.50,123.23 2 1
servstore/pkg/metrics/metrics.go:123.23,128.5 4 1
servstore/pkg/metrics/metrics.go:132.3,143.40 10 1
servstore/pkg/metrics/metrics.go:143.40,145.23 2 0
servstore/pkg/metrics/metrics.go:145.23,147.5 1 0
servstore/pkg/metrics/metrics.go:149.3,149.16 1 1
servstore/pkg/metrics/metrics.go:153.36,156.32 3 1
servstore/pkg/metrics/metrics.go:156.32,157.20 1 1
servstore/pkg/metrics/metrics.go:157.20,160.4 2 1
servstore/pkg/metrics/metrics.go:160.9,162.4 1 1
servstore/pkg/metrics/metrics.go:164.2,165.14 2 1
servstore/pkg/metrics/metrics.go:168.50,173.42 4 0
servstore/pkg/metrics/metrics.go:173.42,175.3 1 0
servstore/pkg/metrics/metrics.go:177.2,178.45 2 0
servstore/pkg/metrics/metrics.go:178.45,180.3 1 0
servstore/pkg/metrics/metrics.go:182.2,183.42 2 0
servstore/pkg/metrics/metrics.go:183.42,185.3 1 0
servstore/pkg/metrics/metrics.go:187.2,192.3 1 0
servstore/pkg/otel/otel.go:54.35,59.2 4 0
servstore/pkg/otel/otel.go:61.25,63.2 1 0
servstore/pkg/otel/otel.go:65.34,69.2 3 1
servstore/pkg/otel/otel.go:71.53,72.14 1 1
servstore/pkg/otel/otel.go:72.14,74.3 1 0
servstore/pkg/otel/otel.go:75.2,76.21 2 1
servstore/pkg/otel/otel.go:76.21,78.3 1 1
servstore/pkg/otel/otel.go:79.2,79.15 1 0
servstore/pkg/otel/otel.go:82.85,83.18 1 1
servstore/pkg/otel/otel.go:83.18,85.3 1 0
servstore/pkg/otel/otel.go:87.2,90.82 2 1
servstore/pkg/otel/otel.go:90.82,93.3 2 1
servstore/pkg/otel/otel.go:93.8,95.3 1 0
servstore/pkg/otel/otel.go:97.2,108.23 3 1
servstore/pkg/otel/otel.go:111.121,112.18 1 1
servstore/pkg/otel/otel.go:112.18,114.3 1 0
servstore/pkg/otel/otel.go:116.2,117.19 2 1
servstore/pkg/otel/otel.go:117.19,119.3 1 0
servstore/pkg/otel/otel.go:121.2,132.23 3 1
servstore/pkg/otel/otel.go:135.60,136.30 1 0
servstore/pkg/otel/otel.go:136.30,138.3 1 0
servstore/pkg/otel/otel.go:139.2,141.27 3 0
servstore/pkg/otel/otel.go:144.32,145.49 1 0
servstore/pkg/otel/otel.go:145.49,147.3 1 0
servstore/pkg/otel/otel.go:149.2,151.33 3 0
servstore/pkg/otel/otel.go:151.33,153.3 1 0
servstore/pkg/otel/otel.go:154.2,171.39 5 0
servstore/pkg/otel/otel.go:171.39,173.3 1 0
servstore/pkg/otel/otel.go:174.2,186.17 4 0
servstore/pkg/otel/otel.go:186.17,188.3 1 0
servstore/pkg/otel/otel.go:189.2,189.44 1 0
servstore/pkg/otel/otel.go:192.34,198.2 5 0
servstore/pkg/otel/otel.go:200.46,201.82 1 1
servstore/pkg/otel/otel.go:201.82,203.3 1 1
servstore/pkg/otel/otel.go:204.2,204.11 1 0
servstore/pkg/wasm/runner.go:39.104,40.21 1 1
servstore/pkg/wasm/runner.go:40.21,42.3 1 0
servstore/pkg/wasm/runner.go:43.2,43.21 1 1
servstore/pkg/wasm/runner.go:43.21,45.3 1 0
servstore/pkg/wasm/runner.go:47.2,59.70 7 1
servstore/pkg/wasm/runner.go:59.70,61.3 1 0
servstore/pkg/wasm/runner.go:63.2,75.16 6 1
servstore/pkg/wasm/runner.go:75.16,79.31 2 1
servstore/pkg/wasm/runner.go:79.31,80.31 1 0
servstore/pkg/wasm/runner.go:80.31,82.5 1 0
servstore/pkg/wasm/runner.go:84.9,86.4 1 1
servstore/pkg/wasm/runner.go:89.2,89.28 1 1
servstore/pkg/operator/controllers/bucket_controller.go:26.107,30.64 3 0
servstore/pkg/operator/controllers/bucket_controller.go:30.64,31.29 1 0
servstore/pkg/operator/controllers/bucket_controller.go:31.29,33.4 1 0
servstore/pkg/operator/controllers/bucket_controller.go:34.3,34.28 1 0
servstore/pkg/operator/controllers/bucket_controller.go:38.2,40.57 3 0
servstore/pkg/operator/controllers/bucket_controller.go:40.57,46.3 5 0
servstore/pkg/operator/controllers/bucket_controller.go:48.2,48.56 1 0
servstore/pkg/operator/controllers/bucket_controller.go:48.56,54.3 5 0
servstore/pkg/operator/controllers/bucket_controller.go:59.2,60.20 2 0
servstore/pkg/operator/controllers/bucket_controller.go:60.20,62.3 1 0
servstore/pkg/operator/controllers/bucket_controller.go:66.2,67.16 2 0
servstore/pkg/operator/controllers/bucket_controller.go:67.16,73.3 5 0
servstore/pkg/operator/controllers/bucket_controller.go:75.2,78.56 4 0
servstore/pkg/operator/controllers/bucket_controller.go:78.56,80.3 1 0
servstore/pkg/operator/controllers/bucket_controller.go:82.2,82.27 1 0
servstore/pkg/operator/controllers/bucket_controller.go:85.121,91.16 4 0
servstore/pkg/operator/controllers/bucket_controller.go:91.16,93.3 1 0
servstore/pkg/operator/controllers/bucket_controller.go:95.2,95.31 1 0
servstore/pkg/operator/controllers/bucket_controller.go:95.31,97.3 1 0
servstore/pkg/operator/controllers/bucket_controller.go:99.2,100.16 2 0
servstore/pkg/operator/controllers/bucket_controller.go:100.16,102.3 1 0
servstore/pkg/operator/controllers/bucket_controller.go:103.2,105.80 2 0
servstore/pkg/operator/controllers/bucket_controller.go:105.80,108.3 1 0
servstore/pkg/operator/controllers/bucket_controller.go:111.2,112.25 2 0
servstore/pkg/operator/controllers/bucket_controller.go:112.25,114.3 1 0
servstore/pkg/operator/controllers/bucket_controller.go:115.2,118.16 4 0
servstore/pkg/operator/controllers/bucket_controller.go:118.16,120.3 1 0
servstore/pkg/operator/controllers/bucket_controller.go:121.2,122.16 2 0
servstore/pkg/operator/controllers/bucket_controller.go:122.16,124.3 1 0
servstore/pkg/operator/controllers/bucket_controller.go:127.2,127.28 1 0
servstore/pkg/operator/controllers/bucket_controller.go:127.28,133.17 4 0
servstore/pkg/operator/controllers/bucket_controller.go:133.17,135.4 1 0
servstore/pkg/operator/controllers/bucket_controller.go:136.3,138.17 3 0
servstore/pkg/operator/controllers/bucket_controller.go:138.17,140.4 1 0
servstore/pkg/operator/controllers/bucket_controller.go:143.2,143.12 1 0
servstore/pkg/operator/controllers/bucket_controller.go:146.78,150.2 1 0
servstore/pkg/operator/controllers/cluster_controller.go:33.108,38.65 3 0
servstore/pkg/operator/controllers/cluster_controller.go:38.65,39.29 1 0
servstore/pkg/operator/controllers/cluster_controller.go:39.29,41.4 1 0
servstore/pkg/operator/controllers/cluster_controller.go:42.3,42.28 1 0
servstore/pkg/operator/controllers/cluster_controller.go:46.2,49.42 4 0
servstore/pkg/operator/controllers/cluster_controller.go:49.42,52.44 3 0
servstore/pkg/operator/controllers/cluster_controller.go:52.44,54.4 1 0
servstore/pkg/operator/controllers/cluster_controller.go:55.8,55.23 1 0
servstore/pkg/operator/controllers/cluster_controller.go:55.23,57.3 1 0
servstore/pkg/operator/controllers/cluster_controller.go:60.2,63.42 4 0
servstore/pkg/operator/controllers/cluster_controller.go:63.42,66.44 3 0
servstore/pkg/operator/controllers/cluster_controller.go:66.44,68.4 1 0
servstore/pkg/operator/controllers/cluster_controller.go:69.8,69.23 1 0
servstore/pkg/operator/controllers/cluster_controller.go:69.23,71.3 1 0
servstore/pkg/operator/controllers/cluster_controller.go:74.2,77.42 4 0
servstore/pkg/operator/controllers/cluster_controller.go:77.42,80.47 3 0
servstore/pkg/operator/controllers/cluster_controller.go:80.47,82.4 1 0
servstore/pkg/operator/controllers/cluster_controller.go:83.8,83.23 1 0
servstore/pkg/operator/controllers/cluster_controller.go:83.23,85.3 1 0
servstore/pkg/operator/controllers/cluster_controller.go:88.2,91.42 4 0
servstore/pkg/operator/controllers/cluster_controller.go:91.42,94.47 3 0
servstore/pkg/operator/controllers/cluster_controller.go:94.47,96.4 1 0
servstore/pkg/operator/controllers/cluster_controller.go:97.3,98.58 2 0
servstore/pkg/operator/controllers/cluster_controller.go:98.58,100.4 1 0
servstore/pkg/operator/controllers/cluster_controller.go:101.3,101.41 1 0
servstore/pkg/operator/controllers/cluster_controller.go:102.8,102.23 1 0
servstore/pkg/operator/controllers/cluster_controller.go:102.23,104.3 1 0
servstore/pkg/operator/controllers/cluster_controller.go:107.2,108.152 2 0
servstore/pkg/operator/controllers/cluster_controller.go:108.152,114.45 6 0
servstore/pkg/operator/controllers/cluster_controller.go:114.45,116.4 1 0
servstore/pkg/operator/controllers/cluster_controller.go:117.3,119.41 3 0
servstore/pkg/operator/controllers/cluster_controller.go:123.2,126.66 4 0
servstore/pkg/operator/controllers/cluster_controller.go:126.66,128.3 1 0
servstore/pkg/operator/controllers/cluster_controller.go:130.2,130.44 1 0
servstore/pkg/operator/controllers/cluster_controller.go:130.44,132.3 1 0
servstore/pkg/operator/controllers/cluster_controller.go:132.8,132.31 1 0
servstore/pkg/operator/controllers/cluster_controller.go:132.31,134.3 1 0
servstore/pkg/operator/controllers/cluster_controller.go:134.8,136.3 1 0
servstore/pkg/operator/controllers/cluster_controller.go:138.2,138.57 1 0
servstore/pkg/operator/controllers/cluster_controller.go:138.57,140.3 1 0
servstore/pkg/operator/controllers/cluster_controller.go:142.2,142.27 1 0
servstore/pkg/operator/controllers/cluster_controller.go:145.101,176.2 2 1
servstore/pkg/operator/controllers/cluster_controller.go:178.97,205.2 2 1
servstore/pkg/operator/controllers/cluster_controller.go:207.103,213.25 3 0
servstore/pkg/operator/controllers/cluster_controller.go:213.25,215.3 1 0
servstore/pkg/operator/controllers/cluster_controller.go:216.2,231.3 1 0
servstore/pkg/operator/controllers/cluster_controller.go:234.101,250.19 6 1
servstore/pkg/operator/controllers/cluster_controller.go:250.19,252.3 1 1
servstore/pkg/operator/controllers/cluster_controller.go:254.2,260.65 2 1
servstore/pkg/operator/controllers/cluster_controller.go:260.65,263.22 3 0
servstore/pkg/operator/controllers/cluster_controller.go:263.22,265.4 1 0
servstore/pkg/operator/controllers/cluster_controller.go:266.3,267.24 2 0
servstore/pkg/operator/controllers/cluster_controller.go:267.24,269.4 1 0
servstore/pkg/operator/controllers/cluster_controller.go:270.3,270.116 1 0
servstore/pkg/operator/controllers/cluster_controller.go:271.8,273.21 2 1
servstore/pkg/operator/controllers/cluster_controller.go:273.21,275.4 1 1
servstore/pkg/operator/controllers/cluster_controller.go:276.3,276.73 1 1
servstore/pkg/operator/controllers/cluster_controller.go:280.2,280.71 1 1
servstore/pkg/operator/controllers/cluster_controller.go:280.71,283.17 3 0
servstore/pkg/operator/controllers/cluster_controller.go:283.17,285.4 1 0
servstore/pkg/operator/controllers/cluster_controller.go:286.3,286.67 1 0
servstore/pkg/operator/controllers/cluster_controller.go:290.2,290.54 1 1
servstore/pkg/operator/controllers/cluster_controller.go:290.54,292.3 1 0
servstore/pkg/operator/controllers/cluster_controller.go:295.2,311.47 3 1
servstore/pkg/operator/controllers/cluster_controller.go:311.47,317.44 3 0
servstore/pkg/operator/controllers/cluster_controller.go:317.44,329.4 1 0
servstore/pkg/operator/controllers/cluster_controller.go:332.2,341.54 3 1
servstore/pkg/operator/controllers/cluster_controller.go:341.54,355.3 2 0
servstore/pkg/operator/controllers/cluster_controller.go:357.2,360.56 3 1
servstore/pkg/operator/controllers/cluster_controller.go:360.56,362.3 1 0
servstore/pkg/operator/controllers/cluster_controller.go:364.2,365.68 2 1
servstore/pkg/operator/controllers/cluster_controller.go:365.68,367.3 1 0
servstore/pkg/operator/controllers/cluster_controller.go:370.2,437.3 5 1
servstore/pkg/operator/controllers/cluster_controller.go:440.79,447.2 1 0
servstore/pkg/operator/controllers/credential_controller.go:30.111,34.62 3 0
servstore/pkg/operator/controllers/credential_controller.go:34.62,35.29 1 0
servstore/pkg/operator/controllers/credential_controller.go:35.29,37.4 1 0
servstore/pkg/operator/controllers/credential_controller.go:38.3,38.28 1 0
servstore/pkg/operator/controllers/credential_controller.go:42.2,44.57 3 0
servstore/pkg/operator/controllers/credential_controller.go:44.57,50.3 5 0
servstore/pkg/operator/controllers/credential_controller.go:52.2,52.56 1 0
servstore/pkg/operator/controllers/credential_controller.go:52.56,58.3 5 0
servstore/pkg/operator/controllers/credential_controller.go:61.2,63.55 3 0
servstore/pkg/operator/controllers/credential_controller.go:63.55,69.3 5 0
servstore/pkg/operator/controllers/credential_controller.go:71.2,73.44 3 0
servstore/pkg/operator/controllers/credential_controller.go:73.44,79.3 5 0
servstore/pkg/operator/controllers/credential_controller.go:81.2,82.20 2 0
servstore/pkg/operator/controllers/credential_controller.go:82.20,84.3 1 0
servstore/pkg/operator/controllers/credential_controller.go:86.2,87.20 2 0
servstore/pkg/operator/controllers/credential_controller.go:87.20,89.3 1 0
servstore/pkg/operator/controllers/credential_controller.go:92.2,93.16 2 0
servstore/pkg/operator/controllers/credential_controller.go:93.16,99.3 5 0
servstore/pkg/operator/controllers/credential_controller.go:101.2,105.54 5 0
servstore/pkg/operator/controllers/credential_controller.go:105.54,107.3 1 0
servstore/pkg/operator/controllers/credential_controller.go:109.2,109.27 1 0
servstore/pkg/operator/controllers/credential_controller.go:112.149,123.16 5 0
servstore/pkg/operator/controllers/credential_controller.go:123.16,125.3 1 0
servstore/pkg/operator/controllers/credential_controller.go:126.2,129.16 3 0
servstore/pkg/operator/controllers/credential_controller.go:129.16,131.3 1 0
servstore/pkg/operator/controllers/credential_controller.go:132.2,134.38 2 0
servstore/pkg/operator/controllers/credential_controller.go:134.38,136.3 1 0
servstore/pkg/operator/controllers/credential_controller.go:138.2,138.12 1 0
servstore/pkg/operator/controllers/credential_controller.go:141.42,142.18 1 0
servstore/pkg/operator/controllers/credential_controller.go:142.18,144.3 1 0
servstore/pkg/operator/controllers/credential_controller.go:145.2,145.15 1 0
servstore/pkg/operator/controllers/credential_controller.go:148.82,153.2 1 0
servstore/pkg/web/errors.go:15.98,17.14 2 0
servstore/pkg/web/errors.go:17.14,19.24 2 0
servstore/pkg/web/errors.go:19.24,21.23 2 0
servstore/pkg/web/errors.go:21.23,23.5 1 0
servstore/pkg/web/errors.go:26.2,32.4 3 0
servstore/pkg/web/eventsnap.go:10.84,14.20 4 1
servstore/pkg/web/eventsnap.go:14.20,17.3 2 0
servstore/pkg/web/eventsnap.go:18.2,26.18 6 1
servstore/pkg/web/eventsnap.go:27.22,29.17 2 1
servstore/pkg/web/eventsnap.go:29.17,32.4 2 0
servstore/pkg/web/eventsnap.go:34.3,35.17 2 1
servstore/pkg/web/eventsnap.go:35.17,38.4 2 0
servstore/pkg/web/eventsnap.go:39.3,39.31 1 1
servstore/pkg/web/eventsnap.go:41.22,43.17 2 1
servstore/pkg/web/eventsnap.go:43.17,46.4 2 0
servstore/pkg/web/eventsnap.go:47.3,50.21 3 1
servstore/pkg/web/eventsnap.go:52.10,53.100 1 0
servstore/pkg/web/server.go:37.183,40.16 2 1
servstore/pkg/web/server.go:40.16,41.13 1 0
servstore/pkg/web/server.go:44.2,51.3 1 1
servstore/pkg/web/server.go:54.73,56.58 2 1
servstore/pkg/web/server.go:56.58,59.3 2 1
servstore/pkg/web/server.go:60.2,60.24 1 0
servstore/pkg/web/server.go:60.24,63.3 2 0
servstore/pkg/web/server.go:64.2,64.28 1 0
servstore/pkg/web/server.go:64.28,67.3 2 0
servstore/pkg/web/server.go:68.2,68.23 1 0
servstore/pkg/web/server.go:68.23,71.3 2 0
servstore/pkg/web/server.go:73.2,73.34 1 0
servstore/pkg/web/server.go:73.34,74.26 1 0
servstore/pkg/web/server.go:74.26,76.22 2 0
servstore/pkg/web/server.go:76.22,78.25 2 0
servstore/pkg/web/server.go:78.25,80.20 2 0
servstore/pkg/web/server.go:80.20,82.7 1 0
servstore/pkg/web/server.go:85.4,85.22 1 0
servstore/pkg/web/server.go:85.22,88.5 2 0
servstore/pkg/web/server.go:90.3,91.9 2 0
servstore/pkg/web/server.go:94.2,94.41 1 0
servstore/pkg/web/server.go:94.41,96.93 2 0
servstore/pkg/web/server.go:96.93,98.4 1 0
servstore/pkg/web/server.go:98.9,98.51 1 0
servstore/pkg/web/server.go:98.51,100.4 1 0
servstore/pkg/web/server.go:100.9,100.49 1 0
servstore/pkg/web/server.go:100.49,102.4 1 0
servstore/pkg/web/server.go:105.2,108.36 2 0
servstore/pkg/web/server.go:108.36,112.26 4 0
servstore/pkg/web/server.go:112.26,115.4 2 0
servstore/pkg/web/server.go:117.3,122.9 3 0
servstore/pkg/web/server.go:125.2,125.61 1 0
servstore/pkg/web/server.go:125.61,130.62 2 0
servstore/pkg/web/server.go:130.62,133.4 2 0
servstore/pkg/web/server.go:135.3,136.17 2 0
servstore/pkg/web/server.go:136.17,139.4 2 0
servstore/pkg/web/server.go:142.3,154.9 4 0
servstore/pkg/web/server.go:157.2,157.36 1 0
servstore/pkg/web/server.go:157.36,158.68 1 0
servstore/pkg/web/server.go:158.68,175.18 6 0
servstore/pkg/web/server.go:175.18,178.5 2 0
servstore/pkg/web/server.go:179.4,180.10 2 0
servstore/pkg/web/server.go:182.3,183.9 2 0
servstore/pkg/web/server.go:186.2,186.39 1 0
servstore/pkg/web/server.go:186.39,187.68 1 0
servstore/pkg/web/server.go:187.68,190.96 2 0
servstore/pkg/web/server.go:190.96,193.5 2 0
servstore/pkg/web/server.go:196.4,204.18 3 0
servstore/pkg/web/server.go:204.18,207.5 2 0
servstore/pkg/web/server.go:209.4,210.18 2 0
servstore/pkg/web/server.go:210.18,213.5 2 0
servstore/pkg/web/server.go:215.4,216.18 2 0
servstore/pkg/web/server.go:216.18,219.5 2 0
servstore/pkg/web/server.go:222.4,223.29 2 0
servstore/pkg/web/server.go:223.29,225.5 1 0
servstore/pkg/web/server.go:226.4,226.22 1 0
servstore/pkg/web/server.go:226.22,228.5 1 0
servstore/pkg/web/server.go:231.4,238.18 3 0
servstore/pkg/web/server.go:238.18,241.5 2 0
servstore/pkg/web/server.go:244.4,255.10 3 0
servstore/pkg/web/server.go:257.3,258.9 2 0
servstore/pkg/web/server.go:261.2,261.70 1 0
servstore/pkg/web/server.go:261.70,263.66 2 0
servstore/pkg/web/server.go:263.66,266.4 2 0
servstore/pkg/web/server.go:267.3,267.24 1 0
servstore/pkg/web/server.go:267.24,272.4 4 0
servstore/pkg/web/server.go:273.3,274.9 2 0
servstore/pkg/web/server.go:277.2,277.68 1 0
servstore/pkg/web/server.go:277.68,283.62 2 0
servstore/pkg/web/server.go:283.62,286.4 2 0
servstore/pkg/web/server.go:288.3,288.24 1 0
servstore/pkg/web/server.go:288.24,300.4 2 0
servstore/pkg/web/server.go:301.3,301.25 1 0
servstore/pkg/web/server.go:301.25,302.68 1 0
servstore/pkg/web/server.go:302.68,305.5 2 0
servstore/pkg/web/server.go:306.4,307.10 2 0
servstore/pkg/web/server.go:309.3,309.24 1 0
servstore/pkg/web/server.go:309.24,312.4 2 0
servstore/pkg/web/server.go:313.3,314.9 2 0
servstore/pkg/web/server.go:317.2,317.31 1 0
servstore/pkg/web/server.go:317.31,327.3 3 0
servstore/pkg/web/server.go:330.2,330.25 1 0
servstore/pkg/web/server.go:330.25,336.150 3 0
servstore/pkg/web/server.go:336.150,338.4 1 0
servstore/pkg/web/server.go:340.3,340.39 1 0
servstore/pkg/web/server.go:340.39,341.60 1 0
servstore/pkg/web/server.go:341.60,344.5 2 0
servstore/pkg/web/server.go:345.4,346.10 2 0
servstore/pkg/web/server.go:350.3,350.45 1 0
servstore/pkg/web/server.go:350.45,353.4 2 0
servstore/pkg/web/server.go:357.2,357.63 1 0
servstore/pkg/web/server.go:357.63,364.62 2 0
servstore/pkg/web/server.go:364.62,367.4 2 0
servstore/pkg/web/server.go:368.3,368.23 1 0
servstore/pkg/web/server.go:368.23,370.4 1 0
servstore/pkg/web/server.go:371.3,371.23 1 0
servstore/pkg/web/server.go:371.23,373.4 1 0
servstore/pkg/web/server.go:374.3,374.27 1 0
servstore/pkg/web/server.go:374.27,376.4 1 0
servstore/pkg/web/server.go:378.3,379.19 2 0
servstore/pkg/web/server.go:379.19,381.4 1 0
servstore/pkg/web/server.go:382.3,384.17 3 0
servstore/pkg/web/server.go:384.17,387.4 2 0
servstore/pkg/web/server.go:388.3,394.9 3 0
servstore/pkg/web/server.go:397.2,397.69 1 0
servstore/pkg/web/server.go:397.69,399.24 2 0
servstore/pkg/web/server.go:399.24,401.4 1 0
servstore/pkg/web/server.go:401.9,403.4 1 0
servstore/pkg/web/server.go:404.3,404.9 1 0
servstore/pkg/web/server.go:407.2,407.62 1 0
servstore/pkg/web/server.go:407.62,411.3 3 0
servstore/pkg/web/server.go:413.2,413.61 1 0
servstore/pkg/web/server.go:413.61,417.3 3 0
servstore/pkg/web/server.go:419.2,419.67 1 0
servstore/pkg/web/server.go:419.67,421.52 2 0
servstore/pkg/web/server.go:421.52,423.4 1 0
servstore/pkg/web/server.go:423.9,425.4 1 0
servstore/pkg/web/server.go:426.3,426.9 1 0
servstore/pkg/web/server.go:429.2,429.72 1 0
servstore/pkg/web/server.go:429.72,431.52 2 0
servstore/pkg/web/server.go:431.52,434.33 3 0
servstore/pkg/web/server.go:434.33,437.5 2 0
servstore/pkg/web/server.go:438.4,439.38 2 0
servstore/pkg/web/server.go:439.38,441.19 2 0
servstore/pkg/web/server.go:441.19,443.6 1 0
servstore/pkg/web/server.go:444.5,445.11 2 0
servstore/pkg/web/server.go:447.4,455.34 4 0
servstore/pkg/web/server.go:456.9,458.4 1 0
servstore/pkg/web/server.go:459.3,459.9 1 0
servstore/pkg/web/server.go:461.2,461.31 1 0
servstore/pkg/web/server.go:461.31,462.19 1 0
servstore/pkg/web/server.go:463.24,465.21 2 0
servstore/pkg/web/server.go:465.21,468.5 2 0
servstore/pkg/web/server.go:469.4,470.18 2 0
servstore/pkg/web/server.go:470.18,473.5 2 0
servstore/pkg/web/server.go:474.4,474.73 1 0
servstore/pkg/web/server.go:474.73,477.5 2 0
servstore/pkg/web/server.go:478.4,480.10 3 0
servstore/pkg/web/server.go:481.23,483.21 2 0
servstore/pkg/web/server.go:483.21,485.19 2 0
servstore/pkg/web/server.go:485.19,486.28 1 0
servstore/pkg/web/server.go:486.28,489.7 2 0
servstore/pkg/web/server.go:490.6,491.12 2 0
servstore/pkg/web/server.go:493.5,495.11 3 0
servstore/pkg/web/server.go:497.4,498.18 2 0
servstore/pkg/web/server.go:498.18,501.5 2 0
servstore/pkg/web/server.go:502.4,504.30 3 0
servstore/pkg/web/server.go:504.30,506.55 2 0
servstore/pkg/web/server.go:506.55,508.6 1 0
servstore/pkg/web/server.go:508.11,510.6 1 0
servstore/pkg/web/server.go:512.4,513.10 2 0
servstore/pkg/web/server.go:514.11,516.10 2 0
servstore/pkg/web/server.go:520.2,520.86 1 0
servstore/pkg/web/server.go:520.86,522.22 2 0
servstore/pkg/web/server.go:522.22,524.20 2 0
servstore/pkg/web/server.go:525.24,527.19 2 0
servstore/pkg/web/server.go:527.19,528.28 1 0
servstore/pkg/web/server.go:528.28,532.7 3 0
servstore/pkg/web/server.go:533.6,534.12 2 0
servstore/pkg/web/server.go:536.5,538.11 3 0
servstore/pkg/web/server.go:539.24,541.19 2 0
servstore/pkg/web/server.go:541.19,544.6 2 0
servstore/pkg/web/server.go:545.5,546.52 2 0
servstore/pkg/web/server.go:546.52,549.6 2 0
servstore/pkg/web/server.go:550.5,550.27 1 0
servstore/pkg/web/server.go:550.27,551.33 1 0
servstore/pkg/web/server.go:551.33,554.7 2 0
servstore/pkg/web/server.go:555.6,560.53 2 0
servstore/pkg/web/server.go:560.53,563.7 2 0
servstore/pkg/web/server.go:564.11,565.80 1 0
servstore/pkg/web/server.go:565.80,568.7 2 0
servstore/pkg/web/server.go:570.5,571.11 2 0
servstore/pkg/web/server.go:572.27,573.27 1 0
servstore/pkg/web/server.go:573.27,574.33 1 0
servstore/pkg/web/server.go:574.33,577.7 2 0
servstore/pkg/web/server.go:578.6,582.53 2 0
servstore/pkg/web/server.go:582.53,585.7 2 0
servstore/pkg/web/server.go:586.11,587.77 1 0
servstore/pkg/web/server.go:587.77,590.7 2 0
servstore/pkg/web/server.go:592.5,593.11 2 0
servstore/pkg/web/server.go:599.2,600.98 2 0
servstore/pkg/web/server.go:600.98,602.3 1 0
servstore/pkg/web/server.go:602.8,602.65 1 0
servstore/pkg/web/server.go:602.65,605.3 2 0
servstore/pkg/web/server.go:607.2,607.13 1 0
servstore/pkg/web/server.go:607.13,610.3 2 0
servstore/pkg/web/server.go:612.2,612.28 1 0
servstore/pkg/web/websocket.go:17.83,18.44 1 1
servstore/pkg/web/websocket.go:18.44,20.3 1 0
servstore/pkg/web/websocket.go:21.2,22.15 2 1
servstore/pkg/web/websocket.go:22.15,24.3 1 0
servstore/pkg/web/websocket.go:27.2,32.9 5 1
servstore/pkg/web/websocket.go:32.9,34.3 1 0
servstore/pkg/web/websocket.go:36.2,37.16 2 1
servstore/pkg/web/websocket.go:37.16,39.3 1 0
servstore/pkg/web/websocket.go:42.2,50.18 8 1
servstore/pkg/web/websocket.go:54.64,61.18 4 1
servstore/pkg/web/websocket.go:61.18,63.3 1 1
servstore/pkg/web/websocket.go:63.8,63.27 1 0
servstore/pkg/web/websocket.go:63.27,66.3 2 0
servstore/pkg/web/websocket.go:66.8,68.27 2 0
servstore/pkg/web/websocket.go:68.27,70.4 1 0
servstore/pkg/web/websocket.go:73.2,74.12 2 1
servstore/pkg/web/websocket.go:82.48,86.2 3 1
servstore/pkg/web/websocket.go:89.68,91.16 2 1
servstore/pkg/web/websocket.go:91.16,94.3 2 0
servstore/pkg/web/websocket.go:95.2,102.12 6 1
servstore/pkg/web/websocket.go:102.12,104.7 2 1
servstore/pkg/web/websocket.go:104.7,107.18 3 1
servstore/pkg/web/websocket.go:107.18,110.5 2 1
servstore/pkg/web/websocket.go:114.2,123.48 4 1
servstore/pkg/web/websocket.go:123.48,125.3 1 0
servstore/pkg/web/websocket.go:127.2,127.6 1 1
servstore/pkg/web/websocket.go:127.6,128.10 1 1
servstore/pkg/web/websocket.go:129.20,130.10 1 1
servstore/pkg/web/websocket.go:131.34,132.11 1 1
servstore/pkg/web/websocket.go:132.11,134.5 1 0
servstore/pkg/web/websocket.go:135.4,136.18 2 1
servstore/pkg/web/websocket.go:136.18,137.13 1 0
servstore/pkg/web/websocket.go:139.4,139.45 1 1
servstore/pkg/web/websocket.go:139.45,141.5 1 0
servstore/pkg/web/websocket.go:142.19,147.55 2 0
servstore/pkg/web/websocket.go:147.55,149.5 1 0
servstore/pkg/pipeline/dag.go:111.57,113.2 1 1
servstore/pkg/pipeline/dag.go:122.106,124.21 1 1
servstore/pkg/pipeline/dag.go:124.21,126.3 1 0
servstore/pkg/pipeline/dag.go:127.2,127.26 1 1
servstore/pkg/pipeline/dag.go:127.26,129.3 1 1
servstore/pkg/pipeline/dag.go:130.2,130.33 1 1
servstore/pkg/pipeline/dag.go:130.33,133.3 1 1
servstore/pkg/pipeline/dag.go:134.2,134.31 1 1
servstore/pkg/pipeline/dag.go:134.31,135.19 1 1
servstore/pkg/pipeline/dag.go:135.19,138.4 1 0
servstore/pkg/pipeline/dag.go:142.2,143.16 2 1
servstore/pkg/pipeline/dag.go:143.16,146.3 1 1
servstore/pkg/pipeline/dag.go:150.2,151.31 2 1
servstore/pkg/pipeline/dag.go:151.31,153.17 2 1
servstore/pkg/pipeline/dag.go:153.17,156.4 1 1
servstore/pkg/pipeline/dag.go:157.3,157.22 1 1
servstore/pkg/pipeline/dag.go:161.2,164.31 3 1
servstore/pkg/pipeline/dag.go:164.31,166.15 2 1
servstore/pkg/pipeline/dag.go:166.15,168.4 1 1
servstore/pkg/pipeline/dag.go:169.3,170.16 2 1
servstore/pkg/pipeline/dag.go:170.16,172.4 1 1
servstore/pkg/pipeline/dag.go:174.3,178.20 4 1
servstore/pkg/pipeline/dag.go:178.20,185.22 2 1
servstore/pkg/pipeline/dag.go:185.22,188.5 2 1
servstore/pkg/pipeline/dag.go:188.10,191.5 2 1
servstore/pkg/pipeline/dag.go:192.4,192.30 1 1
servstore/pkg/pipeline/dag.go:195.3,195.21 1 1
servstore/pkg/pipeline/dag.go:195.21,202.4 1 1
servstore/pkg/pipeline/dag.go:204.3,204.19 1 1
servstore/pkg/pipeline/dag.go:208.2,209.25 2 1
servstore/pkg/pipeline/dag.go:209.25,212.17 2 1
servstore/pkg/pipeline/dag.go:212.17,219.4 1 0
servstore/pkg/pipeline/dag.go:220.3,220.28 1 1
servstore/pkg/pipeline/dag.go:223.2,228.8 1 1
servstore/pkg/pipeline/dag.go:235.124,238.16 2 0
servstore/pkg/pipeline/dag.go:238.16,240.3 1 0
servstore/pkg/pipeline/dag.go:245.2,245.25 1 0
servstore/pkg/pipeline/dag.go:248.46,253.2 1 1
servstore/pkg/pipeline/vectorize_oss.go:10.69,12.2 1 0
servstore/pkg/storage/classify.go:10.85,19.201 6 1
servstore/pkg/storage/classify.go:19.201,22.3 2 1
servstore/pkg/storage/classify.go:22.8,22.168 1 1
servstore/pkg/storage/classify.go:22.168,25.3 2 0
servstore/pkg/storage/classify.go:25.8,25.217 1 1
servstore/pkg/storage/classify.go:25.217,28.3 2 1
servstore/pkg/storage/classify.go:28.8,28.220 1 1
servstore/pkg/storage/classify.go:28.220,31.3 2 1
servstore/pkg/storage/classify.go:31.8,31.225 1 1
servstore/pkg/storage/classify.go:31.225,34.3 2 1
servstore/pkg/storage/classify.go:34.8,34.88 1 1
servstore/pkg/storage/classify.go:34.88,37.3 2 0
servstore/pkg/storage/classify.go:37.8,37.128 1 1
servstore/pkg/storage/classify.go:37.128,40.3 2 1
servstore/pkg/storage/classify.go:42.2,44.13 3 1
servstore/pkg/storage/cold_tier_oss.go:8.76,10.2 1 0
servstore/pkg/storage/cold_tier_oss.go:13.36,13.37 0 0
servstore/pkg/storage/cold_tier_oss.go:16.35,16.36 0 0
servstore/pkg/storage/cold_tier_oss.go:19.68,21.2 1 0
servstore/pkg/storage/cold_tier_oss.go:26.65,28.2 1 0
servstore/pkg/storage/cold_tier_oss.go:31.58,33.2 1 0
servstore/pkg/storage/cold_tier_types.go:19.39,21.2 1 0
servstore/pkg/storage/crypto.go:14.64,14.83 1 1
servstore/pkg/storage/crypto.go:15.65,15.84 1 1
servstore/pkg/storage/crypto.go:19.42,22.2 2 1
servstore/pkg/storage/crypto.go:26.67,27.65 1 1
servstore/pkg/storage/crypto.go:27.65,29.3 1 0
servstore/pkg/storage/crypto.go:29.8,29.27 1 1
servstore/pkg/storage/crypto.go:29.27,31.3 1 0
servstore/pkg/storage/crypto.go:33.2,34.16 2 1
servstore/pkg/storage/crypto.go:34.16,36.3 1 0
servstore/pkg/storage/crypto.go:37.2,38.16 2 1
servstore/pkg/storage/crypto.go:38.16,40.3 1 0
servstore/pkg/storage/crypto.go:42.2,43.59 2 1
servstore/pkg/storage/crypto.go:43.59,45.3 1 0
servstore/pkg/storage/crypto.go:47.2,48.24 2 1
servstore/pkg/storage/crypto.go:52.68,53.66 1 1
servstore/pkg/storage/crypto.go:53.66,55.3 1 0
servstore/pkg/storage/crypto.go:55.8,55.27 1 1
servstore/pkg/storage/crypto.go:55.27,57.3 1 0
servstore/pkg/storage/crypto.go:59.2,60.16 2 1
servstore/pkg/storage/crypto.go:60.16,62.3 1 0
servstore/pkg/storage/crypto.go:63.2,64.16 2 1
servstore/pkg/storage/crypto.go:64.16,66.3 1 0
servstore/pkg/storage/crypto.go:68.2,69.33 2 1
servstore/pkg/storage/crypto.go:69.33,71.3 1 0
servstore/pkg/storage/crypto.go:73.2,75.16 3 1
servstore/pkg/storage/crypto.go:75.16,77.3 1 1
servstore/pkg/storage/crypto.go:78.2,78.23 1 1
servstore/pkg/storage/directio_windows.go:17.56,19.16 2 1
servstore/pkg/storage/directio_windows.go:19.16,21.3 1 0
servstore/pkg/storage/directio_windows.go:24.2,45.16 9 1
servstore/pkg/storage/directio_windows.go:45.16,47.3 1 0
servstore/pkg/storage/directio_windows.go:48.2,59.16 5 1
servstore/pkg/storage/directio_windows.go:59.16,61.3 1 0
servstore/pkg/storage/directio_windows.go:64.2,64.32 1 1
servstore/pkg/storage/directio_windows.go:64.32,68.17 3 1
servstore/pkg/storage/directio_windows.go:68.17,70.4 1 0
servstore/pkg/storage/directio_windows.go:71.3,72.38 2 1
servstore/pkg/storage/directio_windows.go:75.2,75.12 1 0
servstore/pkg/storage/hash.go:15.45,16.33 1 1
servstore/pkg/storage/hash.go:16.33,20.3 3 1
servstore/pkg/storage/hash.go:22.2,23.16 2 1
servstore/pkg/storage/hash.go:23.16,25.3 1 0
servstore/pkg/storage/hash.go:27.2,31.30 4 1
servstore/pkg/storage/hash.go:31.30,33.20 2 1
servstore/pkg/storage/hash.go:33.20,36.26 3 1
servstore/pkg/storage/hash.go:36.26,38.5 1 0
servstore/pkg/storage/hash.go:39.4,40.23 2 1
servstore/pkg/storage/hash.go:40.23,42.5 1 1
servstore/pkg/storage/hash.go:44.4,46.28 3 1
servstore/pkg/storage/hash.go:50.2,54.35 3 1
servstore/pkg/storage/hash.go:54.35,55.25 1 1
servstore/pkg/storage/hash.go:55.25,57.4 1 1
servstore/pkg/storage/hash.go:60.2,60.48 1 1
servstore/pkg/storage/hnsw.go:27.32,36.2 2 1
servstore/pkg/storage/hnsw.go:38.39,41.50 2 1
servstore/pkg/storage/hnsw.go:41.50,43.3 1 1
servstore/pkg/storage/hnsw.go:44.2,44.14 1 1
servstore/pkg/storage/hnsw.go:48.68,52.45 3 1
servstore/pkg/storage/hnsw.go:52.45,54.3 1 0
servstore/pkg/storage/hnsw.go:56.2,60.47 3 1
servstore/pkg/storage/hnsw.go:60.47,62.15 2 1
servstore/pkg/storage/hnsw.go:62.15,64.35 2 1
servstore/pkg/storage/hnsw.go:64.35,65.55 1 1
servstore/pkg/storage/hnsw.go:65.55,67.19 2 1
servstore/pkg/storage/hnsw.go:67.19,68.15 1 0
servstore/pkg/storage/hnsw.go:70.6,71.25 2 1
servstore/pkg/storage/hnsw.go:71.25,75.7 3 0
servstore/pkg/storage/hnsw.go:82.2,93.26 6 1
servstore/pkg/storage/hnsw.go:93.26,94.46 1 1
servstore/pkg/storage/hnsw.go:94.46,96.4 1 1
servstore/pkg/storage/hnsw.go:97.3,100.86 3 1
servstore/pkg/storage/hnsw.go:100.86,101.9 1 0
servstore/pkg/storage/hnsw.go:104.3,104.44 1 1
servstore/pkg/storage/hnsw.go:104.44,105.64 1 1
servstore/pkg/storage/hnsw.go:105.64,106.29 1 1
servstore/pkg/storage/hnsw.go:106.29,107.14 1 1
servstore/pkg/storage/hnsw.go:109.5,111.18 3 1
servstore/pkg/storage/hnsw.go:111.18,112.14 1 0
servstore/pkg/storage/hnsw.go:114.5,116.73 2 1
servstore/pkg/storage/hnsw.go:116.73,120.46 3 1
servstore/pkg/storage/hnsw.go:120.46,122.7 1 1
servstore/pkg/storage/hnsw.go:123.6,123.35 1 1
servstore/pkg/storage/hnsw.go:123.35,125.7 1 0
servstore/pkg/storage/hnsw.go:131.2,132.49 2 1
servstore/pkg/storage/hnsw.go:132.49,134.3 1 1
servstore/pkg/storage/hnsw.go:135.2,135.19 1 1
servstore/pkg/storage/hnsw.go:138.58,143.39 3 1
servstore/pkg/storage/hnsw.go:143.39,145.3 1 1
servstore/pkg/storage/hnsw.go:147.2,153.24 3 1
servstore/pkg/storage/hnsw.go:153.24,158.3 4 1
servstore/pkg/storage/hnsw.go:160.2,162.36 3 1
servstore/pkg/storage/hnsw.go:162.36,164.3 1 1
servstore/pkg/storage/hnsw.go:166.2,170.56 3 1
servstore/pkg/storage/hnsw.go:170.56,172.15 2 1
servstore/pkg/storage/hnsw.go:172.15,174.35 2 1
servstore/pkg/storage/hnsw.go:174.35,175.55 1 1
servstore/pkg/storage/hnsw.go:175.55,177.19 2 0
servstore/pkg/storage/hnsw.go:177.19,178.15 1 0
servstore/pkg/storage/hnsw.go:180.6,181.25 2 0
servstore/pkg/storage/hnsw.go:181.25,185.7 3 0
servstore/pkg/storage/hnsw.go:192.2,192.65 1 1
servstore/pkg/storage/hnsw.go:192.65,204.27 6 1
servstore/pkg/storage/hnsw.go:204.27,205.47 1 1
servstore/pkg/storage/hnsw.go:205.47,207.5 1 0
servstore/pkg/storage/hnsw.go:208.4,211.105 3 1
servstore/pkg/storage/hnsw.go:211.105,212.10 1 0
servstore/pkg/storage/hnsw.go:215.4,215.49 1 1
servstore/pkg/storage/hnsw.go:215.49,216.69 1 1
servstore/pkg/storage/hnsw.go:216.69,217.30 1 1
servstore/pkg/storage/hnsw.go:217.30,218.15 1 1
servstore/pkg/storage/hnsw.go:220.6,222.19 3 1
servstore/pkg/storage/hnsw.go:222.19,223.15 1 0
servstore/pkg/storage/hnsw.go:225.6,227.92 2 1
servstore/pkg/storage/hnsw.go:227.92,231.52 3 1
servstore/pkg/storage/hnsw.go:231.52,233.8 1 1
servstore/pkg/storage/hnsw.go:234.7,234.44 1 1
servstore/pkg/storage/hnsw.go:234.44,236.8 1 0
servstore/pkg/storage/hnsw.go:243.3,243.34 1 1
servstore/pkg/storage/hnsw.go:243.34,244.44 1 1
servstore/pkg/storage/hnsw.go:244.44,245.10 1 0
servstore/pkg/storage/hnsw.go:247.4,249.37 2 1
servstore/pkg/storage/hnsw.go:249.37,251.43 2 1
servstore/pkg/storage/hnsw.go:251.43,253.6 1 0
servstore/pkg/storage/hnsw.go:257.3,257.28 1 1
servstore/pkg/storage/hnsw.go:257.28,260.4 2 1
servstore/pkg/storage/hnsw.go:264.2,264.30 1 1
servstore/pkg/storage/hnsw.go:264.30,265.50 1 1
servstore/pkg/storage/hnsw.go:265.50,267.4 1 1
servstore/pkg/storage/hnsw.go:268.3,269.24 2 1
servstore/pkg/storage/hnsw.go:273.24,274.11 1 1
servstore/pkg/storage/hnsw.go:274.11,276.3 1 1
servstore/pkg/storage/hnsw.go:277.2,277.10 1 1
servstore/pkg/storage/hnsw.go:280.69,286.52 3 0
servstore/pkg/storage/hnsw.go:286.52,288.16 2 0
servstore/pkg/storage/hnsw.go:288.16,289.12 1 0
servstore/pkg/storage/hnsw.go:291.3,291.95 1 0
servstore/pkg/storage/hnsw.go:293.2,293.39 1 0
servstore/pkg/storage/hnsw.go:293.39,295.3 1 0
servstore/pkg/storage/hnsw.go:296.2,297.44 2 0
servstore/pkg/storage/hnsw.go:297.44,299.3 1 0
servstore/pkg/storage/hnsw.go:302.50,304.17 2 1
servstore/pkg/storage/hnsw.go:304.17,306.3 1 0
servstore/pkg/storage/hnsw.go:307.2,307.47 1 1
servstore/pkg/storage/hnsw.go:307.47,308.41 1 1
servstore/pkg/storage/hnsw.go:308.41,310.47 2 1
servstore/pkg/storage/hnsw.go:310.47,311.13 1 0
servstore/pkg/storage/hnsw.go:313.4,314.42 2 1
servstore/pkg/storage/hnsw.go:314.42,315.17 1 1
servstore/pkg/storage/hnsw.go:315.17,317.6 1 1
servstore/pkg/storage/hnsw.go:319.4,319.33 1 1
servstore/pkg/storage/hnsw.go:322.2,323.50 2 1
servstore/pkg/storage/hnsw.go:323.50,326.35 3 1
servstore/pkg/storage/hnsw.go:326.35,329.9 3 1
servstore/pkg/storage/local_store.go:37.57,39.16 2 1
servstore/pkg/storage/local_store.go:39.16,41.3 1 0
servstore/pkg/storage/local_store.go:42.2,42.51 1 1
servstore/pkg/storage/local_store.go:42.51,44.3 1 0
servstore/pkg/storage/local_store.go:46.2,48.16 3 1
servstore/pkg/storage/local_store.go:48.16,50.3 1 0
servstore/pkg/storage/local_store.go:53.2,56.38 4 1
servstore/pkg/storage/local_store.go:56.38,58.3 1 0
servstore/pkg/storage/local_store.go:60.2,66.47 2 1
servstore/pkg/storage/local_store.go:66.47,69.3 2 0
servstore/pkg/storage/local_store.go:71.2,71.19 1 1
servstore/pkg/storage/local_store.go:74.36,78.25 3 1
servstore/pkg/storage/local_store.go:78.25,80.3 1 0
servstore/pkg/storage/local_store.go:81.2,81.23 1 1
servstore/pkg/storage/local_store.go:81.23,85.3 3 1
servstore/pkg/storage/local_store.go:86.2,86.12 1 0
servstore/pkg/storage/local_store.go:91.59,93.2 1 0
servstore/pkg/storage/local_store.go:95.57,97.2 1 1
servstore/pkg/storage/local_store.go:99.78,100.42 1 1
servstore/pkg/storage/local_store.go:100.42,102.3 1 1
servstore/pkg/storage/local_store.go:103.2,103.74 1 1
servstore/pkg/storage/local_store.go:106.28,110.2 3 1
servstore/pkg/storage/local_store.go:112.83,116.15 3 1
servstore/pkg/storage/local_store.go:116.15,117.51 1 1
servstore/pkg/storage/local_store.go:117.51,123.4 1 1
servstore/pkg/storage/local_store.go:126.2,127.54 2 1
servstore/pkg/storage/local_store.go:127.54,129.3 1 1
servstore/pkg/storage/local_store.go:131.2,131.77 1 1
servstore/pkg/storage/local_store.go:131.77,133.3 1 0
servstore/pkg/storage/local_store.go:135.2,141.41 2 1
servstore/pkg/storage/local_store.go:144.83,148.15 3 0
servstore/pkg/storage/local_store.go:148.15,149.51 1 0
servstore/pkg/storage/local_store.go:149.51,155.4 1 0
servstore/pkg/storage/local_store.go:158.2,158.52 1 0
servstore/pkg/storage/local_store.go:158.52,160.3 1 0
servstore/pkg/storage/local_store.go:163.2,167.16 3 0
servstore/pkg/storage/local_store.go:167.16,169.3 1 0
servstore/pkg/storage/local_store.go:170.2,173.85 3 0
servstore/pkg/storage/local_store.go:173.85,175.71 2 0
servstore/pkg/storage/local_store.go:175.71,177.9 2 0
servstore/pkg/storage/local_store.go:180.2,180.16 1 0
servstore/pkg/storage/local_store.go:180.16,182.3 1 0
servstore/pkg/storage/local_store.go:185.2,185.76 1 0
servstore/pkg/storage/local_store.go:185.76,187.3 1 0
servstore/pkg/storage/local_store.go:190.2,191.32 2 0
servstore/pkg/storage/local_store.go:194.73,202.16 5 1
servstore/pkg/storage/local_store.go:202.16,204.3 1 0
servstore/pkg/storage/local_store.go:205.2,208.85 3 1
servstore/pkg/storage/local_store.go:208.85,210.58 2 1
servstore/pkg/storage/local_store.go:210.58,212.4 1 1
servstore/pkg/storage/local_store.go:214.2,214.21 1 1
servstore/pkg/storage/local_store.go:217.69,220.16 3 1
servstore/pkg/storage/local_store.go:220.16,221.41 1 1
servstore/pkg/storage/local_store.go:221.41,223.4 1 1
servstore/pkg/storage/local_store.go:224.3,224.18 1 0
servstore/pkg/storage/local_store.go:226.2,228.48 3 1
servstore/pkg/storage/local_store.go:228.48,230.3 1 0
servstore/pkg/storage/local_store.go:231.2,231.16 1 1
servstore/pkg/storage/local_store.go:234.70,236.16 2 1
servstore/pkg/storage/local_store.go:236.16,238.3 1 0
servstore/pkg/storage/local_store.go:239.2,240.47 2 1
servstore/pkg/storage/local_store.go:243.85,247.2 3 1
servstore/pkg/storage/local_store.go:249.99,254.16 4 1
servstore/pkg/storage/local_store.go:254.16,256.3 1 0
servstore/pkg/storage/local_store.go:258.2,259.37 2 1
servstore/pkg/storage/local_store.go:262.106,267.16 4 1
servstore/pkg/storage/local_store.go:267.16,269.3 1 0
servstore/pkg/storage/local_store.go:271.2,272.37 2 1
servstore/pkg/storage/local_store.go:275.78,278.16 3 1
servstore/pkg/storage/local_store.go:278.16,279.41 1 1
servstore/pkg/storage/local_store.go:279.41,281.4 1 1
servstore/pkg/storage/local_store.go:282.3,282.18 1 0
servstore/pkg/storage/local_store.go:284.2,286.50 3 1
servstore/pkg/storage/local_store.go:286.50,288.3 1 0
servstore/pkg/storage/local_store.go:289.2,289.17 1 1
servstore/pkg/storage/local_store.go:292.80,295.16 3 1
servstore/pkg/storage/local_store.go:295.16,297.3 1 0
servstore/pkg/storage/local_store.go:298.2,298.49 1 1
servstore/pkg/storage/local_store.go:301.51,309.33 2 1
servstore/pkg/storage/local_store.go:309.33,311.3 1 1
servstore/pkg/storage/local_store.go:312.2,317.31 2 0
servstore/pkg/storage/local_store.go:320.73,325.16 3 0
servstore/pkg/storage/local_store.go:325.16,327.3 1 0
servstore/pkg/storage/local_store.go:328.2,331.85 3 0
servstore/pkg/storage/local_store.go:331.85,333.47 2 0
servstore/pkg/storage/local_store.go:333.47,334.36 1 0
servstore/pkg/storage/local_store.go:334.36,335.44 1 0
servstore/pkg/storage/local_store.go:335.44,337.6 1 0
servstore/pkg/storage/local_store.go:341.2,341.23 1 0
servstore/pkg/storage/local_store.go:344.154,348.15 4 1
servstore/pkg/storage/local_store.go:348.15,350.17 2 1
servstore/pkg/storage/local_store.go:350.17,352.4 1 0
servstore/pkg/storage/local_store.go:353.3,353.19 1 1
servstore/pkg/storage/local_store.go:356.2,360.16 4 1
servstore/pkg/storage/local_store.go:360.16,362.3 1 0
servstore/pkg/storage/local_store.go:364.2,364.15 1 1
servstore/pkg/storage/local_store.go:364.15,365.64 1 1
servstore/pkg/storage/local_store.go:365.64,376.4 1 1
servstore/pkg/storage/local_store.go:379.2,380.16 2 1
servstore/pkg/storage/local_store.go:380.16,382.3 1 0
servstore/pkg/storage/local_store.go:385.2,386.55 2 1
servstore/pkg/storage/local_store.go:386.55,388.3 1 0
servstore/pkg/storage/local_store.go:388.8,388.38 1 1
servstore/pkg/storage/local_store.go:388.38,390.3 1 1
servstore/pkg/storage/local_store.go:390.8,392.3 1 1
servstore/pkg/storage/local_store.go:396.2,396.31 1 1
servstore/pkg/storage/local_store.go:396.31,397.67 1 1
servstore/pkg/storage/local_store.go:397.67,398.42 1 1
servstore/pkg/storage/local_store.go:398.42,399.50 1 1
servstore/pkg/storage/local_store.go:399.50,401.6 1 0
servstore/pkg/storage/local_store.go:406.2,408.33 3 1
servstore/pkg/storage/local_store.go:408.33,410.3 1 0
servstore/pkg/storage/local_store.go:411.2,417.17 4 1
servstore/pkg/storage/local_store.go:417.17,419.17 2 0
servstore/pkg/storage/local_store.go:419.17,421.4 1 0
servstore/pkg/storage/local_store.go:422.3,423.32 2 0
servstore/pkg/storage/local_store.go:423.32,424.68 1 0
servstore/pkg/storage/local_store.go:424.68,425.43 1 0
servstore/pkg/storage/local_store.go:425.43,426.72 1 0
servstore/pkg/storage/local_store.go:426.72,428.7 1 0
servstore/pkg/storage/local_store.go:432.3,432.47 1 0
servstore/pkg/storage/local_store.go:432.47,434.4 1 0
servstore/pkg/storage/local_store.go:438.2,438.26 1 1
servstore/pkg/storage/local_store.go:438.26,440.3 1 1
servstore/pkg/storage/local_store.go:442.2,443.66 2 1
servstore/pkg/storage/local_store.go:443.66,445.3 1 0
servstore/pkg/storage/local_store.go:448.2,449.26 2 1
servstore/pkg/storage/local_store.go:449.26,450.46 1 1
servstore/pkg/storage/local_store.go:450.46,452.4 1 1
servstore/pkg/storage/local_store.go:455.2,456.20 2 1
servstore/pkg/storage/local_store.go:456.20,458.17 2 1
servstore/pkg/storage/local_store.go:458.17,460.4 1 0
servstore/pkg/storage/local_store.go:461.3,461.16 1 1
servstore/pkg/storage/local_store.go:461.16,464.4 2 1
servstore/pkg/storage/local_store.go:466.3,467.39 2 1
servstore/pkg/storage/local_store.go:467.39,469.18 2 1
servstore/pkg/storage/local_store.go:469.18,471.5 1 0
servstore/pkg/storage/local_store.go:472.4,473.23 2 1
servstore/pkg/storage/local_store.go:474.9,476.4 1 0
servstore/pkg/storage/local_store.go:479.3,480.29 2 1
servstore/pkg/storage/local_store.go:480.29,482.18 2 0
servstore/pkg/storage/local_store.go:482.18,484.5 1 0
servstore/pkg/storage/local_store.go:485.9,487.4 1 1
servstore/pkg/storage/local_store.go:490.3,491.43 2 1
servstore/pkg/storage/local_store.go:491.43,493.66 2 0
servstore/pkg/storage/local_store.go:493.66,495.5 1 0
servstore/pkg/storage/local_store.go:496.9,497.55 1 1
servstore/pkg/storage/local_store.go:497.55,499.5 1 0
servstore/pkg/storage/local_store.go:501.4,502.62 2 1
servstore/pkg/storage/local_store.go:502.62,504.5 1 0
servstore/pkg/storage/local_store.go:506.8,507.39 1 1
servstore/pkg/storage/local_store.go:507.39,509.4 1 1
servstore/pkg/storage/local_store.go:513.2,514.16 2 1
servstore/pkg/storage/local_store.go:514.16,515.40 1 1
servstore/pkg/storage/local_store.go:515.40,517.4 1 1
servstore/pkg/storage/local_store.go:517.9,519.4 1 0
servstore/pkg/storage/local_store.go:522.2,538.29 3 1
servstore/pkg/storage/local_store.go:538.29,539.56 1 1
servstore/pkg/storage/local_store.go:539.56,541.4 1 1
servstore/pkg/storage/local_store.go:541.9,543.42 1 1
servstore/pkg/storage/local_store.go:543.42,546.32 2 1
servstore/pkg/storage/local_store.go:546.32,548.6 1 0
servstore/pkg/storage/local_store.go:550.5,551.10 2 1
servstore/pkg/storage/local_store.go:557.2,557.29 1 1
servstore/pkg/storage/local_store.go:557.29,559.3 1 1
servstore/pkg/storage/local_store.go:562.2,564.59 2 1
servstore/pkg/storage/local_store.go:564.59,566.3 1 0
servstore/pkg/storage/local_store.go:568.2,573.43 5 1
servstore/pkg/storage/local_store.go:573.43,575.17 2 1
servstore/pkg/storage/local_store.go:575.17,577.14 2 1
servstore/pkg/storage/local_store.go:577.14,579.5 1 1
servstore/pkg/storage/local_store.go:579.10,579.22 1 0
servstore/pkg/storage/local_store.go:579.22,581.5 1 0
servstore/pkg/storage/local_store.go:581.10,581.20 1 0
servstore/pkg/storage/local_store.go:581.20,583.5 1 0
servstore/pkg/storage/local_store.go:583.10,583.22 1 0
servstore/pkg/storage/local_store.go:583.22,585.5 1 0
servstore/pkg/storage/local_store.go:586.4,587.27 2 1
servstore/pkg/storage/local_store.go:591.2,591.21 1 1
servstore/pkg/storage/local_store.go:594.133,598.21 4 1
servstore/pkg/storage/local_store.go:598.21,600.3 1 1
servstore/pkg/storage/local_store.go:601.2,601.15 1 1
servstore/pkg/storage/local_store.go:601.15,603.17 2 1
servstore/pkg/storage/local_store.go:603.17,605.4 1 1
servstore/pkg/storage/local_store.go:606.3,606.19 1 1
servstore/pkg/storage/local_store.go:609.2,613.16 4 1
servstore/pkg/storage/local_store.go:613.16,615.3 1 0
servstore/pkg/storage/local_store.go:617.2,618.16 2 1
servstore/pkg/storage/local_store.go:618.16,620.3 1 1
servstore/pkg/storage/local_store.go:622.2,623.64 2 1
servstore/pkg/storage/local_store.go:623.64,624.39 1 1
servstore/pkg/storage/local_store.go:624.39,628.47 1 1
servstore/pkg/storage/local_store.go:628.47,629.86 1 1
servstore/pkg/storage/local_store.go:629.86,631.6 1 1
servstore/pkg/storage/local_store.go:636.2,636.22 1 1
servstore/pkg/storage/local_store.go:636.22,637.22 1 1
servstore/pkg/storage/local_store.go:637.22,639.31 1 1
servstore/pkg/storage/local_store.go:639.31,640.32 1 1
servstore/pkg/storage/local_store.go:640.32,642.11 2 1
servstore/pkg/storage/local_store.go:645.4,645.48 1 1
servstore/pkg/storage/local_store.go:645.48,647.5 1 0
servstore/pkg/storage/local_store.go:648.9,649.31 1 1
servstore/pkg/storage/local_store.go:649.31,650.46 1 1
servstore/pkg/storage/local_store.go:650.46,652.11 2 1
servstore/pkg/storage/local_store.go:658.2,658.22 1 1
servstore/pkg/storage/local_store.go:658.22,660.3 1 0
servstore/pkg/storage/local_store.go:662.2,662.30 1 1
servstore/pkg/storage/local_store.go:662.30,665.3 1 0
servstore/pkg/storage/local_store.go:667.2,671.61 2 1
servstore/pkg/storage/local_store.go:671.61,673.69 2 0
servstore/pkg/storage/local_store.go:673.69,674.93 1 0
servstore/pkg/storage/local_store.go:674.93,676.5 1 0
servstore/pkg/storage/local_store.go:680.2,680.28 1 1
servstore/pkg/storage/local_store.go:680.28,683.17 2 0
servstore/pkg/storage/local_store.go:683.17,685.4 1 0
servstore/pkg/storage/local_store.go:686.3,687.17 2 0
servstore/pkg/storage/local_store.go:687.17,689.4 1 0
servstore/pkg/storage/local_store.go:691.3,692.27 2 0
servstore/pkg/storage/local_store.go:692.27,694.18 2 0
servstore/pkg/storage/local_store.go:694.18,696.5 1 0
servstore/pkg/storage/local_store.go:697.4,699.18 3 0
servstore/pkg/storage/local_store.go:699.18,701.5 1 0
servstore/pkg/storage/local_store.go:702.9,704.4 1 0
servstore/pkg/storage/local_store.go:706.3,706.31 1 0
servstore/pkg/storage/local_store.go:706.31,710.33 4 0
servstore/pkg/storage/local_store.go:710.33,712.5 1 0
servstore/pkg/storage/local_store.go:714.3,714.66 1 0
servstore/pkg/storage/local_store.go:717.2,718.16 2 1
servstore/pkg/storage/local_store.go:718.16,720.3 1 0
servstore/pkg/storage/local_store.go:722.2,722.26 1 1
servstore/pkg/storage/local_store.go:722.26,725.17 3 1
servstore/pkg/storage/local_store.go:725.17,727.4 1 0
servstore/pkg/storage/local_store.go:728.3,729.17 2 1
servstore/pkg/storage/local_store.go:729.17,731.4 1 0
servstore/pkg/storage/local_store.go:732.3,734.17 3 1
servstore/pkg/storage/local_store.go:734.17,736.4 1 1
servstore/pkg/storage/local_store.go:738.3,738.31 1 1
servstore/pkg/storage/local_store.go:738.31,742.33 4 1
servstore/pkg/storage/local_store.go:742.33,744.5 1 0
servstore/pkg/storage/local_store.go:746.3,746.66 1 1
servstore/pkg/storage/local_store.go:749.2,749.30 1 1
servstore/pkg/storage/local_store.go:749.30,755.3 1 0
servstore/pkg/storage/local_store.go:757.2,757.29 1 1
servstore/pkg/storage/local_store.go:766.69,768.11 2 0
servstore/pkg/storage/local_store.go:768.11,770.3 1 0
servstore/pkg/storage/local_store.go:771.2,771.19 1 0
servstore/pkg/storage/local_store.go:771.19,773.24 2 0
servstore/pkg/storage/local_store.go:773.24,775.4 1 0
servstore/pkg/storage/local_store.go:777.2,777.15 1 0
servstore/pkg/storage/local_store.go:780.49,782.2 1 0
servstore/pkg/storage/local_store.go:784.109,789.16 4 1
servstore/pkg/storage/local_store.go:789.16,791.3 1 0
servstore/pkg/storage/local_store.go:793.2,794.16 2 1
servstore/pkg/storage/local_store.go:794.16,796.3 1 0
servstore/pkg/storage/local_store.go:798.2,799.64 2 1
servstore/pkg/storage/local_store.go:799.64,800.39 1 0
servstore/pkg/storage/local_store.go:800.39,801.47 1 0
servstore/pkg/storage/local_store.go:801.47,802.86 1 0
servstore/pkg/storage/local_store.go:802.86,804.6 1 0
servstore/pkg/storage/local_store.go:809.2,809.22 1 1
servstore/pkg/storage/local_store.go:809.22,810.22 1 1
servstore/pkg/storage/local_store.go:810.22,811.31 1 1
servstore/pkg/storage/local_store.go:811.31,812.32 1 1
servstore/pkg/storage/local_store.go:812.32,814.11 2 1
servstore/pkg/storage/local_store.go:817.4,817.48 1 1
servstore/pkg/storage/local_store.go:817.48,819.5 1 0
servstore/pkg/storage/local_store.go:820.9,821.31 1 0
servstore/pkg/storage/local_store.go:821.31,822.46 1 0
servstore/pkg/storage/local_store.go:822.46,824.11 2 0
servstore/pkg/storage/local_store.go:830.2,830.22 1 1
servstore/pkg/storage/local_store.go:830.22,832.3 1 0
servstore/pkg/storage/local_store.go:834.2,834.30 1 1
servstore/pkg/storage/local_store.go:834.30,836.3 1 1
servstore/pkg/storage/local_store.go:838.2,838.23 1 0
servstore/pkg/storage/local_store.go:841.118,845.15 3 1
servstore/pkg/storage/local_store.go:845.15,846.64 1 1
servstore/pkg/storage/local_store.go:846.64,854.4 1 1
servstore/pkg/storage/local_store.go:857.2,858.16 2 1
servstore/pkg/storage/local_store.go:858.16,860.3 1 0
servstore/pkg/storage/local_store.go:862.2,863.16 2 1
servstore/pkg/storage/local_store.go:863.16,865.3 1 0
servstore/pkg/storage/local_store.go:867.2,867.21 1 1
servstore/pkg/storage/local_store.go:867.21,870.35 2 1
servstore/pkg/storage/local_store.go:870.35,871.34 1 1
servstore/pkg/storage/local_store.go:871.34,873.10 2 1
servstore/pkg/storage/local_store.go:877.3,877.23 1 1
servstore/pkg/storage/local_store.go:877.23,879.4 1 0
servstore/pkg/storage/local_store.go:882.3,882.41 1 1
servstore/pkg/storage/local_store.go:882.41,884.4 1 0
servstore/pkg/storage/local_store.go:886.3,887.33 2 1
servstore/pkg/storage/local_store.go:887.33,891.44 2 1
servstore/pkg/storage/local_store.go:891.44,895.23 3 1
servstore/pkg/storage/local_store.go:895.23,896.33 1 1
servstore/pkg/storage/local_store.go:896.33,898.19 1 1
servstore/pkg/storage/local_store.go:898.19,900.45 1 1
servstore/pkg/storage/local_store.go:900.45,901.72 1 1
servstore/pkg/storage/local_store.go:901.73,904.10 0 1
servstore/pkg/storage/local_store.go:906.8,906.16 1 1
servstore/pkg/storage/local_store.go:908.7,908.68 1 1
servstore/pkg/storage/local_store.go:908.68,909.52 1 1
servstore/pkg/storage/local_store.go:909.52,910.72 1 1
servstore/pkg/storage/local_store.go:910.72,912.10 1 1
servstore/pkg/storage/local_store.go:918.5,918.42 1 1
servstore/pkg/storage/local_store.go:918.42,919.88 1 1
servstore/pkg/storage/local_store.go:919.88,921.7 1 0
servstore/pkg/storage/local_store.go:924.5,924.22 1 1
servstore/pkg/storage/local_store.go:924.22,926.6 1 1
servstore/pkg/storage/local_store.go:927.10,929.5 1 0
servstore/pkg/storage/local_store.go:933.3,936.50 2 1
servstore/pkg/storage/local_store.go:936.50,938.4 1 1
servstore/pkg/storage/local_store.go:941.3,941.28 1 1
servstore/pkg/storage/local_store.go:941.28,945.4 3 1
servstore/pkg/storage/local_store.go:947.3,947.60 1 1
servstore/pkg/storage/local_store.go:947.60,949.4 1 0
servstore/pkg/storage/local_store.go:951.3,952.26 2 1
servstore/pkg/storage/local_store.go:958.2,958.31 1 1
servstore/pkg/storage/local_store.go:958.31,960.35 1 1
servstore/pkg/storage/local_store.go:960.35,961.38 1 1
servstore/pkg/storage/local_store.go:961.38,963.5 1 0
servstore/pkg/storage/local_store.go:966.3,966.30 1 1
servstore/pkg/storage/local_store.go:966.30,968.4 1 1
servstore/pkg/storage/local_store.go:970.3,981.60 3 1
servstore/pkg/storage/local_store.go:981.60,983.4 1 0
servstore/pkg/storage/local_store.go:984.3,985.25 2 1
servstore/pkg/storage/local_store.go:986.8,986.40 1 1
servstore/pkg/storage/local_store.go:986.40,988.30 1 0
servstore/pkg/storage/local_store.go:988.30,990.42 2 0
servstore/pkg/storage/local_store.go:990.42,992.39 1 0
servstore/pkg/storage/local_store.go:992.39,994.6 1 0
servstore/pkg/storage/local_store.go:995.5,996.10 2 0
servstore/pkg/storage/local_store.go:1000.3,1011.60 3 0
servstore/pkg/storage/local_store.go:1011.60,1013.4 1 0
servstore/pkg/storage/local_store.go:1014.3,1015.25 2 0
servstore/pkg/storage/local_store.go:1016.8,1018.35 1 1
servstore/pkg/storage/local_store.go:1018.35,1019.27 1 1
servstore/pkg/storage/local_store.go:1019.27,1021.49 2 1
servstore/pkg/storage/local_store.go:1021.49,1024.24 3 0
servstore/pkg/storage/local_store.go:1024.24,1025.34 1 0
servstore/pkg/storage/local_store.go:1025.34,1026.20 1 0
servstore/pkg/storage/local_store.go:1026.20,1027.17 1 0
servstore/pkg/storage/local_store.go:1029.8,1029.69 1 0
servstore/pkg/storage/local_store.go:1029.69,1030.53 1 0
servstore/pkg/storage/local_store.go:1030.53,1031.77 1 0
servstore/pkg/storage/local_store.go:1031.77,1033.11 1 0
servstore/pkg/storage/local_store.go:1038.6,1038.23 1 0
servstore/pkg/storage/local_store.go:1038.23,1040.7 1 0
servstore/pkg/storage/local_store.go:1041.11,1043.6 1 1
servstore/pkg/storage/local_store.go:1046.3,1048.61 3 1
servstore/pkg/storage/local_store.go:1053.72,1058.16 3 1
servstore/pkg/storage/local_store.go:1058.16,1060.3 1 0
servstore/pkg/storage/local_store.go:1061.2,1064.85 3 1
servstore/pkg/storage/local_store.go:1064.85,1067.22 3 1
servstore/pkg/storage/local_store.go:1067.22,1069.4 1 1
servstore/pkg/storage/local_store.go:1071.2,1071.18 1 1
servstore/pkg/storage/local_store.go:1074.146,1079.16 4 1
servstore/pkg/storage/local_store.go:1079.16,1081.3 1 0
servstore/pkg/storage/local_store.go:1083.2,1084.16 2 1
servstore/pkg/storage/local_store.go:1084.16,1086.3 1 0
servstore/pkg/storage/local_store.go:1088.2,1095.27 6 1
servstore/pkg/storage/local_store.go:1095.27,1096.38 1 1
servstore/pkg/storage/local_store.go:1096.38,1097.12 1 0
servstore/pkg/storage/local_store.go:1099.3,1099.36 1 1
servstore/pkg/storage/local_store.go:1099.36,1100.12 1 0
servstore/pkg/storage/local_store.go:1104.3,1105.17 2 1
servstore/pkg/storage/local_store.go:1105.17,1106.12 1 0
servstore/pkg/storage/local_store.go:1109.3,1110.30 2 1
servstore/pkg/storage/local_store.go:1110.30,1111.31 1 1
servstore/pkg/storage/local_store.go:1111.31,1113.10 2 1
servstore/pkg/storage/local_store.go:1116.3,1116.44 1 1
servstore/pkg/storage/local_store.go:1116.44,1118.4 1 0
servstore/pkg/storage/local_store.go:1120.3,1120.45 1 1
servstore/pkg/storage/local_store.go:1120.45,1121.12 1 0
servstore/pkg/storage/local_store.go:1125.3,1125.22 1 1
servstore/pkg/storage/local_store.go:1125.22,1128.17 3 0
servstore/pkg/storage/local_store.go:1128.17,1130.33 2 0
servstore/pkg/storage/local_store.go:1130.33,1133.6 2 0
servstore/pkg/storage/local_store.go:1134.5,1134.13 1 0
servstore/pkg/storage/local_store.go:1138.3,1140.38 3 1
servstore/pkg/storage/local_store.go:1140.38,1141.9 1 0
servstore/pkg/storage/local_store.go:1145.2,1146.37 2 1
servstore/pkg/storage/local_store.go:1149.173,1154.16 4 1
servstore/pkg/storage/local_store.go:1154.16,1156.3 1 0
servstore/pkg/storage/local_store.go:1158.2,1159.16 2 1
servstore/pkg/storage/local_store.go:1159.16,1161.3 1 0
servstore/pkg/storage/local_store.go:1163.2,1170.27 6 1
servstore/pkg/storage/local_store.go:1170.27,1171.38 1 1
servstore/pkg/storage/local_store.go:1171.38,1172.12 1 0
servstore/pkg/storage/local_store.go:1174.3,1174.41 1 1
servstore/pkg/storage/local_store.go:1174.41,1175.12 1 0
servstore/pkg/storage/local_store.go:1178.3,1179.17 2 1
servstore/pkg/storage/local_store.go:1179.17,1180.12 1 0
servstore/pkg/storage/local_store.go:1184.3,1184.35 1 1
servstore/pkg/storage/local_store.go:1184.35,1185.85 1 1
servstore/pkg/storage/local_store.go:1185.85,1186.13 1 0
servstore/pkg/storage/local_store.go:1190.4,1190.23 1 1
servstore/pkg/storage/local_store.go:1190.23,1193.18 3 0
servstore/pkg/storage/local_store.go:1193.18,1195.34 2 0
servstore/pkg/storage/local_store.go:1195.34,1198.7 2 0
servstore/pkg/storage/local_store.go:1199.6,1199.14 1 0
servstore/pkg/storage/local_store.go:1203.4,1206.39 4 1
servstore/pkg/storage/local_store.go:1206.39,1207.10 1 0
servstore/pkg/storage/local_store.go:1211.3,1211.38 1 1
servstore/pkg/storage/local_store.go:1211.38,1212.9 1 0
servstore/pkg/storage/local_store.go:1216.2,1217.38 2 1
servstore/pkg/storage/local_store.go:1220.76,1222.2 1 1
servstore/pkg/storage/local_store.go:1224.82,1226.2 1 1
servstore/pkg/storage/local_store.go:1228.103,1233.16 4 1
servstore/pkg/storage/local_store.go:1233.16,1235.3 1 0
servstore/pkg/storage/local_store.go:1237.2,1239.53 3 1
servstore/pkg/storage/local_store.go:1239.53,1241.3 1 0
servstore/pkg/storage/local_store.go:1243.2,1243.22 1 1
servstore/pkg/storage/local_store.go:1246.146,1251.16 4 1
servstore/pkg/storage/local_store.go:1251.16,1253.3 1 0
servstore/pkg/storage/local_store.go:1255.2,1256.54 2 1
servstore/pkg/storage/local_store.go:1256.54,1258.3 1 0
servstore/pkg/storage/local_store.go:1260.2,1263.16 3 1
servstore/pkg/storage/local_store.go:1263.16,1265.3 1 0
servstore/pkg/storage/local_store.go:1266.2,1267.33 2 1
servstore/pkg/storage/local_store.go:1267.33,1269.3 1 0
servstore/pkg/storage/local_store.go:1271.2,1277.28 5 1
servstore/pkg/storage/local_store.go:1277.28,1279.17 2 0
servstore/pkg/storage/local_store.go:1279.17,1281.4 1 0
servstore/pkg/storage/local_store.go:1282.8,1284.3 1 1
servstore/pkg/storage/local_store.go:1286.2,1286.62 1 1
servstore/pkg/storage/local_store.go:1286.62,1288.3 1 0
servstore/pkg/storage/local_store.go:1290.2,1290.18 1 1
servstore/pkg/storage/local_store.go:1293.159,1298.16 4 1
servstore/pkg/storage/local_store.go:1298.16,1300.3 1 0
servstore/pkg/storage/local_store.go:1302.2,1303.54 2 1
servstore/pkg/storage/local_store.go:1303.54,1305.3 1 0
servstore/pkg/storage/local_store.go:1308.2,1309.31 2 1
servstore/pkg/storage/local_store.go:1309.31,1311.3 1 0
servstore/pkg/storage/local_store.go:1311.8,1313.3 1 1
servstore/pkg/storage/local_store.go:1316.2,1317.66 2 1
servstore/pkg/storage/local_store.go:1317.66,1319.3 1 0
servstore/pkg/storage/local_store.go:1321.2,1322.16 2 1
servstore/pkg/storage/local_store.go:1322.16,1324.3 1 0
servstore/pkg/storage/local_store.go:1325.2,1331.29 5 1
servstore/pkg/storage/local_store.go:1331.29,1334.17 3 1
servstore/pkg/storage/local_store.go:1334.17,1336.4 1 0
servstore/pkg/storage/local_store.go:1339.3,1340.29 2 1
servstore/pkg/storage/local_store.go:1340.29,1342.18 2 0
servstore/pkg/storage/local_store.go:1342.18,1344.5 1 0
servstore/pkg/storage/local_store.go:1345.9,1347.4 1 1
servstore/pkg/storage/local_store.go:1348.3,1349.37 2 1
servstore/pkg/storage/local_store.go:1352.2,1355.17 2 1
servstore/pkg/storage/local_store.go:1355.17,1357.17 2 0
servstore/pkg/storage/local_store.go:1357.17,1359.4 1 0
servstore/pkg/storage/local_store.go:1360.3,1361.32 2 0
servstore/pkg/storage/local_store.go:1361.32,1362.68 1 0
servstore/pkg/storage/local_store.go:1362.68,1363.43 1 0
servstore/pkg/storage/local_store.go:1363.43,1364.72 1 0
servstore/pkg/storage/local_store.go:1364.72,1366.7 1 0
servstore/pkg/storage/local_store.go:1370.3,1370.49 1 0
servstore/pkg/storage/local_store.go:1370.49,1372.4 1 0
servstore/pkg/storage/local_store.go:1376.2,1378.38 3 1
servstore/pkg/storage/local_store.go:1378.38,1380.17 2 1
servstore/pkg/storage/local_store.go:1380.17,1382.4 1 0
servstore/pkg/storage/local_store.go:1383.3,1384.22 2 1
servstore/pkg/storage/local_store.go:1385.8,1387.3 1 0
servstore/pkg/storage/local_store.go:1390.2,1391.28 2 1
servstore/pkg/storage/local_store.go:1391.28,1393.17 2 0
servstore/pkg/storage/local_store.go:1393.17,1395.4 1 0
servstore/pkg/storage/local_store.go:1396.8,1398.3 1 1
servstore/pkg/storage/local_store.go:1400.2,1400.55 1 1
servstore/pkg/storage/local_store.go:1400.55,1402.3 1 0
servstore/pkg/storage/local_store.go:1404.2,1411.16 4 1
servstore/pkg/storage/local_store.go:1411.16,1412.40 1 1
servstore/pkg/storage/local_store.go:1412.40,1414.4 1 1
servstore/pkg/storage/local_store.go:1414.9,1416.4 1 0
servstore/pkg/storage/local_store.go:1419.2,1435.29 3 1
servstore/pkg/storage/local_store.go:1435.29,1436.32 1 0
servstore/pkg/storage/local_store.go:1436.32,1438.4 1 0
servstore/pkg/storage/local_store.go:1438.9,1439.42 1 0
servstore/pkg/storage/local_store.go:1439.42,1441.32 2 0
servstore/pkg/storage/local_store.go:1441.32,1443.6 1 0
servstore/pkg/storage/local_store.go:1444.5,1445.10 2 0
servstore/pkg/storage/local_store.go:1450.2,1450.29 1 1
servstore/pkg/storage/local_store.go:1450.29,1452.3 1 0
servstore/pkg/storage/local_store.go:1454.2,1456.59 2 1
servstore/pkg/storage/local_store.go:1456.59,1458.3 1 0
servstore/pkg/storage/local_store.go:1460.2,1460.21 1 1
servstore/pkg/storage/local_store.go:1463.100,1468.16 4 1
servstore/pkg/storage/local_store.go:1468.16,1470.3 1 0
servstore/pkg/storage/local_store.go:1472.2,1473.32 2 1
servstore/pkg/storage/local_store.go:1477.41,1479.2 1 1
servstore/pkg/storage/local_store.go:1483.106,1488.16 4 0
servstore/pkg/storage/local_store.go:1488.16,1490.3 1 0
servstore/pkg/storage/local_store.go:1491.2,1492.37 2 0
servstore/pkg/storage/local_store.go:1495.102,1500.16 4 0
servstore/pkg/storage/local_store.go:1500.16,1502.3 1 0
servstore/pkg/storage/local_store.go:1503.2,1503.25 1 0
servstore/pkg/storage/local_store.go:1506.86,1511.16 4 0
servstore/pkg/storage/local_store.go:1511.16,1513.3 1 0
servstore/pkg/storage/local_store.go:1514.2,1515.37 2 0
servstore/pkg/storage/local_store.go:1521.83,1526.16 4 0
servstore/pkg/storage/local_store.go:1526.16,1528.3 1 0
servstore/pkg/storage/local_store.go:1530.2,1532.32 2 0
servstore/pkg/storage/local_store.go:1532.32,1533.21 1 0
servstore/pkg/storage/local_store.go:1533.21,1534.12 1 0
servstore/pkg/storage/local_store.go:1536.3,1538.42 3 0
servstore/pkg/storage/local_store.go:1538.42,1539.12 1 0
servstore/pkg/storage/local_store.go:1542.3,1543.17 2 0
servstore/pkg/storage/local_store.go:1543.17,1544.12 1 0
servstore/pkg/storage/local_store.go:1547.3,1547.28 1 0
servstore/pkg/storage/local_store.go:1547.28,1549.18 2 0
servstore/pkg/storage/local_store.go:1549.18,1550.13 1 0
servstore/pkg/storage/local_store.go:1553.4,1556.36 3 0
servstore/pkg/storage/local_store.go:1556.36,1557.45 1 0
servstore/pkg/storage/local_store.go:1557.45,1559.14 2 0
servstore/pkg/storage/local_store.go:1563.5,1564.38 2 0
servstore/pkg/storage/local_store.go:1564.38,1565.51 1 0
servstore/pkg/storage/local_store.go:1565.51,1566.15 1 0
servstore/pkg/storage/local_store.go:1568.6,1568.67 1 0
servstore/pkg/storage/local_store.go:1568.67,1569.15 1 0
servstore/pkg/storage/local_store.go:1571.6,1572.64 2 0
servstore/pkg/storage/local_store.go:1572.64,1579.12 6 0
servstore/pkg/storage/local_store.go:1582.5,1582.17 1 0
servstore/pkg/storage/local_store.go:1582.17,1584.6 1 0
servstore/pkg/storage/local_store.go:1587.4,1587.16 1 0
servstore/pkg/storage/local_store.go:1587.16,1588.13 1 0
servstore/pkg/storage/local_store.go:1591.4,1591.27 1 0
servstore/pkg/storage/local_store.go:1591.27,1593.13 2 0
servstore/pkg/storage/local_store.go:1597.4,1598.32 2 0
servstore/pkg/storage/local_store.go:1598.32,1599.19 1 0
servstore/pkg/storage/local_store.go:1599.19,1601.11 2 0
servstore/pkg/storage/local_store.go:1604.4,1604.18 1 0
servstore/pkg/storage/local_store.go:1604.18,1606.5 1 0
servstore/pkg/storage/local_store.go:1608.4,1609.46 2 0
servstore/pkg/storage/local_store.go:1613.2,1613.21 1 0
servstore/pkg/storage/local_store.go:1619.132,1624.16 4 0
servstore/pkg/storage/local_store.go:1624.16,1626.3 1 0
servstore/pkg/storage/local_store.go:1628.2,1629.16 2 0
servstore/pkg/storage/local_store.go:1629.16,1631.3 1 0
servstore/pkg/storage/local_store.go:1634.2,1634.21 1 0
servstore/pkg/storage/local_store.go:1634.21,1635.30 1 0
servstore/pkg/storage/local_store.go:1635.30,1636.31 1 0
servstore/pkg/storage/local_store.go:1636.31,1638.10 2 0
servstore/pkg/storage/local_store.go:1643.2,1644.34 2 0
servstore/pkg/storage/local_store.go:1644.34,1645.33 1 0
servstore/pkg/storage/local_store.go:1645.33,1647.9 2 0
servstore/pkg/storage/local_store.go:1650.2,1650.22 1 0
servstore/pkg/storage/local_store.go:1650.22,1652.3 1 0
servstore/pkg/storage/local_store.go:1655.2,1655.108 1 0
servstore/pkg/storage/local_store.go:1655.108,1657.3 1 0
servstore/pkg/storage/local_store.go:1659.2,1662.59 3 0
servstore/pkg/storage/local_store.go:1662.59,1664.3 1 0
servstore/pkg/storage/local_store.go:1666.2,1667.21 2 0
servstore/pkg/storage/local_store.go:1670.95,1676.2 4 0
servstore/pkg/storage/local_store.go:1678.90,1684.16 5 0
servstore/pkg/storage/local_store.go:1684.16,1685.41 1 0
servstore/pkg/storage/local_store.go:1685.41,1687.4 1 0
servstore/pkg/storage/local_store.go:1688.3,1688.18 1 0
servstore/pkg/storage/local_store.go:1690.2,1691.18 2 0
servstore/pkg/storage/local_store.go:1694.83,1700.55 5 0
servstore/pkg/storage/local_store.go:1700.55,1702.3 1 0
servstore/pkg/storage/local_store.go:1703.2,1703.12 1 0
servstore/pkg/storage/local_store.go:1706.90,1712.2 4 0
servstore/pkg/storage/local_store.go:1714.85,1720.16 5 0
servstore/pkg/storage/local_store.go:1720.16,1721.41 1 0
servstore/pkg/storage/local_store.go:1721.41,1723.4 1 0
servstore/pkg/storage/local_store.go:1724.3,1724.18 1 0
servstore/pkg/storage/local_store.go:1726.2,1730.17 4 0
servstore/pkg/storage/local_store.go:1733.82,1742.16 6 0
servstore/pkg/storage/local_store.go:1742.16,1744.3 1 0
servstore/pkg/storage/local_store.go:1745.2,1747.100 2 0
servstore/pkg/storage/local_store.go:1747.100,1753.3 5 0
servstore/pkg/storage/local_store.go:1754.2,1754.21 1 0
servstore/pkg/storage/local_store.go:1757.77,1766.16 6 0
servstore/pkg/storage/local_store.go:1766.16,1768.3 1 0
servstore/pkg/storage/local_store.go:1769.2,1771.85 2 0
servstore/pkg/storage/local_store.go:1771.85,1774.22 3 0
servstore/pkg/storage/local_store.go:1774.22,1779.4 1 0
servstore/pkg/storage/local_store.go:1781.2,1781.18 1 0
servstore/pkg/storage/local_store.go:1784.117,1789.16 4 1
[...]
servstore/pkg/s3/select.go:328.17,330.4 1 0
servstore/pkg/s3/select.go:331.3,331.13 1 1
servstore/pkg/s3/select.go:331.13,333.4 1 1
servstore/pkg/s3/select.go:335.2,335.18 1 1
servstore/pkg/s3/select.go:338.80,340.21 2 1
servstore/pkg/s3/select.go:340.21,347.14 6 1
servstore/pkg/s3/select.go:347.14,349.4 1 0
servstore/pkg/s3/select.go:350.3,350.25 1 1
servstore/pkg/s3/select.go:353.2,354.21 2 0
servstore/pkg/s3/select.go:354.21,361.14 6 0
servstore/pkg/s3/select.go:361.14,363.4 1 0
servstore/pkg/s3/select.go:364.3,366.33 3 0
servstore/pkg/s3/select.go:366.33,368.4 1 0
servstore/pkg/s3/select.go:369.3,369.24 1 0
servstore/pkg/s3/select.go:372.2,373.21 2 0
servstore/pkg/s3/select.go:373.21,380.14 6 0
servstore/pkg/s3/select.go:380.14,382.4 1 0
servstore/pkg/s3/select.go:383.3,385.33 3 0
servstore/pkg/s3/select.go:385.33,387.4 1 0
servstore/pkg/s3/select.go:388.3,388.24 1 0
servstore/pkg/s3/select.go:391.2,391.18 1 0
servstore/pkg/s3/select.go:394.89,396.23 2 1
servstore/pkg/s3/select.go:396.23,398.3 1 0
servstore/pkg/s3/select.go:400.2,401.27 2 1
servstore/pkg/s3/select.go:401.27,404.33 3 1
servstore/pkg/s3/select.go:404.33,406.4 1 1
servstore/pkg/s3/select.go:406.9,408.4 1 0
servstore/pkg/s3/select.go:410.2,410.23 1 1
servstore/pkg/s3/select.go:414.88,422.23 4 1
servstore/pkg/s3/select.go:422.23,424.3 1 1
servstore/pkg/s3/select.go:426.2,438.45 9 1
servstore/pkg/s3/select.go:438.45,440.3 1 0
servstore/pkg/s3/select.go:441.2,441.55 1 1
servstore/pkg/s3/select.go:441.55,443.3 1 0
servstore/pkg/s3/select.go:444.2,444.22 1 1
servstore/pkg/s3/select.go:444.22,445.45 1 1
servstore/pkg/s3/select.go:445.45,447.4 1 0
servstore/pkg/s3/select.go:451.2,458.12 7 1
servstore/pkg/s3/select.go:461.57,467.2 5 1
servstore/cmd/csi-driver/main.go:21.123,26.2 1 0
servstore/cmd/csi-driver/main.go:28.147,40.2 1 0
servstore/cmd/csi-driver/main.go:42.99,44.2 1 0
servstore/cmd/csi-driver/main.go:46.129,48.2 1 0
servstore/cmd/csi-driver/main.go:50.135,52.2 1 0
servstore/cmd/csi-driver/main.go:54.135,59.54 3 0
servstore/cmd/csi-driver/main.go:59.54,61.3 1 0
servstore/cmd/csi-driver/main.go:65.2,72.75 3 0
servstore/cmd/csi-driver/main.go:72.75,74.3 1 0
servstore/cmd/csi-driver/main.go:76.2,76.46 1 0
servstore/cmd/csi-driver/main.go:79.141,87.2 4 0
servstore/cmd/csi-driver/main.go:89.141,101.2 1 0
servstore/cmd/csi-driver/main.go:103.117,105.18 2 0
servstore/cmd/csi-driver/main.go:105.18,107.3 1 0
servstore/cmd/csi-driver/main.go:108.2,110.8 1 0
servstore/cmd/csi-driver/main.go:113.13,115.20 2 0
servstore/cmd/csi-driver/main.go:115.20,117.3 1 0
servstore/cmd/csi-driver/main.go:119.2,123.12 3 0
servstore/cmd/csi-driver/main.go:123.12,126.3 2 0
servstore/cmd/csi-driver/main.go:127.2,127.21 1 0
servstore/cmd/csi-driver/main.go:127.21,129.3 1 0
servstore/cmd/csi-driver/main.go:131.2,132.16 2 0
servstore/cmd/csi-driver/main.go:132.16,135.3 2 0
servstore/cmd/csi-driver/main.go:137.2,147.12 8 0
servstore/cmd/csi-driver/main.go:147.12,148.48 1 0
servstore/cmd/csi-driver/main.go:148.48,151.4 2 0
servstore/cmd/csi-driver/main.go:154.2,156.56 3 0
servstore/cmd/csi-driver/main.go:160.67,161.34 1 0
servstore/cmd/csi-driver/main.go:161.34,163.3 1 0
servstore/cmd/csi-driver/main.go:164.2,164.21 1 0
servstore/cmd/csi-driver/main.go:167.33,169.12 2 0
servstore/cmd/csi-driver/main.go:169.12,171.3 1 0
servstore/cmd/csi-driver/main.go:172.2,172.33 1 0
servstore/cmd/csi-driver/main.go:172.33,173.22 1 0
servstore/cmd/csi-driver/main.go:173.22,175.4 1 0
servstore/cmd/csi-driver/main.go:177.2,177.11 1 0
servstore/cmd/operator/main.go:17.13,30.19 10 0
servstore/cmd/operator/main.go:30.19,33.6 2 0
servstore/cmd/operator/main.go:35.5,41.19 2 0
servstore/cmd/operator/main.go:41.19,44.6 2 0
servstore/cmd/operator/main.go:47.5,47.183 1 0
servstore/cmd/operator/main.go:47.183,50.6 2 0
servstore/cmd/operator/main.go:51.5,51.181 1 0
servstore/cmd/operator/main.go:51.181,54.6 2 0
servstore/cmd/operator/main.go:55.5,55.189 1 0
servstore/cmd/operator/main.go:55.189,58.6 2 0
servstore/cmd/operator/main.go:61.5,61.76 1 0
servstore/cmd/operator/main.go:61.76,64.6 2 0
servstore/cmd/operator/main.go:65.5,65.74 1 0
servstore/cmd/operator/main.go:65.74,68.6 2 0
servstore/cmd/operator/main.go:70.5,71.64 2 0
servstore/cmd/operator/main.go:71.64,74.6 2 0
servstore/cmd/servstore/main.go:26.13,68.16 36 0
servstore/cmd/servstore/main.go:68.16,71.3 2 0
servstore/cmd/servstore/main.go:73.2,77.16 3 0
servstore/cmd/servstore/main.go:77.16,80.3 2 0
servstore/cmd/servstore/main.go:81.2,81.26 1 0
servstore/cmd/servstore/main.go:81.26,84.3 2 0
servstore/cmd/servstore/main.go:84.8,86.3 1 0
servstore/cmd/servstore/main.go:89.2,90.18 2 0
servstore/cmd/servstore/main.go:90.18,92.3 1 0
servstore/cmd/servstore/main.go:92.8,94.3 1 0
servstore/cmd/servstore/main.go:97.2,97.20 1 0
servstore/cmd/servstore/main.go:97.20,100.3 2 0
servstore/cmd/servstore/main.go:103.2,103.23 1 0
servstore/cmd/servstore/main.go:103.23,111.3 2 0
servstore/cmd/servstore/main.go:114.2,117.37 3 0
servstore/cmd/servstore/main.go:117.37,119.17 2 0
servstore/cmd/servstore/main.go:119.17,121.4 1 0
servstore/cmd/servstore/main.go:122.3,123.15 2 0
servstore/cmd/servstore/main.go:123.15,125.4 1 0
servstore/cmd/servstore/main.go:126.3,132.17 6 0
servstore/cmd/servstore/main.go:132.17,135.4 2 0
servstore/cmd/servstore/main.go:137.3,137.38 1 0
servstore/cmd/servstore/main.go:137.38,138.14 1 0
servstore/cmd/servstore/main.go:138.14,142.32 3 0
servstore/cmd/servstore/main.go:142.32,144.17 2 0
servstore/cmd/servstore/main.go:144.17,145.15 1 0
servstore/cmd/servstore/main.go:147.6,148.65 2 0
servstore/cmd/servstore/main.go:148.65,150.12 2 0
servstore/cmd/servstore/main.go:151.12,153.7 1 0
servstore/cmd/servstore/main.go:160.2,162.32 2 0
servstore/cmd/servstore/main.go:162.32,165.3 2 0
servstore/cmd/servstore/main.go:166.2,166.34 1 0
servstore/cmd/servstore/main.go:166.34,169.3 2 0
servstore/cmd/servstore/main.go:172.2,172.23 1 0
servstore/cmd/servstore/main.go:172.23,174.17 2 0
servstore/cmd/servstore/main.go:174.17,176.4 1 0
servstore/cmd/servstore/main.go:177.3,178.75 2 0
servstore/cmd/servstore/main.go:181.2,181.42 1 0
servstore/cmd/servstore/main.go:181.42,184.3 2 0
servstore/cmd/servstore/main.go:187.2,190.12 2 0
servstore/cmd/servstore/main.go:190.12,194.22 4 0
servstore/cmd/servstore/main.go:194.22,196.18 2 0
servstore/cmd/servstore/main.go:196.18,198.5 1 0
servstore/cmd/servstore/main.go:198.10,198.26 1 0
servstore/cmd/servstore/main.go:198.26,200.5 1 0
servstore/cmd/servstore/main.go:204.2,208.41 3 0
servstore/cmd/servstore/main.go:208.41,211.3 2 0
servstore/cmd/servstore/main.go:213.2,218.16 2 0
servstore/cmd/servstore/main.go:218.16,220.67 1 0
servstore/cmd/servstore/main.go:220.67,223.4 2 0
servstore/cmd/servstore/main.go:225.3,232.25 2 0
servstore/cmd/servstore/main.go:236.2,239.12 3 0
servstore/cmd/servstore/main.go:239.12,240.17 1 0
servstore/cmd/servstore/main.go:240.17,247.98 3 0
servstore/cmd/servstore/main.go:247.98,250.5 2 0
servstore/cmd/servstore/main.go:251.9,258.78 3 0
servstore/cmd/servstore/main.go:258.78,261.5 2 0
servstore/cmd/servstore/main.go:265.2,271.50 5 0
servstore/cmd/servstore/main.go:271.50,273.3 1 0
servstore/cmd/servstore/main.go:276.2,276.21 1 0
servstore/cmd/servstore/main.go:276.21,279.3 2 0
servstore/cmd/servstore/main.go:282.2,282.23 1 0
servstore/cmd/servstore/main.go:282.23,285.3 2 0
servstore/cmd/servstore/main.go:288.2,289.38 2 0
servstore/cmd/servstore/main.go:289.38,291.3 1 0
servstore/cmd/servstore/main.go:293.2,293.43 1 0
servstore/cmd/servstore-cli/main.go:54.13,58.22 4 0
servstore/cmd/servstore-cli/main.go:58.22,58.42 1 0
servstore/cmd/servstore-cli/main.go:59.2,62.20 3 0
servstore/cmd/servstore-cli/main.go:62.20,65.3 2 0
servstore/cmd/servstore-cli/main.go:67.2,71.13 4 0
servstore/cmd/servstore-cli/main.go:72.12,73.20 1 0
servstore/cmd/servstore-cli/main.go:74.12,75.20 1 0
servstore/cmd/servstore-cli/main.go:76.12,77.20 1 0
servstore/cmd/servstore-cli/main.go:78.13,79.21 1 0
servstore/cmd/servstore-cli/main.go:80.13,81.21 1 0
servstore/cmd/servstore-cli/main.go:82.12,83.20 1 0
servstore/cmd/servstore-cli/main.go:84.14,85.22 1 0
servstore/cmd/servstore-cli/main.go:86.16,87.23 1 0
servstore/cmd/servstore-cli/main.go:88.16,89.23 1 0
servstore/cmd/servstore-cli/main.go:90.16,91.23 1 0
servstore/cmd/servstore-cli/main.go:92.20,93.27 1 0
servstore/cmd/servstore-cli/main.go:94.20,95.27 1 0
servstore/cmd/servstore-cli/main.go:96.20,97.27 1 0
servstore/cmd/servstore-cli/main.go:98.24,99.31 1 0
servstore/cmd/servstore-cli/main.go:100.19,101.27 1 0
servstore/cmd/servstore-cli/main.go:102.30,103.19 1 0
servstore/cmd/servstore-cli/main.go:104.10,105.77 1 0
servstore/cmd/servstore-cli/main.go:108.2,108.16 1 0
servstore/cmd/servstore-cli/main.go:108.16,110.3 1 0
servstore/cmd/servstore-cli/main.go:115.33,116.19 1 0
servstore/cmd/servstore-cli/main.go:116.19,118.3 1 0
servstore/cmd/servstore-cli/main.go:119.2,122.16 4 0
servstore/cmd/servstore-cli/main.go:122.16,124.3 1 0
servstore/cmd/servstore-cli/main.go:125.2,126.80 2 0
servstore/cmd/servstore-cli/main.go:126.80,128.3 1 0
servstore/cmd/servstore-cli/main.go:129.2,130.12 2 0
servstore/cmd/servstore-cli/main.go:133.33,134.19 1 0
servstore/cmd/servstore-cli/main.go:134.19,136.3 1 0
servstore/cmd/servstore-cli/main.go:137.2,140.16 4 0
servstore/cmd/servstore-cli/main.go:140.16,142.3 1 0
servstore/cmd/servstore-cli/main.go:143.2,144.80 2 0
servstore/cmd/servstore-cli/main.go:144.80,146.3 1 0
servstore/cmd/servstore-cli/main.go:147.2,148.12 2 0
servstore/cmd/servstore-cli/main.go:173.33,177.20 3 0
servstore/cmd/servstore-cli/main.go:177.20,181.17 3 0
servstore/cmd/servstore-cli/main.go:181.17,183.4 1 0
servstore/cmd/servstore-cli/main.go:184.3,185.59 2 0
servstore/cmd/servstore-cli/main.go:185.59,187.4 1 0
servstore/cmd/servstore-cli/main.go:188.3,189.67 2 0
servstore/cmd/servstore-cli/main.go:189.67,191.4 1 0
servstore/cmd/servstore-cli/main.go:192.3,192.31 1 0
servstore/cmd/servstore-cli/main.go:192.31,195.4 2 0
servstore/cmd/servstore-cli/main.go:196.3,197.36 2 0
servstore/cmd/servstore-cli/main.go:197.36,199.4 1 0
servstore/cmd/servstore-cli/main.go:200.3,200.13 1 0
servstore/cmd/servstore-cli/main.go:204.2,206.19 3 0
servstore/cmd/servstore-cli/main.go:206.19,208.3 1 0
servstore/cmd/servstore-cli/main.go:209.2,210.18 2 0
servstore/cmd/servstore-cli/main.go:210.18,212.3 1 0
servstore/cmd/servstore-cli/main.go:213.2,215.16 3 0
servstore/cmd/servstore-cli/main.go:215.16,217.3 1 0
servstore/cmd/servstore-cli/main.go:218.2,219.58 2 0
servstore/cmd/servstore-cli/main.go:219.58,221.3 1 0
servstore/cmd/servstore-cli/main.go:222.2,223.66 2 0
servstore/cmd/servstore-cli/main.go:223.66,225.3 1 0
servstore/cmd/servstore-cli/main.go:227.2,227.66 1 0
servstore/cmd/servstore-cli/main.go:227.66,230.3 2 0
servstore/cmd/servstore-cli/main.go:231.2,232.43 2 0
servstore/cmd/servstore-cli/main.go:232.43,234.3 1 0
servstore/cmd/servstore-cli/main.go:235.2,235.38 1 0
servstore/cmd/servstore-cli/main.go:235.38,237.3 1 0
servstore/cmd/servstore-cli/main.go:238.2,238.12 1 0
servstore/cmd/servstore-cli/main.go:241.34,242.19 1 0
servstore/cmd/servstore-cli/main.go:242.19,244.3 1 0
servstore/cmd/servstore-cli/main.go:245.2,248.16 3 0
servstore/cmd/servstore-cli/main.go:248.16,250.3 1 0
servstore/cmd/servstore-cli/main.go:251.2,254.16 3 0
servstore/cmd/servstore-cli/main.go:254.16,256.3 1 0
servstore/cmd/servstore-cli/main.go:258.2,263.16 5 0
servstore/cmd/servstore-cli/main.go:263.16,265.3 1 0
servstore/cmd/servstore-cli/main.go:266.2,267.100 2 0
servstore/cmd/servstore-cli/main.go:267.100,269.3 1 0
servstore/cmd/servstore-cli/main.go:270.2,272.16 3 0
servstore/cmd/servstore-cli/main.go:272.16,274.3 1 0
servstore/cmd/servstore-cli/main.go:275.2,276.12 2 0
servstore/cmd/servstore-cli/main.go:279.34,280.19 1 0
servstore/cmd/servstore-cli/main.go:280.19,282.3 1 0
servstore/cmd/servstore-cli/main.go:283.2,287.16 4 0
servstore/cmd/servstore-cli/main.go:287.16,289.3 1 0
servstore/cmd/servstore-cli/main.go:290.2,291.58 2 0
servstore/cmd/servstore-cli/main.go:291.58,293.3 1 0
servstore/cmd/servstore-cli/main.go:295.2,296.17 2 0
servstore/cmd/servstore-cli/main.go:296.17,298.3 1 0
servstore/cmd/servstore-cli/main.go:298.8,300.17 2 0
servstore/cmd/servstore-cli/main.go:300.17,302.4 1 0
servstore/cmd/servstore-cli/main.go:303.3,304.10 2 0
servstore/cmd/servstore-cli/main.go:307.2,308.16 2 0
servstore/cmd/servstore-cli/main.go:308.16,310.3 1 0
servstore/cmd/servstore-cli/main.go:311.2,311.17 1 0
servstore/cmd/servstore-cli/main.go:311.17,313.3 1 0
servstore/cmd/servstore-cli/main.go:314.2,314.12 1 0
servstore/cmd/servstore-cli/main.go:317.33,318.19 1 0
servstore/cmd/servstore-cli/main.go:318.19,320.3 1 0
servstore/cmd/servstore-cli/main.go:321.2,324.16 4 0
servstore/cmd/servstore-cli/main.go:324.16,326.3 1 0
servstore/cmd/servstore-cli/main.go:327.2,328.80 2 0
servstore/cmd/servstore-cli/main.go:328.80,330.3 1 0
servstore/cmd/servstore-cli/main.go:331.2,332.12 2 0
servstore/cmd/servstore-cli/main.go:335.35,336.19 1 0
servstore/cmd/servstore-cli/main.go:336.19,338.3 1 0
servstore/cmd/servstore-cli/main.go:339.2,343.16 3 0
servstore/cmd/servstore-cli/main.go:343.16,345.3 1 0
servstore/cmd/servstore-cli/main.go:347.2,351.16 5 0
servstore/cmd/servstore-cli/main.go:351.16,353.3 1 0
servstore/cmd/servstore-cli/main.go:354.2,355.58 2 0
servstore/cmd/servstore-cli/main.go:355.58,357.3 1 0
servstore/cmd/servstore-cli/main.go:358.2,359.12 2 0
servstore/cmd/servstore-cli/main.go:363.49,365.31 2 0
servstore/cmd/servstore-cli/main.go:365.31,367.17 2 0
servstore/cmd/servstore-cli/main.go:367.17,369.4 1 0
servstore/cmd/servstore-cli/main.go:370.3,370.38 1 0
servstore/cmd/servstore-cli/main.go:372.2,372.31 1 0
servstore/cmd/servstore-cli/main.go:372.31,374.17 2 0
servstore/cmd/servstore-cli/main.go:374.17,376.4 1 0
servstore/cmd/servstore-cli/main.go:377.3,377.39 1 0
servstore/cmd/servstore-cli/main.go:379.2,380.16 2 0
servstore/cmd/servstore-cli/main.go:380.16,382.3 1 0
servstore/cmd/servstore-cli/main.go:383.2,383.26 1 0
servstore/cmd/servstore-cli/main.go:388.36,389.19 1 0
servstore/cmd/servstore-cli/main.go:389.19,391.3 1 0
servstore/cmd/servstore-cli/main.go:392.2,394.29 3 0
servstore/cmd/servstore-cli/main.go:394.29,396.3 1 0
servstore/cmd/servstore-cli/main.go:397.2,398.19 2 0
servstore/cmd/servstore-cli/main.go:398.19,400.3 1 0
servstore/cmd/servstore-cli/main.go:402.2,414.16 5 0
servstore/cmd/servstore-cli/main.go:414.16,416.3 1 0
servstore/cmd/servstore-cli/main.go:417.2,418.58 2 0
servstore/cmd/servstore-cli/main.go:418.58,420.3 1 0
servstore/cmd/servstore-cli/main.go:421.2,421.18 1 0
servstore/cmd/servstore-cli/main.go:421.18,423.3 1 0
servstore/cmd/servstore-cli/main.go:423.8,425.3 1 0
servstore/cmd/servstore-cli/main.go:426.2,426.12 1 0
servstore/cmd/servstore-cli/main.go:442.36,443.19 1 0
servstore/cmd/servstore-cli/main.go:443.19,445.3 1 0
servstore/cmd/servstore-cli/main.go:446.2,449.16 4 0
servstore/cmd/servstore-cli/main.go:449.16,451.3 1 0
servstore/cmd/servstore-cli/main.go:452.2,453.44 2 0
servstore/cmd/servstore-cli/main.go:453.44,456.3 2 0
servstore/cmd/servstore-cli/main.go:457.2,457.58 1 0
servstore/cmd/servstore-cli/main.go:457.58,459.3 1 0
servstore/cmd/servstore-cli/main.go:460.2,461.66 2 0
servstore/cmd/servstore-cli/main.go:461.66,463.3 1 0
servstore/cmd/servstore-cli/main.go:464.2,466.36 3 0
servstore/cmd/servstore-cli/main.go:466.36,468.19 2 0
servstore/cmd/servstore-cli/main.go:468.19,470.4 1 0
servstore/cmd/servstore-cli/main.go:471.3,471.89 1 0
servstore/cmd/servstore-cli/main.go:473.2,474.12 2 0
servstore/cmd/servstore-cli/main.go:477.36,478.19 1 0
servstore/cmd/servstore-cli/main.go:478.19,480.3 1 0
servstore/cmd/servstore-cli/main.go:481.2,484.16 4 0
servstore/cmd/servstore-cli/main.go:484.16,486.3 1 0
servstore/cmd/servstore-cli/main.go:487.2,488.80 2 0
servstore/cmd/servstore-cli/main.go:488.80,490.3 1 0
servstore/cmd/servstore-cli/main.go:491.2,492.12 2 0
servstore/cmd/servstore-cli/main.go:495.40,496.19 1 0
servstore/cmd/servstore-cli/main.go:496.19,498.3 1 0
servstore/cmd/servstore-cli/main.go:499.2,503.16 4 0
servstore/cmd/servstore-cli/main.go:503.16,505.3 1 0
servstore/cmd/servstore-cli/main.go:507.2,508.16 2 0
servstore/cmd/servstore-cli/main.go:508.16,510.3 1 0
servstore/cmd/servstore-cli/main.go:511.2,514.16 3 0
servstore/cmd/servstore-cli/main.go:514.16,516.3 1 0
servstore/cmd/servstore-cli/main.go:517.2,519.80 2 0
servstore/cmd/servstore-cli/main.go:519.80,521.3 1 0
servstore/cmd/servstore-cli/main.go:523.2,524.12 2 0
servstore/cmd/servstore-cli/main.go:527.40,528.19 1 0
servstore/cmd/servstore-cli/main.go:528.19,530.3 1 0
servstore/cmd/servstore-cli/main.go:531.2,534.16 3 0
servstore/cmd/servstore-cli/main.go:534.16,536.3 1 0
servstore/cmd/servstore-cli/main.go:538.2,539.16 2 0
servstore/cmd/servstore-cli/main.go:539.16,541.3 1 0
servstore/cmd/servstore-cli/main.go:542.2,544.58 2 0
servstore/cmd/servstore-cli/main.go:544.58,546.3 1 0
servstore/cmd/servstore-cli/main.go:548.2,549.16 2 0
servstore/cmd/servstore-cli/main.go:549.16,551.3 1 0
servstore/cmd/servstore-cli/main.go:553.2,554.12 2 0
servstore/cmd/servstore-cli/main.go:557.40,558.19 1 0
servstore/cmd/servstore-cli/main.go:558.19,560.3 1 0
servstore/cmd/servstore-cli/main.go:561.2,564.16 3 0
servstore/cmd/servstore-cli/main.go:564.16,566.3 1 0
servstore/cmd/servstore-cli/main.go:568.2,569.16 2 0
servstore/cmd/servstore-cli/main.go:569.16,571.3 1 0
servstore/cmd/servstore-cli/main.go:572.2,574.80 2 0
servstore/cmd/servstore-cli/main.go:574.80,576.3 1 0
servstore/cmd/servstore-cli/main.go:578.2,579.12 2 0
servstore/cmd/servstore-cli/main.go:590.44,592.16 2 0
servstore/cmd/servstore-cli/main.go:592.16,594.3 1 0
servstore/cmd/servstore-cli/main.go:596.2,597.16 2 0
servstore/cmd/servstore-cli/main.go:597.16,599.3 1 0
servstore/cmd/servstore-cli/main.go:600.2,602.58 2 0
servstore/cmd/servstore-cli/main.go:602.58,604.3 1 0
servstore/cmd/servstore-cli/main.go:606.2,607.66 2 0
servstore/cmd/servstore-cli/main.go:607.66,609.3 1 0
servstore/cmd/servstore-cli/main.go:611.2,611.21 1 0
servstore/cmd/servstore-cli/main.go:611.21,614.3 2 0
servstore/cmd/servstore-cli/main.go:616.2,618.29 3 0
servstore/cmd/servstore-cli/main.go:618.29,620.30 2 0
servstore/cmd/servstore-cli/main.go:620.30,622.4 1 0
servstore/cmd/servstore-cli/main.go:623.3,623.98 1 0
servstore/cmd/servstore-cli/main.go:625.2,626.12 2 0
servstore/cmd/servstore-cli/main.go:629.40,630.19 1 0
servstore/cmd/servstore-cli/main.go:630.19,632.3 1 0
servstore/cmd/servstore-cli/main.go:633.2,637.16 4 0
servstore/cmd/servstore-cli/main.go:637.16,639.3 1 0
servstore/cmd/servstore-cli/main.go:641.2,642.16 2 0
servstore/cmd/servstore-cli/main.go:642.16,644.3 1 0
servstore/cmd/servstore-cli/main.go:645.2,647.58 2 0
servstore/cmd/servstore-cli/main.go:647.58,649.3 1 0
servstore/cmd/servstore-cli/main.go:651.2,657.64 2 0
servstore/cmd/servstore-cli/main.go:657.64,659.3 1 0
servstore/cmd/servstore-cli/main.go:661.2,664.12 4 0
servstore/cmd/servstore-cli/main.go:671.30,673.2 1 0
servstore/cmd/servstore-cli/main.go:675.52,676.40 1 0
servstore/cmd/servstore-cli/main.go:676.40,678.3 1 0
servstore/cmd/servstore-cli/main.go:679.2,679.23 1 0
servstore/cmd/servstore-cli/main.go:682.60,683.26 1 0
servstore/cmd/servstore-cli/main.go:683.26,684.27 1 0
servstore/cmd/servstore-cli/main.go:684.27,686.4 1 0
servstore/cmd/servstore-cli/main.go:688.2,689.95 2 0
servstore/cmd/servstore-cli/main.go:692.34,694.16 2 0
servstore/cmd/servstore-cli/main.go:694.16,696.3 1 0
servstore/cmd/servstore-cli/main.go:697.2,697.40 1 0
servstore/cmd/servstore-cli/main.go:700.38,703.2 2 0
servstore/pkg/operator/register.go:23.13,26.2 2 0
servstore/pkg/operator/register.go:29.50,40.2 3 0
servstore/pkg/operator/types.go:104.60,110.2 5 0
servstore/pkg/operator/types.go:119.64,125.2 5 0
servstore/pkg/operator/types.go:182.59,186.2 3 0
servstore/pkg/operator/types.go:195.63,201.2 5 0
servstore/pkg/operator/types.go:240.63,244.2 3 0
servstore/pkg/operator/types.go:253.67,259.2 5 0
