mode: set
servtrace/pkg/server/explain_oss.go:9.81,11.2 1 0
servtrace/pkg/server/nl_trace_oss.go:18.88,19.34 1 0
servtrace/pkg/server/nl_trace_oss.go:19.34,22.3 2 0
servtrace/pkg/server/nl_trace_oss.go:24.2,26.16 3 0
servtrace/pkg/server/nl_trace_oss.go:26.16,31.3 4 0
servtrace/pkg/server/nl_trace_oss.go:33.2,36.27 3 0
servtrace/pkg/server/nl_trace_oss.go:36.27,37.111 1 0
servtrace/pkg/server/nl_trace_oss.go:37.111,38.12 1 0
servtrace/pkg/server/nl_trace_oss.go:40.3,40.92 1 0
servtrace/pkg/server/nl_trace_oss.go:40.92,41.12 1 0
servtrace/pkg/server/nl_trace_oss.go:43.3,43.56 1 0
servtrace/pkg/server/nl_trace_oss.go:43.56,44.93 1 0
servtrace/pkg/server/nl_trace_oss.go:44.93,45.13 1 0
servtrace/pkg/server/nl_trace_oss.go:48.3,48.33 1 0
servtrace/pkg/server/nl_trace_oss.go:51.2,52.37 2 0
servtrace/pkg/server/search_oss.go:9.87,11.2 1 0
servtrace/pkg/server/server.go:21.41,26.2 4 1
servtrace/pkg/server/server.go:28.41,33.75 4 1
servtrace/pkg/server/server.go:33.75,36.3 2 0
servtrace/pkg/server/server.go:38.2,52.80 14 1
servtrace/pkg/server/server.go:52.80,53.38 1 1
servtrace/pkg/server/server.go:53.38,58.4 4 0
servtrace/pkg/server/server.go:60.3,62.21 3 1
servtrace/pkg/server/server.go:62.21,65.4 2 0
servtrace/pkg/server/server.go:66.3,67.44 2 1
servtrace/pkg/server/server.go:67.44,70.4 2 0
servtrace/pkg/server/server.go:71.3,71.49 1 1
servtrace/pkg/server/server.go:71.49,74.4 2 1
servtrace/pkg/server/server.go:75.3,75.40 1 0
servtrace/pkg/server/server.go:78.2,78.83 1 1
servtrace/pkg/server/server.go:78.83,81.21 3 0
servtrace/pkg/server/server.go:81.21,84.4 2 0
servtrace/pkg/server/server.go:85.3,86.49 2 0
servtrace/pkg/server/server.go:86.49,89.4 2 0
servtrace/pkg/server/server.go:90.3,90.50 1 0
servtrace/pkg/server/server.go:93.2,93.39 1 1
servtrace/pkg/server/server.go:129.73,130.35 1 0
servtrace/pkg/server/server.go:130.35,133.3 2 0
servtrace/pkg/server/server.go:136.2,137.63 2 0
servtrace/pkg/server/server.go:137.63,140.3 2 0
servtrace/pkg/server/server.go:143.2,144.9 2 0
servtrace/pkg/server/server.go:144.9,147.3 2 0
servtrace/pkg/server/server.go:149.2,152.9 3 0
servtrace/pkg/server/server.go:152.9,156.3 3 0
servtrace/pkg/server/server.go:158.2,158.40 1 0
servtrace/pkg/server/server.go:158.40,160.10 2 0
servtrace/pkg/server/server.go:160.10,161.12 1 0
servtrace/pkg/server/server.go:164.3,165.66 2 0
servtrace/pkg/server/server.go:165.66,166.68 1 0
servtrace/pkg/server/server.go:166.68,167.37 1 0
servtrace/pkg/server/server.go:167.37,168.58 1 0
servtrace/pkg/server/server.go:168.58,169.43 1 0
servtrace/pkg/server/server.go:169.43,170.71 1 0
servtrace/pkg/server/server.go:170.71,172.9 1 0
servtrace/pkg/server/server.go:179.3,180.10 2 0
servtrace/pkg/server/server.go:180.10,181.12 1 0
servtrace/pkg/server/server.go:184.3,184.40 1 0
servtrace/pkg/server/server.go:184.40,186.11 2 0
servtrace/pkg/server/server.go:186.11,187.13 1 0
servtrace/pkg/server/server.go:190.4,191.11 2 0
servtrace/pkg/server/server.go:191.11,192.13 1 0
servtrace/pkg/server/server.go:195.4,195.29 1 0
servtrace/pkg/server/server.go:195.29,197.12 2 0
servtrace/pkg/server/server.go:197.12,198.14 1 0
servtrace/pkg/server/server.go:201.5,208.47 6 0
servtrace/pkg/server/server.go:208.47,210.6 1 0
servtrace/pkg/server/server.go:212.5,216.69 4 0
servtrace/pkg/server/server.go:216.69,217.56 1 0
servtrace/pkg/server/server.go:217.56,219.7 1 0
servtrace/pkg/server/server.go:222.5,223.65 2 0
servtrace/pkg/server/server.go:223.65,224.38 1 0
servtrace/pkg/server/server.go:224.38,225.59 1 0
servtrace/pkg/server/server.go:225.59,227.71 2 0
servtrace/pkg/server/server.go:227.71,229.9 1 0
servtrace/pkg/server/server.go:235.5,242.33 5 0
servtrace/pkg/server/server.go:242.33,246.6 3 0
servtrace/pkg/server/server.go:248.5,259.7 1 0
servtrace/pkg/server/server.go:264.2,268.41 4 0
servtrace/pkg/server/server.go:271.77,272.34 1 0
servtrace/pkg/server/server.go:272.34,275.3 2 0
servtrace/pkg/server/server.go:277.2,285.27 7 0
servtrace/pkg/server/server.go:285.27,286.107 1 0
servtrace/pkg/server/server.go:286.107,287.12 1 0
servtrace/pkg/server/server.go:289.3,289.112 1 0
servtrace/pkg/server/server.go:289.112,290.12 1 0
servtrace/pkg/server/server.go:292.3,292.49 1 0
servtrace/pkg/server/server.go:292.49,293.12 1 0
servtrace/pkg/server/server.go:295.3,295.27 1 0
servtrace/pkg/server/server.go:295.27,296.96 1 0
servtrace/pkg/server/server.go:296.96,297.13 1 0
servtrace/pkg/server/server.go:300.3,300.33 1 0
servtrace/pkg/server/server.go:303.2,304.37 2 0
servtrace/pkg/server/server.go:307.95,308.34 1 0
servtrace/pkg/server/server.go:308.34,311.3 2 0
servtrace/pkg/server/server.go:313.2,314.9 2 0
servtrace/pkg/server/server.go:314.9,317.21 2 0
servtrace/pkg/server/server.go:317.21,319.4 1 0
servtrace/pkg/server/server.go:320.3,322.22 3 0
servtrace/pkg/server/server.go:322.22,324.4 1 0
servtrace/pkg/server/server.go:326.3,328.22 3 0
servtrace/pkg/server/server.go:328.22,330.4 1 0
servtrace/pkg/server/server.go:332.3,334.53 3 0
servtrace/pkg/server/server.go:334.53,337.86 3 0
servtrace/pkg/server/server.go:337.86,340.67 2 0
servtrace/pkg/server/server.go:340.67,344.6 3 0
servtrace/pkg/server/server.go:347.3,347.17 1 0
servtrace/pkg/server/server.go:347.17,349.4 1 0
servtrace/pkg/server/server.go:351.3,352.9 2 0
servtrace/pkg/server/server.go:355.2,356.33 2 0
servtrace/pkg/server/server.go:359.82,360.34 1 0
servtrace/pkg/server/server.go:360.34,363.3 2 0
servtrace/pkg/server/server.go:365.2,367.34 3 0
servtrace/pkg/server/server.go:370.77,371.34 1 0
servtrace/pkg/server/server.go:371.34,374.3 2 0
servtrace/pkg/server/server.go:376.2,378.36 3 0
servtrace/pkg/server/server.go:389.76,390.35 1 0
servtrace/pkg/server/server.go:390.35,393.3 2 0
servtrace/pkg/server/server.go:395.2,396.61 2 0
servtrace/pkg/server/server.go:396.61,399.3 2 0
servtrace/pkg/server/server.go:401.2,401.21 1 0
servtrace/pkg/server/server.go:401.21,404.3 2 0
servtrace/pkg/server/server.go:406.2,406.26 1 0
servtrace/pkg/server/server.go:406.26,408.3 1 0
servtrace/pkg/server/server.go:410.2,418.42 3 0
servtrace/pkg/server/server.go:421.95,422.34 1 0
servtrace/pkg/server/server.go:422.34,425.3 2 0
servtrace/pkg/server/server.go:427.2,429.33 3 0
servtrace/pkg/server/server.go:432.79,433.34 1 0
servtrace/pkg/server/server.go:433.34,436.3 2 0
servtrace/pkg/server/server.go:438.2,440.38 3 0
servtrace/pkg/server/server.go:443.81,444.34 1 0
servtrace/pkg/server/server.go:444.34,447.3 2 0
servtrace/pkg/server/server.go:449.2,451.16 3 0
servtrace/pkg/server/server.go:451.16,456.3 4 0
servtrace/pkg/server/server.go:458.2,459.40 2 0
servtrace/pkg/server/server.go:462.76,463.34 1 0
servtrace/pkg/server/server.go:463.34,466.3 2 0
servtrace/pkg/server/server.go:468.2,471.27 3 0
servtrace/pkg/server/server.go:471.27,472.25 1 0
servtrace/pkg/server/server.go:472.25,474.29 2 0
servtrace/pkg/server/server.go:474.29,478.43 3 0
servtrace/pkg/server/server.go:478.43,479.43 1 0
servtrace/pkg/server/server.go:479.43,481.7 1 0
servtrace/pkg/server/server.go:482.6,482.39 1 0
servtrace/pkg/server/server.go:482.39,484.7 1 0
servtrace/pkg/server/server.go:486.5,489.28 3 0
servtrace/pkg/server/server.go:489.28,491.6 1 0
servtrace/pkg/server/server.go:493.5,500.7 1 0
servtrace/pkg/server/server.go:505.2,506.40 2 0
servtrace/pkg/server/server.go:509.83,510.34 1 0
servtrace/pkg/server/server.go:510.34,513.3 2 0
servtrace/pkg/server/server.go:515.2,519.27 4 0
servtrace/pkg/server/server.go:519.27,520.23 1 0
servtrace/pkg/server/server.go:520.23,522.4 1 0
servtrace/pkg/server/server.go:525.2,526.15 2 0
servtrace/pkg/server/server.go:526.15,528.3 1 0
servtrace/pkg/server/server.go:531.2,534.25 4 0
servtrace/pkg/server/server.go:534.25,536.3 1 0
servtrace/pkg/server/server.go:538.2,539.27 2 0
servtrace/pkg/server/server.go:539.27,541.3 1 0
servtrace/pkg/server/server.go:543.2,552.4 2 0
servtrace/pkg/server/server.go:555.41,557.12 2 1
servtrace/pkg/server/server.go:557.12,558.22 1 1
servtrace/pkg/server/server.go:558.22,560.4 1 1
servtrace/pkg/server/server.go:564.46,566.22 2 1
servtrace/pkg/server/server.go:566.22,568.3 1 0
servtrace/pkg/server/server.go:570.2,573.27 3 1
servtrace/pkg/server/server.go:573.27,574.22 1 1
servtrace/pkg/server/server.go:574.22,576.24 2 1
servtrace/pkg/server/server.go:576.24,578.5 1 1
servtrace/pkg/server/server.go:582.2,582.39 1 1
servtrace/pkg/server/server.go:582.39,583.17 1 1
servtrace/pkg/server/server.go:583.17,585.22 2 1
servtrace/pkg/server/server.go:585.22,588.5 2 1
servtrace/pkg/server/server.go:593.88,594.34 1 1
servtrace/pkg/server/server.go:594.34,597.3 2 0
servtrace/pkg/server/server.go:599.2,603.27 4 1
servtrace/pkg/server/server.go:603.27,604.25 1 1
servtrace/pkg/server/server.go:604.25,606.29 2 1
servtrace/pkg/server/server.go:606.29,608.40 2 1
servtrace/pkg/server/server.go:608.40,609.28 1 1
servtrace/pkg/server/server.go:609.28,612.35 2 1
servtrace/pkg/server/server.go:612.35,613.76 1 0
servtrace/pkg/server/server.go:613.76,615.9 1 0
servtrace/pkg/server/server.go:618.7,619.96 2 1
servtrace/pkg/server/server.go:619.96,621.8 1 1
servtrace/pkg/server/server.go:621.13,623.50 1 1
servtrace/pkg/server/server.go:623.50,625.9 1 1
servtrace/pkg/server/server.go:628.6,628.39 1 1
servtrace/pkg/server/server.go:628.39,630.7 1 1
servtrace/pkg/server/server.go:632.5,632.19 1 1
servtrace/pkg/server/server.go:637.2,644.50 3 1
servtrace/pkg/server/server.go:644.50,645.17 1 1
servtrace/pkg/server/server.go:645.17,651.4 1 1
servtrace/pkg/server/server.go:654.2,654.44 1 1
servtrace/pkg/server/server.go:654.44,655.17 1 1
servtrace/pkg/server/server.go:655.17,661.4 1 1
servtrace/pkg/server/server.go:664.2,665.44 2 1
servtrace/pkg/server/server.go:668.50,670.20 2 1
servtrace/pkg/server/server.go:670.20,672.3 1 0
servtrace/pkg/server/server.go:674.2,677.16 4 1
servtrace/pkg/server/server.go:677.16,680.3 2 0
servtrace/pkg/server/server.go:681.2,682.38 2 1
servtrace/pkg/server/server.go:682.38,686.3 2 1
servtrace/pkg/server/server.go:686.8,688.3 1 0
servtrace/pkg/server/server.go:708.80,709.34 1 1
servtrace/pkg/server/server.go:709.34,712.3 2 0
servtrace/pkg/server/server.go:714.2,717.38 3 1
servtrace/pkg/server/server.go:717.38,720.3 2 0
servtrace/pkg/server/server.go:722.2,725.18 3 1
servtrace/pkg/server/server.go:725.18,728.3 2 0
servtrace/pkg/server/server.go:730.2,734.34 4 1
servtrace/pkg/server/server.go:734.34,735.47 1 1
servtrace/pkg/server/server.go:735.47,737.4 1 1
servtrace/pkg/server/server.go:740.2,750.39 3 1
servtrace/pkg/server/server.go:753.94,759.40 5 1
servtrace/pkg/server/server.go:759.40,760.18 1 1
servtrace/pkg/server/server.go:760.18,762.4 1 0
servtrace/pkg/server/server.go:763.3,764.28 2 1
servtrace/pkg/server/server.go:764.28,766.4 1 1
servtrace/pkg/server/server.go:767.3,769.39 2 1
servtrace/pkg/server/server.go:769.39,771.4 1 1
servtrace/pkg/server/server.go:774.2,777.17 3 1
servtrace/pkg/server/server.go:777.17,779.3 1 1
servtrace/pkg/server/server.go:781.2,787.3 1 1
servtrace/pkg/server/server.go:790.46,792.12 2 1
servtrace/pkg/server/server.go:792.12,793.22 1 1
servtrace/pkg/server/server.go:793.22,795.4 1 0
servtrace/pkg/server/server.go:817.100,818.34 1 1
servtrace/pkg/server/server.go:818.34,821.3 2 0
servtrace/pkg/server/server.go:823.2,824.9 2 1
servtrace/pkg/server/server.go:824.9,827.3 2 0
servtrace/pkg/server/server.go:829.2,838.40 8 1
servtrace/pkg/server/server.go:838.40,839.18 1 1
servtrace/pkg/server/server.go:839.18,841.4 1 0
servtrace/pkg/server/server.go:843.3,847.34 4 1
servtrace/pkg/server/server.go:847.34,848.62 1 1
servtrace/pkg/server/server.go:848.62,850.5 1 1
servtrace/pkg/server/server.go:851.4,851.62 1 1
servtrace/pkg/server/server.go:851.62,853.5 1 1
servtrace/pkg/server/server.go:854.4,854.69 1 1
servtrace/pkg/server/server.go:854.69,856.5 1 1
servtrace/pkg/server/server.go:859.3,859.38 1 1
servtrace/pkg/server/server.go:859.38,861.4 1 0
servtrace/pkg/server/server.go:863.3,876.19 5 1
servtrace/pkg/server/server.go:876.19,879.21 3 1
servtrace/pkg/server/server.go:879.21,881.5 1 1
servtrace/pkg/server/server.go:881.10,883.5 1 0
servtrace/pkg/server/server.go:886.3,886.39 1 1
servtrace/pkg/server/server.go:886.39,888.4 1 1
servtrace/pkg/server/server.go:891.2,903.36 4 1
servtrace/pkg/server/server.go:906.44,907.25 1 1
servtrace/pkg/server/server.go:908.15,909.13 1 1
servtrace/pkg/server/server.go:910.11,911.22 1 0
servtrace/pkg/server/server.go:912.13,913.22 1 0
servtrace/pkg/server/server.go:914.14,915.56 1 0
servtrace/pkg/server/server.go:915.56,917.4 1 0
servtrace/pkg/server/server.go:919.2,919.12 1 0
servtrace/main.go:22.13,29.14 5 0
servtrace/main.go:29.14,32.3 2 0
servtrace/main.go:34.2,40.56 4 0
servtrace/main.go:40.56,44.21 3 0
servtrace/main.go:44.21,46.4 1 0
servtrace/main.go:47.3,49.22 3 0
servtrace/main.go:49.22,51.4 1 0
servtrace/main.go:54.3,56.22 3 0
servtrace/main.go:56.22,58.4 1 0
servtrace/main.go:59.3,60.43 2 0
servtrace/main.go:60.43,62.4 1 0
servtrace/main.go:65.3,67.17 3 0
servtrace/main.go:67.17,70.4 2 0
servtrace/main.go:72.3,74.22 3 0
servtrace/main.go:74.22,76.4 1 0
servtrace/main.go:78.3,80.17 3 0
servtrace/main.go:80.17,83.4 2 0
servtrace/main.go:84.3,85.80 2 0
servtrace/main.go:88.2,95.12 3 0
servtrace/main.go:95.12,97.81 2 0
servtrace/main.go:97.81,99.4 1 0
servtrace/main.go:103.2,111.54 7 0
servtrace/main.go:111.54,113.3 1 0
servtrace/main.go:115.2,115.55 1 0
servtrace/pkg/store/store.go:86.33,88.61 2 0
servtrace/pkg/store/store.go:88.61,89.48 1 0
servtrace/pkg/store/store.go:89.48,91.4 1 0
servtrace/pkg/store/store.go:93.2,94.72 2 0
servtrace/pkg/store/store.go:94.72,95.58 1 0
servtrace/pkg/store/store.go:95.58,97.4 1 0
servtrace/pkg/store/store.go:99.2,110.3 1 0
servtrace/pkg/store/store.go:113.43,117.32 3 0
servtrace/pkg/store/store.go:117.32,119.23 2 0
servtrace/pkg/store/store.go:119.23,121.4 1 0
servtrace/pkg/store/store.go:122.3,122.25 1 0
servtrace/pkg/store/store.go:122.25,125.4 2 0
servtrace/pkg/store/store.go:128.2,128.22 1 0
servtrace/pkg/store/store.go:128.22,130.41 2 0
servtrace/pkg/store/store.go:130.41,132.4 1 0
servtrace/pkg/store/store.go:132.9,134.4 1 0
servtrace/pkg/store/store.go:137.2,137.32 1 0
servtrace/pkg/store/store.go:137.32,139.20 2 0
servtrace/pkg/store/store.go:139.20,140.12 1 0
servtrace/pkg/store/store.go:143.3,143.45 1 0
servtrace/pkg/store/store.go:143.45,145.51 1 0
servtrace/pkg/store/store.go:145.51,156.58 8 0
servtrace/pkg/store/store.go:156.58,158.6 1 0
servtrace/pkg/store/store.go:160.4,165.33 4 0
servtrace/pkg/store/store.go:165.33,167.5 1 0
servtrace/pkg/store/store.go:168.4,169.44 2 0
servtrace/pkg/store/store.go:173.3,174.45 2 0
servtrace/pkg/store/store.go:174.45,175.38 1 0
servtrace/pkg/store/store.go:175.38,177.10 2 0
servtrace/pkg/store/store.go:181.3,181.17 1 0
servtrace/pkg/store/store.go:181.17,183.31 1 0
servtrace/pkg/store/store.go:183.31,185.37 2 0
servtrace/pkg/store/store.go:185.37,186.57 1 0
servtrace/pkg/store/store.go:186.57,188.12 2 0
servtrace/pkg/store/store.go:191.5,191.26 1 0
servtrace/pkg/store/store.go:191.26,192.30 1 0
servtrace/pkg/store/store.go:192.30,193.84 1 0
servtrace/pkg/store/store.go:193.84,195.13 2 0
servtrace/pkg/store/store.go:200.5,200.58 1 0
servtrace/pkg/store/store.go:200.58,201.32 1 0
servtrace/pkg/store/store.go:201.32,203.7 1 0
servtrace/pkg/store/store.go:204.6,204.46 1 0
servtrace/pkg/store/store.go:204.46,205.43 1 0
servtrace/pkg/store/store.go:205.43,206.52 1 0
servtrace/pkg/store/store.go:206.52,208.9 1 0
servtrace/pkg/store/store.go:214.4,219.30 4 0
servtrace/pkg/store/store.go:219.30,220.55 1 0
servtrace/pkg/store/store.go:220.55,222.6 1 0
servtrace/pkg/store/store.go:224.4,224.30 1 0
servtrace/pkg/store/store.go:224.30,226.5 1 0
servtrace/pkg/store/store.go:229.4,229.29 1 0
servtrace/pkg/store/store.go:234.25,239.2 4 0
servtrace/pkg/store/store.go:241.45,247.38 4 0
servtrace/pkg/store/store.go:247.38,248.22 1 0
servtrace/pkg/store/store.go:248.22,249.12 1 0
servtrace/pkg/store/store.go:253.3,259.30 6 0
servtrace/pkg/store/store.go:259.30,260.31 1 0
servtrace/pkg/store/store.go:260.31,263.5 2 0
servtrace/pkg/store/store.go:264.4,264.33 1 0
servtrace/pkg/store/store.go:264.33,266.5 1 0
servtrace/pkg/store/store.go:267.4,267.29 1 0
servtrace/pkg/store/store.go:267.29,269.5 1 0
servtrace/pkg/store/store.go:270.4,270.24 1 0
servtrace/pkg/store/store.go:270.24,272.5 1 0
servtrace/pkg/store/store.go:275.3,275.17 1 0
servtrace/pkg/store/store.go:275.17,277.31 1 0
servtrace/pkg/store/store.go:277.31,278.35 1 0
servtrace/pkg/store/store.go:278.35,280.11 2 0
servtrace/pkg/store/store.go:285.3,286.21 2 0
servtrace/pkg/store/store.go:286.21,288.4 1 0
servtrace/pkg/store/store.go:290.3,298.5 1 0
servtrace/pkg/store/store.go:301.2,301.18 1 0
servtrace/pkg/store/store.go:304.64,309.28 4 0
servtrace/pkg/store/store.go:309.28,311.3 1 0
servtrace/pkg/store/store.go:314.2,318.29 4 0
servtrace/pkg/store/store.go:318.29,319.32 1 0
servtrace/pkg/store/store.go:319.32,321.4 1 0
servtrace/pkg/store/store.go:324.2,325.29 2 0
servtrace/pkg/store/store.go:325.29,331.26 2 0
servtrace/pkg/store/store.go:331.26,333.4 1 0
servtrace/pkg/store/store.go:334.3,334.24 1 0
servtrace/pkg/store/store.go:334.24,336.4 1 0
servtrace/pkg/store/store.go:337.3,337.28 1 0
servtrace/pkg/store/store.go:341.2,341.29 1 0
servtrace/pkg/store/store.go:341.29,343.16 2 0
servtrace/pkg/store/store.go:343.16,345.4 1 0
servtrace/pkg/store/store.go:345.9,347.4 1 0
servtrace/pkg/store/store.go:351.2,351.21 1 0
servtrace/pkg/store/store.go:351.21,353.30 2 0
servtrace/pkg/store/store.go:353.30,354.72 1 0
servtrace/pkg/store/store.go:354.72,356.5 1 0
servtrace/pkg/store/store.go:358.3,358.22 1 0
servtrace/pkg/store/store.go:362.2,363.35 2 0
servtrace/pkg/store/store.go:363.35,364.18 1 0
servtrace/pkg/store/store.go:364.18,366.4 1 0
servtrace/pkg/store/store.go:367.3,369.34 3 0
servtrace/pkg/store/store.go:369.34,371.4 1 0
servtrace/pkg/store/store.go:374.2,376.23 2 0
servtrace/pkg/store/store.go:399.59,414.32 7 0
servtrace/pkg/store/store.go:414.32,415.30 1 0
servtrace/pkg/store/store.go:415.30,417.4 1 0
servtrace/pkg/store/store.go:420.2,420.32 1 0
servtrace/pkg/store/store.go:420.32,421.30 1 0
servtrace/pkg/store/store.go:421.30,423.17 2 0
servtrace/pkg/store/store.go:423.17,425.5 1 0
servtrace/pkg/store/store.go:428.4,429.11 2 0
servtrace/pkg/store/store.go:429.11,432.5 2 0
servtrace/pkg/store/store.go:433.4,435.19 3 0
servtrace/pkg/store/store.go:435.19,437.5 1 0
servtrace/pkg/store/store.go:438.4,439.24 2 0
servtrace/pkg/store/store.go:439.24,441.5 1 0
servtrace/pkg/store/store.go:444.4,444.31 1 0
servtrace/pkg/store/store.go:444.31,446.31 2 0
servtrace/pkg/store/store.go:446.31,448.44 1 0
servtrace/pkg/store/store.go:448.44,450.7 1 0
servtrace/pkg/store/store.go:451.6,452.13 2 0
servtrace/pkg/store/store.go:452.13,455.7 2 0
servtrace/pkg/store/store.go:456.6,458.26 3 0
servtrace/pkg/store/store.go:458.26,460.7 1 0
servtrace/pkg/store/store.go:467.2,468.32 2 0
servtrace/pkg/store/store.go:468.32,470.26 2 0
servtrace/pkg/store/store.go:470.26,472.4 1 0
servtrace/pkg/store/store.go:473.3,474.26 2 0
servtrace/pkg/store/store.go:474.26,476.4 1 0
servtrace/pkg/store/store.go:477.3,482.5 1 0
servtrace/pkg/store/store.go:486.2,487.38 2 0
servtrace/pkg/store/store.go:487.38,488.32 1 0
servtrace/pkg/store/store.go:488.32,490.27 2 0
servtrace/pkg/store/store.go:490.27,492.5 1 0
servtrace/pkg/store/store.go:493.4,494.27 2 0
servtrace/pkg/store/store.go:494.27,496.5 1 0
servtrace/pkg/store/store.go:497.4,503.6 1 0
servtrace/pkg/store/store.go:507.2,510.3 1 0
servtrace/pkg/store/store.go:514.42,515.25 1 0
servtrace/pkg/store/store.go:516.13,517.13 1 0
servtrace/pkg/store/store.go:518.15,519.20 1 0
servtrace/pkg/store/store.go:520.14,521.58 1 0
servtrace/pkg/store/store.go:521.58,523.4 1 0
servtrace/pkg/store/store.go:525.2,525.10 1 0
servtrace/pkg/store/store.go:528.46,529.43 1 0
servtrace/pkg/store/store.go:529.43,531.3 1 0
servtrace/pkg/store/store.go:533.2,540.27 6 0
servtrace/pkg/store/store.go:540.27,547.3 5 0
servtrace/pkg/store/store.go:550.2,554.33 3 0
servtrace/pkg/store/store.go:554.33,556.3 1 0
servtrace/pkg/store/store.go:557.2,557.34 1 0
servtrace/pkg/store/store.go:557.34,559.3 1 0
servtrace/pkg/store/store.go:563.2,563.49 1 0
servtrace/pkg/store/store.go:563.49,567.3 3 0
servtrace/pkg/store/store.go:570.2,570.36 1 0
servtrace/pkg/store/store.go:570.36,573.44 3 0
servtrace/pkg/store/store.go:573.44,574.22 1 0
servtrace/pkg/store/store.go:574.22,576.5 1 0
servtrace/pkg/store/store.go:578.3,578.73 1 0
servtrace/pkg/store/store.go:578.73,582.4 3 0
servtrace/pkg/store/store.go:585.2,585.28 1 0
servtrace/pkg/store/store.go:585.28,587.3 1 0
servtrace/pkg/store/store.go:590.46,596.37 4 0
servtrace/pkg/store/store.go:596.37,597.21 1 0
servtrace/pkg/store/store.go:597.21,598.12 1 0
servtrace/pkg/store/store.go:601.3,602.21 2 0
servtrace/pkg/store/store.go:602.21,603.12 1 0
servtrace/pkg/store/store.go:605.3,620.40 11 0
servtrace/pkg/store/store.go:620.40,621.36 1 0
servtrace/pkg/store/store.go:621.36,623.5 1 0
servtrace/pkg/store/store.go:625.3,634.5 2 0
servtrace/pkg/store/store.go:637.2,637.18 1 0
servtrace/pkg/store/store.go:640.53,645.37 4 0
servtrace/pkg/store/store.go:645.37,647.3 1 0
servtrace/pkg/store/store.go:650.51,655.9 4 0
servtrace/pkg/store/store.go:655.9,657.3 1 0
servtrace/pkg/store/store.go:659.2,661.17 3 0
servtrace/pkg/store/store.go:664.42,671.2 5 0
servtrace/pkg/store/store.go:673.46,677.2 3 0
servtrace/pkg/store/store.go:679.60,680.19 1 0
servtrace/pkg/store/store.go:680.19,682.3 1 0
servtrace/pkg/store/store.go:683.2,685.41 3 0
servtrace/pkg/store/store.go:685.41,686.49 1 0
servtrace/pkg/store/store.go:686.49,688.4 1 0
servtrace/pkg/store/store.go:690.2,690.23 1 0
servtrace/pkg/store/store.go:693.61,695.59 2 0
servtrace/pkg/store/store.go:695.59,696.52 1 0
servtrace/pkg/store/store.go:696.52,698.4 1 0
servtrace/pkg/store/store.go:700.2,700.19 1 0
servtrace/pkg/store/store.go:700.19,702.3 1 0
servtrace/pkg/store/store.go:703.2,705.41 3 0
servtrace/pkg/store/store.go:705.41,706.52 1 0
servtrace/pkg/store/store.go:706.52,708.4 1 0
servtrace/pkg/store/store.go:710.2,710.19 1 0
servtrace/pkg/store/store.go:713.38,720.34 5 0
servtrace/pkg/store/store.go:720.34,722.33 2 0
servtrace/pkg/store/store.go:722.33,723.12 1 0
servtrace/pkg/store/store.go:726.3,728.30 3 0
servtrace/pkg/store/store.go:728.30,729.37 1 0
servtrace/pkg/store/store.go:729.37,732.5 2 0
servtrace/pkg/store/store.go:735.3,738.31 3 0
servtrace/pkg/store/store.go:738.31,745.57 6 0
servtrace/pkg/store/store.go:745.57,747.5 1 0
servtrace/pkg/store/store.go:748.9,750.4 1 0
servtrace/pkg/store/store.go:752.2,752.23 1 0
