mode: set
servregistry/main.go:27.13,36.49 7 0
servregistry/main.go:36.49,38.3 1 0
servregistry/main.go:39.2,39.72 1 0
servregistry/main.go:39.72,41.3 1 0
servregistry/main.go:42.2,42.76 1 0
servregistry/main.go:42.76,44.3 1 0
servregistry/main.go:45.2,45.76 1 0
servregistry/main.go:45.76,47.3 1 0
servregistry/main.go:49.2,51.131 2 0
servregistry/main.go:51.131,57.3 1 0
servregistry/main.go:59.2,63.16 2 0
servregistry/main.go:63.16,65.3 1 0
servregistry/main.go:67.2,67.64 1 0
servregistry/main.go:67.64,69.3 1 0
servregistry/main.go:71.2,106.12 27 0
servregistry/main.go:106.12,107.80 1 0
servregistry/main.go:107.80,109.4 1 0
servregistry/main.go:112.2,118.53 5 0
servregistry/main.go:118.53,120.3 1 0
servregistry/main.go:120.8,122.3 1 0
servregistry/pkg/registry/registry.go:62.45,69.2 3 0
servregistry/pkg/registry/registry.go:71.27,73.16 2 0
servregistry/pkg/registry/registry.go:73.16,75.3 1 0
servregistry/pkg/registry/registry.go:78.27,80.16 2 0
servregistry/pkg/registry/registry.go:80.16,82.3 1 0
servregistry/pkg/registry/registry.go:85.66,90.79 4 0
servregistry/pkg/registry/registry.go:90.79,92.3 1 0
servregistry/pkg/registry/registry.go:94.2,95.13 2 0
servregistry/pkg/registry/registry.go:95.13,99.3 3 0
servregistry/pkg/registry/registry.go:101.2,101.27 1 0
servregistry/pkg/registry/registry.go:106.46,110.16 2 0
servregistry/pkg/registry/registry.go:110.16,113.3 2 0
servregistry/pkg/registry/registry.go:115.2,119.16 3 0
servregistry/pkg/registry/registry.go:119.16,121.3 1 0
servregistry/pkg/registry/registry.go:122.2,122.60 1 0
servregistry/pkg/registry/registry.go:125.45,129.16 2 0
servregistry/pkg/registry/registry.go:129.16,132.3 2 0
servregistry/pkg/registry/registry.go:134.2,139.36 4 0
servregistry/pkg/registry/registry.go:139.36,141.47 2 0
servregistry/pkg/registry/registry.go:141.47,146.18 2 0
servregistry/pkg/registry/registry.go:146.18,147.13 1 0
servregistry/pkg/registry/registry.go:149.4,151.18 3 0
servregistry/pkg/registry/registry.go:151.18,152.13 1 0
servregistry/pkg/registry/registry.go:155.4,156.54 2 0
servregistry/pkg/registry/registry.go:156.54,160.43 4 0
servregistry/pkg/registry/registry.go:160.43,163.43 3 0
servregistry/pkg/registry/registry.go:163.43,166.7 2 0
servregistry/pkg/registry/registry.go:166.12,166.29 1 0
servregistry/pkg/registry/registry.go:166.29,168.7 1 0
servregistry/pkg/registry/registry.go:170.5,175.6 1 0
servregistry/pkg/registry/registry.go:179.2,179.73 1 0
servregistry/pkg/registry/registry.go:188.98,190.14 2 0
servregistry/pkg/registry/registry.go:190.14,192.24 2 0
servregistry/pkg/registry/registry.go:192.24,194.23 2 0
servregistry/pkg/registry/registry.go:194.23,196.5 1 0
servregistry/pkg/registry/registry.go:199.2,205.4 3 0
servregistry/pkg/registry/registry.go:208.102,214.16 3 0
servregistry/pkg/registry/registry.go:214.16,218.64 4 0
servregistry/pkg/registry/registry.go:218.64,219.65 1 0
servregistry/pkg/registry/registry.go:219.65,221.5 1 0
servregistry/pkg/resolution/resolution.go:16.51,19.21 3 0
servregistry/pkg/resolution/resolution.go:19.21,21.3 1 0
servregistry/pkg/resolution/resolution.go:22.2,25.47 4 0
servregistry/pkg/resolution/resolution.go:25.47,27.3 1 0
servregistry/pkg/resolution/resolution.go:28.2,28.33 1 0
servregistry/pkg/resolution/resolution.go:31.52,32.63 1 0
servregistry/pkg/resolution/resolution.go:32.63,34.3 1 0
servregistry/pkg/resolution/resolution.go:35.2,35.28 1 0
servregistry/pkg/resolution/resolution.go:35.28,37.3 1 0
servregistry/pkg/resolution/resolution.go:39.2,40.16 2 0
servregistry/pkg/resolution/resolution.go:40.16,42.3 1 0
servregistry/pkg/resolution/resolution.go:44.2,44.38 1 0
servregistry/pkg/resolution/resolution.go:44.38,47.17 3 0
servregistry/pkg/resolution/resolution.go:47.17,49.4 1 0
servregistry/pkg/resolution/resolution.go:50.3,50.19 1 0
servregistry/pkg/resolution/resolution.go:50.19,52.4 1 0
servregistry/pkg/resolution/resolution.go:53.3,53.18 1 0
servregistry/pkg/resolution/resolution.go:53.18,55.4 1 0
servregistry/pkg/resolution/resolution.go:56.3,56.34 1 0
servregistry/pkg/resolution/resolution.go:56.34,58.4 1 0
servregistry/pkg/resolution/resolution.go:59.3,59.14 1 0
servregistry/pkg/resolution/resolution.go:62.2,62.38 1 0
servregistry/pkg/resolution/resolution.go:62.38,65.17 3 0
servregistry/pkg/resolution/resolution.go:65.17,67.4 1 0
servregistry/pkg/resolution/resolution.go:68.3,68.35 1 0
servregistry/pkg/resolution/resolution.go:68.35,70.4 1 0
servregistry/pkg/resolution/resolution.go:71.3,71.18 1 0
servregistry/pkg/resolution/resolution.go:71.18,73.4 1 0
servregistry/pkg/resolution/resolution.go:74.3,74.14 1 0
servregistry/pkg/resolution/resolution.go:77.2,77.14 1 0
servregistry/pkg/resolution/resolution.go:80.94,85.26 4 0
servregistry/pkg/resolution/resolution.go:85.26,86.31 1 0
servregistry/pkg/resolution/resolution.go:86.31,88.18 2 0
servregistry/pkg/resolution/resolution.go:88.18,89.13 1 0
servregistry/pkg/resolution/resolution.go:91.4,91.14 1 0
servregistry/pkg/resolution/resolution.go:91.14,95.13 4 0
servregistry/pkg/resolution/resolution.go:97.4,97.21 1 0
servregistry/pkg/resolution/resolution.go:97.21,100.5 2 0
servregistry/pkg/resolution/resolution.go:100.10,100.29 1 0
servregistry/pkg/resolution/resolution.go:100.29,101.22 1 0
servregistry/pkg/resolution/resolution.go:101.22,104.6 2 0
servregistry/pkg/resolution/resolution.go:104.11,104.30 1 0
servregistry/pkg/resolution/resolution.go:104.30,105.23 1 0
servregistry/pkg/resolution/resolution.go:105.23,108.7 2 0
servregistry/pkg/resolution/resolution.go:114.2,114.20 1 0
servregistry/pkg/resolution/resolution.go:117.76,119.16 2 0
servregistry/pkg/resolution/resolution.go:119.16,121.3 1 0
servregistry/pkg/resolution/resolution.go:122.2,125.6 3 0
servregistry/pkg/resolution/resolution.go:125.6,127.20 2 0
servregistry/pkg/resolution/resolution.go:127.20,128.9 1 0
servregistry/pkg/resolution/resolution.go:130.3,130.17 1 0
servregistry/pkg/resolution/resolution.go:130.17,132.4 1 0
servregistry/pkg/resolution/resolution.go:134.3,134.45 1 0
servregistry/pkg/resolution/resolution.go:134.45,136.47 2 0
servregistry/pkg/resolution/resolution.go:136.47,138.5 1 0
servregistry/pkg/resolution/resolution.go:139.4,139.38 1 0
servregistry/pkg/resolution/resolution.go:142.2,142.74 1 0
servregistry/pkg/resolution/resolution.go:145.70,152.29 5 0
servregistry/pkg/resolution/resolution.go:152.29,154.49 2 0
servregistry/pkg/resolution/resolution.go:154.49,155.12 1 0
servregistry/pkg/resolution/resolution.go:157.3,157.67 1 0
servregistry/pkg/resolution/resolution.go:157.67,159.33 2 0
servregistry/pkg/resolution/resolution.go:159.33,161.5 1 0
servregistry/pkg/resolution/resolution.go:161.10,163.5 1 0
servregistry/pkg/resolution/resolution.go:164.4,164.12 1 0
servregistry/pkg/resolution/resolution.go:167.3,168.22 2 0
servregistry/pkg/resolution/resolution.go:168.22,169.12 1 0
servregistry/pkg/resolution/resolution.go:172.3,175.61 3 0
servregistry/pkg/resolution/resolution.go:175.61,177.4 1 0
servregistry/pkg/resolution/resolution.go:179.3,179.28 1 0
servregistry/pkg/resolution/resolution.go:179.28,181.4 1 0
servregistry/pkg/resolution/resolution.go:181.9,182.13 1 0
servregistry/pkg/resolution/resolution.go:183.16,184.13 1 0
servregistry/pkg/resolution/resolution.go:185.19,186.16 1 0
servregistry/pkg/resolution/resolution.go:190.2,190.41 1 0
servregistry/pkg/signing/signing.go:12.65,14.21 2 0
servregistry/pkg/signing/signing.go:14.21,16.3 1 0
servregistry/pkg/signing/signing.go:18.2,25.54 6 0
servregistry/pkg/signing/signing.go:25.54,27.3 1 0
servregistry/pkg/signing/signing.go:29.2,30.16 2 0
servregistry/pkg/signing/signing.go:30.16,32.3 1 0
servregistry/pkg/signing/signing.go:34.2,38.62 2 0
servregistry/pkg/signing/signing.go:38.62,40.3 1 0
servregistry/pkg/signing/signing.go:42.2,42.54 1 0
servregistry/pkg/signing/signing.go:42.54,44.3 1 0
servregistry/pkg/signing/signing.go:46.2,46.30 1 0
servregistry/pkg/signing/signing.go:49.48,52.2 2 0
servregistry/pkg/web/web.go:58.32,60.2 1 0
servregistry/pkg/web/web.go:62.20,65.16 3 0
servregistry/pkg/web/web.go:65.16,66.27 1 0
servregistry/pkg/web/web.go:66.27,67.58 1 0
servregistry/pkg/web/web.go:67.58,70.19 3 0
servregistry/pkg/web/web.go:70.19,72.6 1 0
servregistry/pkg/web/web.go:78.60,79.33 1 0
servregistry/pkg/web/web.go:79.33,82.3 2 0
servregistry/pkg/web/web.go:85.2,85.64 1 0
servregistry/pkg/web/web.go:85.64,87.68 2 0
servregistry/pkg/web/web.go:87.68,90.4 2 0
servregistry/pkg/web/web.go:91.3,92.66 2 0
servregistry/pkg/web/web.go:92.66,95.4 2 0
servregistry/pkg/web/web.go:99.2,100.16 2 0
servregistry/pkg/web/web.go:100.16,104.3 3 0
servregistry/pkg/web/web.go:107.2,108.18 2 0
servregistry/pkg/web/web.go:108.18,110.3 1 0
servregistry/pkg/web/web.go:111.2,112.21 2 0
servregistry/pkg/web/web.go:112.21,114.3 1 0
servregistry/pkg/web/web.go:116.2,116.37 1 0
servregistry/pkg/web/web.go:116.37,119.3 2 0
servregistry/pkg/web/web.go:121.2,122.58 2 0
servregistry/pkg/web/web.go:122.58,125.3 2 0
servregistry/pkg/web/web.go:127.2,128.61 2 0
servregistry/pkg/web/web.go:128.61,131.3 2 0
servregistry/pkg/web/web.go:133.2,133.50 1 0
servregistry/pkg/web/web.go:133.50,136.3 2 0
servregistry/pkg/web/web.go:139.2,140.16 2 0
servregistry/pkg/web/web.go:140.16,144.17 3 0
servregistry/pkg/web/web.go:144.17,147.4 2 0
servregistry/pkg/web/web.go:148.3,149.20 2 0
servregistry/pkg/web/web.go:149.20,151.4 1 0
servregistry/pkg/web/web.go:152.3,152.20 1 0
servregistry/pkg/web/web.go:156.2,157.67 2 0
servregistry/pkg/web/web.go:157.67,162.3 4 0
servregistry/pkg/web/web.go:162.8,164.3 1 0
servregistry/pkg/web/web.go:165.2,167.63 3 0
servregistry/pkg/web/web.go:167.63,170.3 2 0
servregistry/pkg/web/web.go:173.2,173.51 1 0
servregistry/pkg/web/web.go:173.51,176.3 2 0
servregistry/pkg/web/web.go:178.2,191.16 7 0
servregistry/pkg/web/web.go:191.16,194.18 3 0
servregistry/pkg/web/web.go:194.18,196.4 1 0
servregistry/pkg/web/web.go:200.2,208.16 3 0
servregistry/pkg/web/web.go:208.16,211.3 2 0
servregistry/pkg/web/web.go:214.2,220.16 2 0
servregistry/pkg/web/web.go:220.16,224.3 3 0
servregistry/pkg/web/web.go:227.2,235.16 4 0
servregistry/pkg/web/web.go:235.16,239.3 3 0
servregistry/pkg/web/web.go:242.2,249.16 3 0
servregistry/pkg/web/web.go:249.16,253.3 3 0
servregistry/pkg/web/web.go:256.2,257.66 2 0
servregistry/pkg/web/web.go:257.66,258.80 1 0
servregistry/pkg/web/web.go:258.80,260.4 1 0
servregistry/pkg/web/web.go:261.8,261.71 1 0
servregistry/pkg/web/web.go:261.71,263.3 1 0
servregistry/pkg/web/web.go:263.8,263.80 1 0
servregistry/pkg/web/web.go:263.80,271.3 2 0
servregistry/pkg/web/web.go:273.2,273.29 1 0
servregistry/pkg/web/web.go:273.29,282.3 3 0
servregistry/pkg/web/web.go:285.2,289.44 5 0
servregistry/pkg/web/web.go:289.44,292.40 3 0
servregistry/pkg/web/web.go:292.40,295.4 2 0
servregistry/pkg/web/web.go:297.2,306.96 4 0
servregistry/pkg/web/web.go:309.63,310.32 1 0
servregistry/pkg/web/web.go:310.32,313.3 2 0
servregistry/pkg/web/web.go:316.2,317.56 2 0
servregistry/pkg/web/web.go:317.56,319.3 1 0
servregistry/pkg/web/web.go:319.8,321.3 1 0
servregistry/pkg/web/web.go:322.2,322.16 1 0
servregistry/pkg/web/web.go:322.16,325.3 2 0
servregistry/pkg/web/web.go:327.2,333.57 5 0
servregistry/pkg/web/web.go:333.57,336.73 3 0
servregistry/pkg/web/web.go:336.73,342.18 3 0
servregistry/pkg/web/web.go:342.18,346.66 4 0
servregistry/pkg/web/web.go:346.66,348.6 1 0
servregistry/pkg/web/web.go:351.3,352.82 2 0
servregistry/pkg/web/web.go:353.8,353.28 1 0
servregistry/pkg/web/web.go:353.28,356.73 3 0
servregistry/pkg/web/web.go:356.73,362.18 3 0
servregistry/pkg/web/web.go:362.18,366.66 4 0
servregistry/pkg/web/web.go:366.66,368.6 1 0
servregistry/pkg/web/web.go:371.3,371.74 1 0
servregistry/pkg/web/web.go:372.8,372.79 1 0
servregistry/pkg/web/web.go:372.79,379.17 4 0
servregistry/pkg/web/web.go:379.17,381.4 1 0
servregistry/pkg/web/web.go:381.9,385.95 4 0
servregistry/pkg/web/web.go:385.95,388.47 3 0
servregistry/pkg/web/web.go:388.47,390.43 2 0
servregistry/pkg/web/web.go:390.43,393.7 2 0
servregistry/pkg/web/web.go:393.12,393.29 1 0
servregistry/pkg/web/web.go:393.29,395.7 1 0
servregistry/pkg/web/web.go:397.5,398.74 2 0
servregistry/pkg/web/web.go:399.10,401.5 1 0
servregistry/pkg/web/web.go:403.8,405.22 2 0
servregistry/pkg/web/web.go:405.22,406.59 1 0
servregistry/pkg/web/web.go:406.59,409.5 2 0
servregistry/pkg/web/web.go:409.10,412.5 2 0
servregistry/pkg/web/web.go:416.2,420.16 2 0
servregistry/pkg/web/web.go:420.16,422.21 2 0
servregistry/pkg/web/web.go:422.21,430.56 7 0
servregistry/pkg/web/web.go:430.56,433.23 3 0
servregistry/pkg/web/web.go:433.23,447.6 6 0
servregistry/pkg/web/web.go:449.4,449.18 1 0
servregistry/pkg/web/web.go:449.18,451.5 1 0
servregistry/pkg/web/web.go:454.3,456.9 3 0
servregistry/pkg/web/web.go:458.2,460.33 2 0
servregistry/pkg/web/web.go:460.33,462.3 1 0
servregistry/pkg/web/web.go:464.2,466.49 3 0
servregistry/pkg/web/web.go:466.49,468.3 1 0
servregistry/pkg/web/web.go:471.67,476.48 4 0
servregistry/pkg/web/web.go:476.48,477.68 1 0
servregistry/pkg/web/web.go:477.68,479.4 1 0
servregistry/pkg/web/web.go:481.2,484.36 3 0
servregistry/pkg/web/web.go:487.64,488.48 1 0
servregistry/pkg/web/web.go:488.48,491.3 2 0
servregistry/pkg/web/web.go:492.2,492.43 1 0
servregistry/pkg/web/web.go:492.43,495.3 2 0
servregistry/pkg/web/web.go:496.2,496.49 1 0
servregistry/pkg/web/web.go:496.49,499.3 2 0
servregistry/pkg/web/web.go:500.2,500.26 1 0
servregistry/pkg/web/web.go:503.65,504.32 1 0
servregistry/pkg/web/web.go:504.32,507.3 2 0
servregistry/pkg/web/web.go:509.2,511.45 3 0
servregistry/pkg/web/web.go:511.45,513.3 1 0
servregistry/pkg/web/web.go:514.2,517.37 3 0
servregistry/pkg/web/web.go:520.64,522.56 2 0
servregistry/pkg/web/web.go:522.56,524.3 1 0
servregistry/pkg/web/web.go:524.8,526.3 1 0
servregistry/pkg/web/web.go:527.2,529.16 3 0
servregistry/pkg/web/web.go:529.16,532.3 2 0
servregistry/pkg/web/web.go:534.2,539.16 3 0
servregistry/pkg/web/web.go:539.16,542.3 2 0
servregistry/pkg/web/web.go:543.2,546.23 3 0
servregistry/pkg/web/web.go:549.60,551.56 2 0
servregistry/pkg/web/web.go:551.56,553.3 1 0
servregistry/pkg/web/web.go:553.8,555.3 1 0
servregistry/pkg/web/web.go:556.2,560.57 4 0
servregistry/pkg/web/web.go:560.57,562.22 2 0
servregistry/pkg/web/web.go:562.22,564.4 1 0
servregistry/pkg/web/web.go:565.8,565.28 1 0
servregistry/pkg/web/web.go:565.28,567.3 1 0
servregistry/pkg/web/web.go:567.8,567.28 1 0
servregistry/pkg/web/web.go:567.28,570.3 2 0
servregistry/pkg/web/web.go:570.8,573.3 2 0
servregistry/pkg/web/web.go:576.2,581.16 3 0
servregistry/pkg/web/web.go:581.16,584.3 2 0
servregistry/pkg/web/web.go:585.2,588.16 3 0
servregistry/pkg/web/web.go:588.16,591.3 2 0
servregistry/pkg/web/web.go:593.2,594.56 2 0
servregistry/pkg/web/web.go:594.56,597.3 2 0
servregistry/pkg/web/web.go:600.2,600.19 1 0
servregistry/pkg/web/web.go:600.19,602.45 2 0
servregistry/pkg/web/web.go:602.45,604.41 2 0
servregistry/pkg/web/web.go:604.41,607.5 2 0
servregistry/pkg/web/web.go:609.8,609.79 1 0
servregistry/pkg/web/web.go:609.79,611.3 1 0
servregistry/pkg/web/web.go:613.2,614.9 2 0
servregistry/pkg/web/web.go:614.9,617.3 2 0
servregistry/pkg/web/web.go:620.2,635.21 5 0
servregistry/pkg/web/web.go:635.21,642.20 5 0
servregistry/pkg/web/web.go:642.20,643.12 1 0
servregistry/pkg/web/web.go:645.3,652.17 4 0
servregistry/pkg/web/web.go:652.17,654.12 2 0
servregistry/pkg/web/web.go:657.3,661.59 4 0
servregistry/pkg/web/web.go:661.59,662.12 1 0
servregistry/pkg/web/web.go:666.3,667.25 2 0
servregistry/pkg/web/web.go:667.25,669.4 1 0
servregistry/pkg/web/web.go:670.3,670.69 1 0
servregistry/pkg/web/web.go:670.69,672.45 2 0
servregistry/pkg/web/web.go:672.45,674.42 2 0
servregistry/pkg/web/web.go:674.42,677.6 2 0
servregistry/pkg/web/web.go:681.3,681.49 1 0
servregistry/pkg/web/web.go:681.49,684.4 2 0
servregistry/pkg/web/web.go:684.9,686.4 1 0
servregistry/pkg/web/web.go:689.2,695.4 2 0
servregistry/pkg/web/web.go:698.62,699.33 1 0
servregistry/pkg/web/web.go:699.33,702.3 2 0
servregistry/pkg/web/web.go:704.2,704.64 1 0
servregistry/pkg/web/web.go:704.64,706.68 2 0
servregistry/pkg/web/web.go:706.68,709.4 2 0
servregistry/pkg/web/web.go:710.3,711.66 2 0
servregistry/pkg/web/web.go:711.66,714.4 2 0
servregistry/pkg/web/web.go:717.2,718.56 2 0
servregistry/pkg/web/web.go:718.56,720.3 1 0
servregistry/pkg/web/web.go:720.8,722.3 1 0
servregistry/pkg/web/web.go:723.2,725.21 3 0
servregistry/pkg/web/web.go:725.21,728.3 2 0
servregistry/pkg/web/web.go:729.2,741.16 6 0
servregistry/pkg/web/web.go:741.16,744.3 2 0
servregistry/pkg/web/web.go:745.2,752.9 6 0
servregistry/pkg/web/web.go:752.9,755.3 2 0
servregistry/pkg/web/web.go:757.2,768.16 6 0
servregistry/pkg/web/web.go:768.16,771.3 2 0
servregistry/pkg/web/web.go:773.2,774.81 2 0
servregistry/pkg/web/web.go:777.63,781.20 3 0
servregistry/pkg/web/web.go:781.20,784.3 2 0
servregistry/pkg/web/web.go:785.2,786.16 2 0
servregistry/pkg/web/web.go:786.16,789.3 2 0
servregistry/pkg/web/web.go:791.2,791.18 1 0
servregistry/pkg/web/web.go:792.39,794.17 2 0
servregistry/pkg/web/web.go:794.17,797.4 2 0
servregistry/pkg/web/web.go:799.3,800.51 2 0
servregistry/pkg/web/web.go:800.51,803.4 2 0
servregistry/pkg/web/web.go:805.3,811.42 6 0
servregistry/pkg/web/web.go:813.22,818.14 4 0
servregistry/pkg/web/web.go:818.14,821.4 2 0
servregistry/pkg/web/web.go:822.3,822.26 1 0
servregistry/pkg/web/web.go:824.10,825.109 1 0
servregistry/pkg/web/web.go:829.72,831.33 2 0
servregistry/pkg/web/web.go:831.33,834.3 2 0
servregistry/pkg/web/web.go:836.2,840.61 2 0
servregistry/pkg/web/web.go:840.61,843.3 2 0
servregistry/pkg/web/web.go:845.2,849.13 4 0
servregistry/pkg/web/web.go:849.13,852.3 2 0
servregistry/pkg/web/web.go:854.2,857.73 3 0
servregistry/pkg/web/web.go:857.73,860.3 2 0
servregistry/pkg/web/web.go:862.2,863.71 2 0
servregistry/pkg/web/web.go:863.71,864.35 1 0
servregistry/pkg/web/web.go:864.35,865.59 1 0
servregistry/pkg/web/web.go:865.59,868.16 3 0
servregistry/pkg/web/web.go:868.16,869.66 1 0
servregistry/pkg/web/web.go:869.66,870.36 1 0
servregistry/pkg/web/web.go:870.36,871.23 1 0
servregistry/pkg/web/web.go:871.23,873.9 1 0
servregistry/pkg/web/web.go:876.6,876.14 1 0
servregistry/pkg/web/web.go:879.5,879.25 1 0
servregistry/pkg/web/web.go:880.19,881.36 1 0
servregistry/pkg/web/web.go:881.36,883.7 1 0
servregistry/pkg/web/web.go:884.30,885.37 1 0
servregistry/pkg/web/web.go:885.37,887.7 1 0
servregistry/pkg/web/web.go:888.20,889.34 1 0
servregistry/pkg/web/web.go:889.34,891.7 1 0
servregistry/pkg/web/web.go:897.2,897.31 1 0
servregistry/pkg/web/web.go:897.31,903.3 2 0
servregistry/pkg/web/web.go:903.8,905.3 1 0
servregistry/pkg/web/web.go:908.68,909.32 1 0
servregistry/pkg/web/web.go:909.32,912.3 2 0
servregistry/pkg/web/web.go:913.2,916.40 4 0
servregistry/pkg/web/web.go:919.71,920.33 1 0
servregistry/pkg/web/web.go:920.33,923.3 2 0
servregistry/pkg/web/web.go:924.2,925.62 2 0
servregistry/pkg/web/web.go:925.62,928.3 2 0
servregistry/pkg/web/web.go:929.2,929.62 1 0
servregistry/pkg/web/web.go:929.62,932.3 2 0
servregistry/pkg/web/web.go:933.2,940.43 6 0
servregistry/pkg/web/web.go:943.66,944.32 1 0
servregistry/pkg/web/web.go:944.32,947.3 2 0
servregistry/pkg/web/web.go:949.2,953.57 4 0
servregistry/pkg/web/web.go:953.57,956.3 2 0
servregistry/pkg/web/web.go:956.8,956.28 1 0
servregistry/pkg/web/web.go:956.28,959.3 2 0
servregistry/pkg/web/web.go:959.8,962.3 2 0
servregistry/pkg/web/web.go:964.2,969.16 3 0
servregistry/pkg/web/web.go:969.16,972.3 2 0
servregistry/pkg/web/web.go:973.2,976.23 3 0
servregistry/pkg/web/web.go:979.65,982.17 2 0
servregistry/pkg/web/web.go:982.17,984.3 1 0
servregistry/pkg/web/web.go:984.8,986.3 1 0
servregistry/pkg/web/web.go:989.2,990.16 2 0
servregistry/pkg/web/web.go:990.16,993.17 2 0
servregistry/pkg/web/web.go:993.17,996.4 2 0
servregistry/pkg/web/web.go:997.3,997.27 1 0
servregistry/pkg/web/web.go:1001.2,1001.9 1 0
servregistry/pkg/web/web.go:1002.40,1003.61 1 0
servregistry/pkg/web/web.go:1004.39,1005.60 1 0
servregistry/pkg/web/web.go:1006.38,1007.74 1 0
servregistry/pkg/web/web.go:1010.2,1010.15 1 0
