mode: set
servtunnel/pkg/webhook/verifier.go:16.79,22.16 5 1
servtunnel/pkg/webhook/verifier.go:22.16,24.3 1 1
servtunnel/pkg/webhook/verifier.go:26.2,26.64 1 1
servtunnel/pkg/webhook/verifier.go:31.94,33.18 2 1
servtunnel/pkg/webhook/verifier.go:33.18,34.38 1 1
servtunnel/pkg/webhook/verifier.go:34.38,36.4 1 1
servtunnel/pkg/webhook/verifier.go:37.3,37.40 1 1
servtunnel/pkg/webhook/verifier.go:39.2,39.49 1 1
servtunnel/pkg/webhook/verifier.go:44.92,45.46 1 1
servtunnel/pkg/webhook/verifier.go:45.46,46.72 1 1
servtunnel/pkg/webhook/verifier.go:46.72,47.20 1 1
servtunnel/pkg/webhook/verifier.go:47.20,50.5 2 0
servtunnel/pkg/webhook/verifier.go:52.4,53.23 2 1
servtunnel/pkg/webhook/verifier.go:53.23,58.5 4 1
servtunnel/pkg/webhook/verifier.go:61.4,62.18 2 1
servtunnel/pkg/webhook/verifier.go:62.18,67.5 4 0
servtunnel/pkg/webhook/verifier.go:69.4,72.68 2 1
servtunnel/pkg/webhook/verifier.go:72.68,77.5 4 1
servtunnel/pkg/webhook/verifier.go:79.4,79.24 1 1
servtunnel/main.go:27.13,28.22 1 0
servtunnel/main.go:28.22,31.3 2 0
servtunnel/main.go:33.2,33.20 1 0
servtunnel/main.go:34.16,35.14 1 0
servtunnel/main.go:36.16,37.14 1 0
servtunnel/main.go:38.17,39.42 1 0
servtunnel/main.go:40.30,41.15 1 0
servtunnel/main.go:42.10,45.13 3 0
servtunnel/main.go:49.18,58.36 5 0
servtunnel/main.go:58.36,59.21 1 0
servtunnel/main.go:60.23,61.26 1 0
servtunnel/main.go:61.26,64.5 2 0
servtunnel/main.go:65.25,66.26 1 0
servtunnel/main.go:66.26,69.5 2 0
servtunnel/main.go:73.2,78.12 4 0
servtunnel/main.go:78.12,79.68 1 0
servtunnel/main.go:79.68,81.4 1 0
servtunnel/main.go:85.2,92.50 7 0
servtunnel/main.go:92.50,94.3 1 0
servtunnel/main.go:95.2,95.46 1 0
servtunnel/main.go:114.50,116.26 2 0
servtunnel/main.go:116.26,117.46 1 0
servtunnel/main.go:117.46,119.53 2 0
servtunnel/main.go:119.53,121.5 1 0
servtunnel/main.go:124.2,124.16 1 0
servtunnel/main.go:127.18,131.51 3 0
servtunnel/main.go:131.51,133.49 2 0
servtunnel/main.go:133.49,135.53 2 0
servtunnel/main.go:135.53,138.5 2 0
servtunnel/main.go:138.10,140.5 1 0
servtunnel/main.go:141.9,143.4 1 0
servtunnel/main.go:144.8,144.29 1 0
servtunnel/main.go:144.29,146.21 2 0
servtunnel/main.go:146.21,155.4 8 0
servtunnel/main.go:156.8,158.42 1 0
servtunnel/main.go:158.42,160.4 1 0
servtunnel/main.go:163.2,163.20 1 0
servtunnel/main.go:163.20,166.21 3 0
servtunnel/main.go:166.21,168.4 1 0
servtunnel/main.go:169.3,170.24 2 0
servtunnel/main.go:170.24,172.4 1 0
servtunnel/main.go:174.3,175.37 2 0
servtunnel/main.go:175.37,178.29 3 0
servtunnel/main.go:178.29,179.15 1 0
servtunnel/main.go:179.15,181.6 1 0
servtunnel/main.go:181.11,183.6 1 0
servtunnel/main.go:185.4,186.20 2 0
servtunnel/main.go:186.20,188.5 1 0
servtunnel/main.go:190.4,190.58 1 0
servtunnel/main.go:190.58,194.26 4 0
servtunnel/main.go:194.26,196.6 1 0
servtunnel/main.go:197.5,197.35 1 0
servtunnel/main.go:197.35,199.6 1 0
servtunnel/main.go:202.3,203.9 2 0
servtunnel/main.go:206.2,214.36 8 0
servtunnel/main.go:214.36,215.21 1 0
servtunnel/main.go:216.24,217.26 1 0
servtunnel/main.go:217.26,220.5 2 0
servtunnel/main.go:221.28,222.26 1 0
servtunnel/main.go:222.26,225.5 2 0
servtunnel/main.go:226.32,227.26 1 0
servtunnel/main.go:227.26,230.5 2 0
servtunnel/main.go:231.24,232.26 1 0
servtunnel/main.go:232.26,235.5 2 0
servtunnel/main.go:236.31,237.26 1 0
servtunnel/main.go:237.26,240.5 2 0
servtunnel/main.go:241.29,242.26 1 0
servtunnel/main.go:242.26,245.5 2 0
servtunnel/main.go:249.2,255.26 3 0
servtunnel/main.go:255.26,259.24 4 0
servtunnel/main.go:259.24,261.4 1 0
servtunnel/main.go:261.9,263.4 1 0
servtunnel/main.go:265.3,265.19 1 0
servtunnel/main.go:265.19,266.55 1 0
servtunnel/main.go:266.55,269.5 2 0
servtunnel/main.go:271.3,274.39 1 0
servtunnel/main.go:277.2,278.35 2 0
servtunnel/main.go:278.35,281.12 3 0
servtunnel/main.go:281.12,283.4 1 0
servtunnel/main.go:284.3,284.35 1 0
servtunnel/main.go:284.35,288.34 4 0
servtunnel/main.go:288.34,290.5 1 0
servtunnel/main.go:293.2,293.11 1 0
servtunnel/main.go:296.37,299.16 3 0
servtunnel/main.go:299.16,301.3 1 0
servtunnel/main.go:302.2,303.38 2 0
servtunnel/main.go:303.38,305.3 1 0
servtunnel/main.go:307.2,307.35 1 0
servtunnel/main.go:310.47,320.2 5 1
servtunnel/main.go:324.19,355.2 30 0
servtunnel/main.go:357.53,358.38 1 0
servtunnel/main.go:358.38,360.3 1 0
servtunnel/main.go:361.2,361.19 1 0
servtunnel/pkg/otel/otel.go:9.13,11.2 1 0
servtunnel/pkg/otel/otel.go:13.31,15.2 1 0
servtunnel/pkg/otel/otel.go:17.30,19.2 1 0
servtunnel/pkg/otel/otel.go:21.55,23.2 1 0
servtunnel/pkg/otel/otel.go:25.72,27.2 1 0
servtunnel/pkg/inspector/inspector.go:40.34,41.18 1 0
servtunnel/pkg/inspector/inspector.go:41.18,43.3 1 0
servtunnel/pkg/inspector/inspector.go:44.2,47.3 1 0
servtunnel/pkg/inspector/inspector.go:51.46,58.26 6 0
servtunnel/pkg/inspector/inspector.go:58.26,60.3 1 0
servtunnel/pkg/inspector/inspector.go:62.2,62.37 1 0
servtunnel/pkg/inspector/inspector.go:62.37,66.3 2 0
servtunnel/pkg/inspector/inspector.go:66.8,68.3 1 0
servtunnel/pkg/inspector/inspector.go:69.2,69.11 1 0
servtunnel/pkg/inspector/inspector.go:73.122,77.32 3 0
servtunnel/pkg/inspector/inspector.go:77.32,78.17 1 0
servtunnel/pkg/inspector/inspector.go:78.17,84.4 5 0
servtunnel/pkg/inspector/inspector.go:89.38,95.2 5 0
servtunnel/pkg/inspector/inspector.go:98.52,101.32 3 0
servtunnel/pkg/inspector/inspector.go:101.32,102.17 1 0
servtunnel/pkg/inspector/inspector.go:102.17,104.4 1 0
servtunnel/pkg/inspector/inspector.go:106.2,106.23 1 0
servtunnel/pkg/inspector/inspector.go:110.37,114.2 3 0
servtunnel/pkg/inspector/inspector.go:117.74,118.32 1 0
servtunnel/pkg/inspector/inspector.go:118.32,121.3 2 0
servtunnel/pkg/inspector/inspector.go:123.2,131.28 7 0
servtunnel/pkg/inspector/inspector.go:131.28,132.71 1 0
servtunnel/pkg/inspector/inspector.go:132.71,133.12 1 0
servtunnel/pkg/inspector/inspector.go:135.3,135.25 1 0
servtunnel/pkg/inspector/inspector.go:135.25,136.83 1 0
servtunnel/pkg/inspector/inspector.go:136.83,137.13 1 0
servtunnel/pkg/inspector/inspector.go:140.3,140.65 1 0
servtunnel/pkg/inspector/inspector.go:140.65,141.12 1 0
servtunnel/pkg/inspector/inspector.go:143.3,143.33 1 0
servtunnel/pkg/inspector/inspector.go:145.2,147.20 2 0
servtunnel/pkg/inspector/inspector.go:147.20,148.92 1 0
servtunnel/pkg/inspector/inspector.go:148.92,150.4 1 0
servtunnel/pkg/inspector/inspector.go:153.2,157.4 1 0
servtunnel/pkg/inspector/inspector.go:161.84,162.32 1 0
servtunnel/pkg/inspector/inspector.go:162.32,165.3 2 0
servtunnel/pkg/inspector/inspector.go:167.2,168.9 2 0
servtunnel/pkg/inspector/inspector.go:168.9,171.3 2 0
servtunnel/pkg/inspector/inspector.go:173.2,173.36 1 0
servtunnel/pkg/inspector/inspector.go:176.69,180.2 3 0
servtunnel/pkg/inspector/inspector.go:183.85,184.32 1 0
servtunnel/pkg/inspector/inspector.go:184.32,187.3 2 0
servtunnel/pkg/inspector/inspector.go:189.2,190.10 2 0
servtunnel/pkg/inspector/inspector.go:190.10,193.3 2 0
servtunnel/pkg/inspector/inspector.go:195.2,196.19 2 0
servtunnel/pkg/inspector/inspector.go:196.19,199.3 2 0
servtunnel/pkg/inspector/inspector.go:201.2,202.10 2 0
servtunnel/pkg/inspector/inspector.go:202.10,205.3 2 0
servtunnel/pkg/inspector/inspector.go:208.2,212.43 4 0
servtunnel/pkg/inspector/inspector.go:212.43,213.45 1 0
servtunnel/pkg/inspector/inspector.go:213.45,214.16 1 0
servtunnel/pkg/inspector/inspector.go:214.16,216.5 1 0
servtunnel/pkg/inspector/inspector.go:217.9,219.4 1 0
servtunnel/pkg/inspector/inspector.go:221.2,221.39 1 0
servtunnel/pkg/inspector/inspector.go:221.39,222.45 1 0
servtunnel/pkg/inspector/inspector.go:222.45,224.4 1 0
servtunnel/pkg/inspector/inspector.go:228.2,234.20 6 0
servtunnel/pkg/inspector/inspector.go:234.20,236.3 1 0
servtunnel/pkg/inspector/inspector.go:238.2,250.41 2 0
servtunnel/pkg/server/server.go:41.77,41.91 1 0
servtunnel/pkg/server/server.go:42.77,42.91 1 0
servtunnel/pkg/server/server.go:43.102,43.103 0 0
servtunnel/pkg/server/server.go:49.46,49.61 1 0
servtunnel/pkg/server/server.go:68.58,75.2 1 0
servtunnel/pkg/server/server.go:78.37,87.29 7 0
servtunnel/pkg/server/server.go:87.29,89.3 1 0
servtunnel/pkg/server/server.go:91.2,91.22 1 0
servtunnel/pkg/server/server.go:91.22,94.3 2 0
servtunnel/pkg/server/server.go:95.2,95.14 1 0
servtunnel/pkg/server/server.go:134.76,137.62 3 0
servtunnel/pkg/server/server.go:137.62,139.3 1 0
servtunnel/pkg/server/server.go:139.8,139.66 1 0
servtunnel/pkg/server/server.go:139.66,141.3 1 0
servtunnel/pkg/server/server.go:143.2,144.83 2 0
servtunnel/pkg/server/server.go:144.83,146.30 2 0
servtunnel/pkg/server/server.go:146.30,148.26 2 0
servtunnel/pkg/server/server.go:148.26,151.33 3 0
servtunnel/pkg/server/server.go:151.33,153.6 1 0
servtunnel/pkg/server/server.go:158.2,160.20 3 0
servtunnel/pkg/server/server.go:160.20,161.50 1 0
servtunnel/pkg/server/server.go:161.50,163.15 2 0
servtunnel/pkg/server/server.go:163.15,165.5 1 0
servtunnel/pkg/server/server.go:169.2,182.3 1 0
servtunnel/pkg/server/server.go:186.32,212.45 16 0
servtunnel/pkg/server/server.go:212.45,221.3 4 0
servtunnel/pkg/server/server.go:223.2,223.35 1 0
servtunnel/pkg/server/server.go:223.35,226.3 2 0
servtunnel/pkg/server/server.go:228.2,229.35 2 0
servtunnel/pkg/server/server.go:233.54,235.31 2 0
servtunnel/pkg/server/server.go:235.31,237.21 2 0
servtunnel/pkg/server/server.go:237.21,239.4 1 0
servtunnel/pkg/server/server.go:240.3,240.17 1 0
servtunnel/pkg/server/server.go:242.2,242.38 1 0
servtunnel/pkg/server/server.go:242.38,245.3 2 0
servtunnel/pkg/server/server.go:246.2,248.22 2 0
servtunnel/pkg/server/server.go:248.22,250.3 1 0
servtunnel/pkg/server/server.go:251.2,251.12 1 0
servtunnel/pkg/server/server.go:255.54,258.33 3 0
servtunnel/pkg/server/server.go:258.33,260.3 1 0
servtunnel/pkg/server/server.go:262.2,263.67 2 0
servtunnel/pkg/server/server.go:263.67,266.17 3 0
servtunnel/pkg/server/server.go:266.17,269.4 2 0
servtunnel/pkg/server/server.go:271.2,271.20 1 0
servtunnel/pkg/server/server.go:271.20,273.3 1 0
servtunnel/pkg/server/server.go:275.2,275.20 1 0
servtunnel/pkg/server/server.go:275.20,277.3 1 0
servtunnel/pkg/server/server.go:279.2,279.38 1 0
servtunnel/pkg/server/server.go:279.38,281.3 1 0
servtunnel/pkg/server/server.go:283.2,283.18 1 0
servtunnel/pkg/server/server.go:283.18,286.17 3 0
servtunnel/pkg/server/server.go:286.17,288.4 1 0
servtunnel/pkg/server/server.go:289.3,289.46 1 0
servtunnel/pkg/server/server.go:292.2,292.35 1 0
servtunnel/pkg/server/server.go:296.74,297.42 1 0
servtunnel/pkg/server/server.go:297.42,301.3 3 0
servtunnel/pkg/server/server.go:303.2,304.16 2 0
servtunnel/pkg/server/server.go:304.16,307.3 2 0
servtunnel/pkg/server/server.go:308.2,313.44 4 0
servtunnel/pkg/server/server.go:313.44,317.3 3 0
servtunnel/pkg/server/server.go:318.2,320.59 2 0
servtunnel/pkg/server/server.go:320.59,324.3 3 0
servtunnel/pkg/server/server.go:326.2,330.58 3 0
servtunnel/pkg/server/server.go:330.58,333.53 3 0
servtunnel/pkg/server/server.go:333.53,335.53 2 0
servtunnel/pkg/server/server.go:335.53,337.26 2 0
servtunnel/pkg/server/server.go:337.26,339.6 1 0
servtunnel/pkg/server/server.go:340.5,342.33 3 0
servtunnel/pkg/server/server.go:342.33,344.6 1 0
servtunnel/pkg/server/server.go:347.3,347.16 1 0
servtunnel/pkg/server/server.go:350.2,350.15 1 0
servtunnel/pkg/server/server.go:350.15,351.22 1 0
servtunnel/pkg/server/server.go:351.22,352.8 1 0
servtunnel/pkg/server/server.go:352.8,358.31 6 0
servtunnel/pkg/server/server.go:358.31,359.11 1 0
servtunnel/pkg/server/server.go:362.9,367.18 4 0
servtunnel/pkg/server/server.go:367.18,369.70 2 0
servtunnel/pkg/server/server.go:369.70,372.20 3 0
servtunnel/pkg/server/server.go:372.20,375.7 2 0
servtunnel/pkg/server/server.go:377.5,377.24 1 0
servtunnel/pkg/server/server.go:377.24,379.6 1 0
servtunnel/pkg/server/server.go:380.5,380.35 1 0
servtunnel/pkg/server/server.go:380.35,384.6 3 0
servtunnel/pkg/server/server.go:389.2,390.24 2 0
servtunnel/pkg/server/server.go:390.24,392.61 2 0
servtunnel/pkg/server/server.go:392.61,394.4 1 0
servtunnel/pkg/server/server.go:395.3,395.83 1 0
servtunnel/pkg/server/server.go:395.83,399.4 3 0
servtunnel/pkg/server/server.go:403.2,404.47 2 0
servtunnel/pkg/server/server.go:404.47,409.3 4 0
servtunnel/pkg/server/server.go:410.2,410.24 1 0
servtunnel/pkg/server/server.go:410.24,411.57 1 0
servtunnel/pkg/server/server.go:411.57,416.4 4 0
servtunnel/pkg/server/server.go:419.2,430.17 3 0
servtunnel/pkg/server/server.go:430.17,431.51 1 0
servtunnel/pkg/server/server.go:431.51,436.4 4 0
servtunnel/pkg/server/server.go:437.3,438.17 2 0
servtunnel/pkg/server/server.go:438.17,443.4 4 0
servtunnel/pkg/server/server.go:444.3,446.60 2 0
servtunnel/pkg/server/server.go:446.60,448.8 2 0
servtunnel/pkg/server/server.go:448.8,450.19 2 0
servtunnel/pkg/server/server.go:450.19,452.6 1 0
servtunnel/pkg/server/server.go:453.5,453.45 1 0
servtunnel/pkg/server/server.go:458.2,459.24 2 0
servtunnel/pkg/server/server.go:459.24,461.3 1 0
servtunnel/pkg/server/server.go:462.2,465.17 3 0
servtunnel/pkg/server/server.go:465.17,467.3 1 0
servtunnel/pkg/server/server.go:468.2,472.13 4 0
servtunnel/pkg/server/server.go:472.13,475.3 2 0
servtunnel/pkg/server/server.go:476.2,495.24 7 0
servtunnel/pkg/server/server.go:495.24,497.51 2 0
servtunnel/pkg/server/server.go:497.51,500.8 3 0
servtunnel/pkg/server/server.go:500.8,501.12 1 0
servtunnel/pkg/server/server.go:502.21,503.46 1 0
servtunnel/pkg/server/server.go:504.21,506.12 2 0
servtunnel/pkg/server/server.go:513.2,517.68 3 0
servtunnel/pkg/server/server.go:517.68,519.25 2 0
servtunnel/pkg/server/server.go:519.25,521.4 1 0
servtunnel/pkg/server/server.go:522.3,522.18 1 0
servtunnel/pkg/server/server.go:522.18,523.52 1 0
servtunnel/pkg/server/server.go:523.52,526.5 2 0
servtunnel/pkg/server/server.go:528.3,528.78 1 0
servtunnel/pkg/server/server.go:529.8,531.3 1 0
servtunnel/pkg/server/server.go:532.2,532.26 1 0
servtunnel/pkg/server/server.go:532.26,534.3 1 0
servtunnel/pkg/server/server.go:535.2,536.14 2 0
servtunnel/pkg/server/server.go:540.43,541.6 1 0
servtunnel/pkg/server/server.go:541.6,544.48 3 0
servtunnel/pkg/server/server.go:544.48,545.92 1 0
servtunnel/pkg/server/server.go:545.92,547.5 1 0
servtunnel/pkg/server/server.go:548.4,548.10 1 0
servtunnel/pkg/server/server.go:551.3,551.19 1 0
servtunnel/pkg/server/server.go:552.28,553.62 1 0
servtunnel/pkg/server/server.go:553.62,556.5 2 0
servtunnel/pkg/server/server.go:557.24,557.24 0 0
servtunnel/pkg/server/server.go:559.11,560.79 1 0
servtunnel/pkg/server/server.go:567.78,569.52 2 0
servtunnel/pkg/server/server.go:569.52,571.3 1 0
servtunnel/pkg/server/server.go:572.2,580.12 7 0
servtunnel/pkg/server/server.go:580.12,582.3 1 0
servtunnel/pkg/server/server.go:583.2,585.13 2 0
servtunnel/pkg/server/server.go:585.13,587.22 2 0
servtunnel/pkg/server/server.go:587.22,596.4 3 0
servtunnel/pkg/server/server.go:598.3,600.17 3 0
servtunnel/pkg/server/server.go:603.2,603.43 1 0
servtunnel/pkg/server/server.go:603.43,604.42 1 0
servtunnel/pkg/server/server.go:604.42,607.18 3 0
servtunnel/pkg/server/server.go:607.18,608.13 1 0
servtunnel/pkg/server/server.go:610.4,612.18 3 0
servtunnel/pkg/server/server.go:612.18,614.46 2 0
servtunnel/pkg/server/server.go:614.46,617.6 2 0
servtunnel/pkg/server/server.go:622.2,624.13 2 0
servtunnel/pkg/server/server.go:624.13,628.3 3 0
servtunnel/pkg/server/server.go:630.2,630.65 1 0
servtunnel/pkg/server/server.go:630.65,634.3 3 0
servtunnel/pkg/server/server.go:636.2,636.58 1 0
servtunnel/pkg/server/server.go:636.58,640.3 3 0
servtunnel/pkg/server/server.go:642.2,647.88 3 0
servtunnel/pkg/server/server.go:647.88,654.3 6 0
servtunnel/pkg/server/server.go:657.2,657.26 1 0
servtunnel/pkg/server/server.go:657.26,660.24 3 0
servtunnel/pkg/server/server.go:660.24,662.23 2 0
servtunnel/pkg/server/server.go:662.23,666.50 4 0
servtunnel/pkg/server/server.go:666.50,668.22 2 0
servtunnel/pkg/server/server.go:668.22,670.7 1 0
servtunnel/pkg/server/server.go:671.6,674.28 4 0
servtunnel/pkg/server/server.go:674.28,676.7 1 0
servtunnel/pkg/server/server.go:681.3,681.19 1 0
servtunnel/pkg/server/server.go:681.19,686.22 5 0
servtunnel/pkg/server/server.go:686.22,688.5 1 0
servtunnel/pkg/server/server.go:689.4,689.67 1 0
servtunnel/pkg/server/server.go:689.67,694.5 4 0
servtunnel/pkg/server/server.go:699.2,699.25 1 0
servtunnel/pkg/server/server.go:699.25,705.3 5 0
servtunnel/pkg/server/server.go:707.2,711.19 3 0
servtunnel/pkg/server/server.go:711.19,713.25 2 0
servtunnel/pkg/server/server.go:713.25,716.4 2 0
servtunnel/pkg/server/server.go:720.2,721.32 2 0
servtunnel/pkg/server/server.go:721.32,723.3 1 0
servtunnel/pkg/server/server.go:725.2,749.16 9 0
servtunnel/pkg/server/server.go:749.16,753.3 3 0
servtunnel/pkg/server/server.go:756.2,756.9 1 0
servtunnel/pkg/server/server.go:757.23,759.27 2 0
servtunnel/pkg/server/server.go:759.27,763.4 3 0
servtunnel/pkg/server/server.go:766.3,766.43 1 0
servtunnel/pkg/server/server.go:766.43,768.4 1 0
servtunnel/pkg/server/server.go:770.3,770.41 1 0
servtunnel/pkg/server/server.go:770.41,772.4 1 0
servtunnel/pkg/server/server.go:773.3,777.31 3 0
servtunnel/pkg/server/server.go:777.31,779.18 2 0
servtunnel/pkg/server/server.go:779.18,783.5 3 0
servtunnel/pkg/server/server.go:787.3,787.44 1 0
servtunnel/pkg/server/server.go:787.44,789.4 1 0
servtunnel/pkg/server/server.go:792.3,793.29 2 0
servtunnel/pkg/server/server.go:793.29,795.4 1 0
servtunnel/pkg/server/server.go:796.3,814.5 2 0
servtunnel/pkg/server/server.go:816.38,818.89 2 0
servtunnel/pkg/server/server.go:823.76,824.32 1 0
servtunnel/pkg/server/server.go:824.32,827.3 2 0
servtunnel/pkg/server/server.go:829.2,831.33 3 0
servtunnel/pkg/server/server.go:831.33,840.3 1 0
servtunnel/pkg/server/server.go:841.2,847.4 3 0
servtunnel/pkg/server/server.go:851.77,853.20 2 0
servtunnel/pkg/server/server.go:853.20,856.3 2 0
servtunnel/pkg/server/server.go:857.2,857.45 1 0
servtunnel/pkg/server/server.go:857.45,860.3 2 0
servtunnel/pkg/server/server.go:861.2,861.39 1 0
servtunnel/pkg/server/server.go:865.89,866.33 1 0
servtunnel/pkg/server/server.go:866.33,869.3 2 0
servtunnel/pkg/server/server.go:871.2,872.9 2 0
servtunnel/pkg/server/server.go:872.9,875.3 2 0
servtunnel/pkg/server/server.go:877.2,881.13 4 0
servtunnel/pkg/server/server.go:881.13,884.3 2 0
servtunnel/pkg/server/server.go:886.2,886.25 1 0
servtunnel/pkg/server/server.go:886.25,891.3 4 0
servtunnel/pkg/server/server.go:893.2,916.16 10 0
servtunnel/pkg/server/server.go:916.16,919.3 2 0
servtunnel/pkg/server/server.go:921.2,921.9 1 0
servtunnel/pkg/server/server.go:922.23,924.27 2 0
servtunnel/pkg/server/server.go:924.27,927.4 2 0
servtunnel/pkg/server/server.go:929.3,929.43 1 0
servtunnel/pkg/server/server.go:929.43,931.4 1 0
servtunnel/pkg/server/server.go:932.3,934.31 2 0
servtunnel/pkg/server/server.go:934.31,936.18 2 0
servtunnel/pkg/server/server.go:936.18,938.5 1 0
servtunnel/pkg/server/server.go:941.3,951.5 1 0
servtunnel/pkg/server/server.go:953.38,954.89 1 0
servtunnel/pkg/server/server.go:961.55,964.49 2 0
servtunnel/pkg/server/server.go:964.49,966.3 1 0
servtunnel/pkg/server/server.go:969.2,969.41 1 0
servtunnel/pkg/server/server.go:969.41,971.3 1 0
servtunnel/pkg/server/server.go:974.2,976.18 3 0
servtunnel/pkg/server/server.go:976.18,978.3 1 0
servtunnel/pkg/server/server.go:981.2,982.28 2 0
servtunnel/pkg/server/server.go:986.41,989.30 3 0
servtunnel/pkg/server/server.go:989.30,990.67 1 0
servtunnel/pkg/server/server.go:990.67,992.4 1 0
servtunnel/pkg/server/server.go:994.2,994.22 1 0
servtunnel/pkg/server/server.go:994.22,996.3 1 0
servtunnel/pkg/server/server.go:997.2,997.23 1 0
servtunnel/pkg/server/server.go:1001.33,1003.2 1 0
servtunnel/pkg/server/server.go:1005.53,1010.2 1 0
servtunnel/pkg/server/server.go:1014.75,1029.12 6 0
servtunnel/pkg/server/server.go:1029.12,1030.26 1 0
servtunnel/pkg/server/server.go:1030.26,1031.57 1 0
servtunnel/pkg/server/server.go:1031.57,1033.19 2 0
servtunnel/pkg/server/server.go:1033.19,1036.6 2 0
servtunnel/pkg/server/server.go:1041.2,1042.6 2 0
servtunnel/pkg/server/server.go:1042.6,1045.17 3 0
servtunnel/pkg/server/server.go:1045.17,1046.9 1 0
servtunnel/pkg/server/server.go:1049.3,1049.12 1 0
servtunnel/pkg/server/server.go:1049.12,1064.23 7 0
servtunnel/pkg/server/server.go:1064.23,1065.10 1 0
servtunnel/pkg/server/server.go:1071.81,1074.21 3 0
servtunnel/pkg/server/server.go:1074.21,1077.25 3 0
servtunnel/pkg/server/server.go:1077.25,1080.4 2 0
servtunnel/pkg/server/server.go:1081.3,1081.25 1 0
servtunnel/pkg/server/server.go:1081.25,1084.4 2 0
servtunnel/pkg/server/server.go:1085.3,1085.28 1 0
servtunnel/pkg/server/server.go:1085.28,1088.4 2 0
servtunnel/pkg/server/server.go:1090.2,1090.21 1 0
servtunnel/pkg/server/server.go:1093.97,1094.42 1 0
servtunnel/pkg/server/server.go:1094.42,1097.3 2 0
servtunnel/pkg/server/server.go:1099.2,1102.13 4 0
servtunnel/pkg/server/server.go:1102.13,1105.3 2 0
servtunnel/pkg/server/server.go:1107.2,1108.18 2 0
servtunnel/pkg/server/server.go:1108.18,1110.3 1 0
servtunnel/pkg/server/server.go:1112.2,1119.70 7 0
servtunnel/pkg/server/server.go:1119.70,1121.3 1 0
servtunnel/pkg/server/server.go:1123.2,1128.4 2 0
servtunnel/pkg/server/server.go:1131.94,1135.12 4 0
servtunnel/pkg/server/server.go:1135.12,1137.3 1 0
servtunnel/pkg/server/server.go:1137.8,1139.3 1 0
servtunnel/pkg/server/server.go:1142.95,1146.13 4 0
servtunnel/pkg/server/server.go:1146.13,1149.3 2 0
servtunnel/pkg/server/server.go:1151.2,1158.4 2 0
servtunnel/pkg/server/server.go:1161.73,1171.16 3 0
servtunnel/pkg/server/server.go:1171.16,1173.3 1 0
servtunnel/pkg/server/server.go:1174.2,1175.16 2 0
servtunnel/pkg/server/server.go:1175.16,1177.3 1 0
servtunnel/pkg/server/server.go:1178.2,1181.16 4 0
servtunnel/pkg/server/server.go:1181.16,1183.3 1 0
servtunnel/pkg/server/server.go:1186.86,1188.16 2 0
servtunnel/pkg/server/server.go:1188.16,1191.3 2 0
servtunnel/pkg/server/server.go:1192.2,1193.23 2 0
servtunnel/pkg/client/client.go:53.108,55.45 2 0
servtunnel/pkg/client/client.go:55.45,57.3 1 0
servtunnel/pkg/client/client.go:58.2,70.70 1 0
servtunnel/pkg/client/client.go:70.70,72.5 1 0
servtunnel/pkg/client/client.go:78.48,81.2 2 0
servtunnel/pkg/client/client.go:84.52,87.2 2 0
servtunnel/pkg/client/client.go:89.39,91.16 2 0
servtunnel/pkg/client/client.go:91.16,93.3 1 0
servtunnel/pkg/client/client.go:94.2,95.34 2 0
servtunnel/pkg/client/client.go:95.34,98.3 2 0
servtunnel/pkg/client/client.go:98.8,98.41 1 0
servtunnel/pkg/client/client.go:98.41,101.3 2 0
servtunnel/pkg/client/client.go:102.2,103.49 2 0
servtunnel/pkg/client/client.go:103.49,105.3 1 0
servtunnel/pkg/client/client.go:106.2,106.10 1 0
servtunnel/pkg/client/client.go:114.56,117.33 3 0
servtunnel/pkg/client/client.go:117.33,120.30 3 0
servtunnel/pkg/client/client.go:120.30,122.4 1 0
servtunnel/pkg/client/client.go:124.2,124.15 1 0
servtunnel/pkg/client/client.go:128.30,138.47 9 0
servtunnel/pkg/client/client.go:138.47,140.3 1 0
servtunnel/pkg/client/client.go:143.2,146.12 3 0
servtunnel/pkg/client/client.go:146.12,150.20 4 0
servtunnel/pkg/client/client.go:150.20,154.4 2 0
servtunnel/pkg/client/client.go:155.3,156.13 2 0
servtunnel/pkg/client/client.go:159.2,162.6 3 0
servtunnel/pkg/client/client.go:162.6,165.20 3 0
servtunnel/pkg/client/client.go:165.20,168.4 2 0
servtunnel/pkg/client/client.go:169.3,170.20 2 0
servtunnel/pkg/client/client.go:170.20,171.32 1 0
servtunnel/pkg/client/client.go:171.32,173.5 1 0
servtunnel/pkg/client/client.go:173.10,175.5 1 0
servtunnel/pkg/client/client.go:178.3,185.17 3 0
servtunnel/pkg/client/client.go:185.17,189.28 4 0
servtunnel/pkg/client/client.go:189.28,191.5 1 0
servtunnel/pkg/client/client.go:192.4,192.12 1 0
servtunnel/pkg/client/client.go:194.3,211.48 6 0
servtunnel/pkg/client/client.go:211.48,216.28 5 0
servtunnel/pkg/client/client.go:216.28,218.5 1 0
servtunnel/pkg/client/client.go:219.4,219.12 1 0
servtunnel/pkg/client/client.go:223.3,225.49 3 0
servtunnel/pkg/client/client.go:225.49,230.28 5 0
servtunnel/pkg/client/client.go:230.28,232.5 1 0
servtunnel/pkg/client/client.go:233.4,233.12 1 0
servtunnel/pkg/client/client.go:235.3,237.39 2 0
servtunnel/pkg/client/client.go:237.39,240.30 3 0
servtunnel/pkg/client/client.go:240.30,242.5 1 0
servtunnel/pkg/client/client.go:243.4,246.28 4 0
servtunnel/pkg/client/client.go:246.28,248.5 1 0
servtunnel/pkg/client/client.go:249.4,249.12 1 0
servtunnel/pkg/client/client.go:252.3,252.70 1 0
servtunnel/pkg/client/client.go:252.70,257.28 5 0
servtunnel/pkg/client/client.go:257.28,259.5 1 0
servtunnel/pkg/client/client.go:260.4,260.12 1 0
servtunnel/pkg/client/client.go:263.3,275.41 10 0
servtunnel/pkg/client/client.go:275.41,277.4 1 0
servtunnel/pkg/client/client.go:278.3,295.21 12 0
servtunnel/pkg/client/client.go:295.21,297.4 1 0
servtunnel/pkg/client/client.go:298.3,300.52 2 0
servtunnel/pkg/client/client.go:304.51,308.2 2 0
servtunnel/pkg/client/client.go:311.49,312.6 1 0
servtunnel/pkg/client/client.go:312.6,314.45 2 0
servtunnel/pkg/client/client.go:314.45,315.91 1 0
servtunnel/pkg/client/client.go:315.91,317.5 1 0
servtunnel/pkg/client/client.go:318.4,319.10 2 0
servtunnel/pkg/client/client.go:322.3,322.19 1 0
servtunnel/pkg/client/client.go:323.27,324.33 1 0
servtunnel/pkg/client/client.go:325.24,328.17 3 0
servtunnel/pkg/client/client.go:329.25,331.26 2 0
servtunnel/pkg/client/client.go:331.26,333.5 1 0
servtunnel/pkg/client/client.go:334.4,334.44 1 0
servtunnel/pkg/client/client.go:340.75,341.24 1 0
servtunnel/pkg/client/client.go:341.24,343.3 1 0
servtunnel/pkg/client/client.go:345.2,345.31 1 0
servtunnel/pkg/client/client.go:345.31,348.3 2 0
servtunnel/pkg/client/client.go:350.2,354.24 4 0
servtunnel/pkg/client/client.go:354.24,356.21 2 0
servtunnel/pkg/client/client.go:356.21,358.4 1 0
servtunnel/pkg/client/client.go:359.3,365.5 1 0
servtunnel/pkg/client/client.go:369.2,373.20 3 0
servtunnel/pkg/client/client.go:373.20,375.17 2 0
servtunnel/pkg/client/client.go:375.17,377.33 2 0
servtunnel/pkg/client/client.go:377.33,379.5 1 0
servtunnel/pkg/client/client.go:384.2,385.16 2 0
servtunnel/pkg/client/client.go:385.16,386.47 1 0
servtunnel/pkg/client/client.go:386.47,388.4 1 0
servtunnel/pkg/client/client.go:389.3,390.9 2 0
servtunnel/pkg/client/client.go:394.2,394.32 1 0
servtunnel/pkg/client/client.go:394.32,397.60 2 0
servtunnel/pkg/client/client.go:397.60,398.12 1 0
servtunnel/pkg/client/client.go:400.3,400.27 1 0
servtunnel/pkg/client/client.go:404.2,405.16 2 0
servtunnel/pkg/client/client.go:405.16,409.47 3 0
servtunnel/pkg/client/client.go:409.47,411.4 1 0
servtunnel/pkg/client/client.go:412.3,413.9 2 0
servtunnel/pkg/client/client.go:415.2,419.31 3 0
servtunnel/pkg/client/client.go:419.31,421.3 1 0
servtunnel/pkg/client/client.go:422.2,424.23 3 0
servtunnel/pkg/client/client.go:424.23,426.3 1 0
servtunnel/pkg/client/client.go:429.2,430.35 2 0
servtunnel/pkg/client/client.go:430.35,432.3 1 0
servtunnel/pkg/client/client.go:435.2,436.36 2 0
servtunnel/pkg/client/client.go:436.36,437.20 1 0
servtunnel/pkg/client/client.go:437.20,439.4 1 0
servtunnel/pkg/client/client.go:442.2,444.46 2 0
servtunnel/pkg/client/client.go:444.46,446.3 1 0
servtunnel/pkg/client/client.go:449.2,450.53 2 0
servtunnel/pkg/client/client.go:450.53,452.3 1 0
servtunnel/pkg/client/client.go:452.8,452.35 1 0
servtunnel/pkg/client/client.go:452.35,454.3 1 0
servtunnel/pkg/client/client.go:455.2,475.15 6 0
servtunnel/pkg/client/client.go:479.100,493.2 5 0
servtunnel/pkg/client/client.go:496.70,499.6 3 0
servtunnel/pkg/client/client.go:499.6,500.10 1 0
servtunnel/pkg/client/client.go:501.19,505.18 4 0
servtunnel/pkg/client/client.go:505.18,507.5 1 0
servtunnel/pkg/client/client.go:508.15,509.10 1 0
servtunnel/pkg/client/client.go:515.41,517.35 2 0
servtunnel/pkg/client/client.go:517.35,519.3 1 0
servtunnel/pkg/client/client.go:521.2,525.67 4 0
servtunnel/pkg/client/client.go:525.67,526.24 1 0
servtunnel/pkg/client/client.go:526.24,531.4 4 0
servtunnel/pkg/client/client.go:532.3,532.68 1 0
servtunnel/pkg/client/client.go:532.68,535.4 2 0
servtunnel/pkg/client/client.go:536.3,536.53 1 0
servtunnel/pkg/client/client.go:536.53,538.38 2 0
servtunnel/pkg/client/client.go:538.38,542.5 3 0
servtunnel/pkg/client/client.go:543.4,543.40 1 0
servtunnel/pkg/client/client.go:543.40,547.5 3 0
servtunnel/pkg/client/client.go:548.4,549.10 2 0
servtunnel/pkg/client/client.go:551.3,551.22 1 0
servtunnel/pkg/client/client.go:554.2,554.36 1 0
servtunnel/pkg/client/client.go:559.78,564.9 4 0
servtunnel/pkg/client/client.go:564.9,568.17 3 0
servtunnel/pkg/client/client.go:568.17,571.4 2 0
servtunnel/pkg/client/client.go:572.3,577.50 4 0
servtunnel/pkg/client/client.go:577.50,578.17 1 0
servtunnel/pkg/client/client.go:578.17,583.5 4 0
servtunnel/pkg/client/client.go:585.4,586.8 2 0
servtunnel/pkg/client/client.go:586.8,588.19 2 0
servtunnel/pkg/client/client.go:588.19,589.11 1 0
servtunnel/pkg/client/client.go:591.5,591.14 1 0
servtunnel/pkg/client/client.go:591.14,603.25 6 0
servtunnel/pkg/client/client.go:603.25,604.12 1 0
servtunnel/pkg/client/client.go:612.2,613.33 2 0
servtunnel/pkg/client/client.go:613.33,615.3 1 0
servtunnel/pkg/client/client.go:618.87,619.33 1 0
servtunnel/pkg/client/client.go:619.33,622.3 2 0
servtunnel/pkg/client/client.go:624.2,625.9 2 0
servtunnel/pkg/client/client.go:625.9,628.3 2 0
servtunnel/pkg/client/client.go:630.2,634.29 4 0
servtunnel/pkg/client/client.go:634.29,636.17 2 0
servtunnel/pkg/client/client.go:636.17,638.4 1 0
servtunnel/pkg/client/client.go:641.2,642.16 2 0
servtunnel/pkg/client/client.go:642.16,645.3 2 0
servtunnel/pkg/client/client.go:647.2,647.41 1 0
servtunnel/pkg/client/client.go:647.41,649.3 1 0
servtunnel/pkg/client/client.go:650.2,653.16 3 0
servtunnel/pkg/client/client.go:653.16,656.3 2 0
servtunnel/pkg/client/client.go:657.2,661.23 4 0
servtunnel/pkg/client/client.go:661.23,663.3 1 0
servtunnel/pkg/client/client.go:665.2,666.35 2 0
servtunnel/pkg/client/client.go:666.35,668.3 1 0
servtunnel/pkg/client/client.go:670.2,690.4 6 0
servtunnel/pkg/client/client.go:694.54,696.2 1 0
servtunnel/pkg/client/client.go:699.87,701.2 1 0
