mode: set
servgate/pkg/proxy/access_log.go:43.58,45.47 2 0
servgate/pkg/proxy/access_log.go:45.47,47.3 1 0
servgate/pkg/proxy/access_log.go:49.2,50.16 2 0
servgate/pkg/proxy/access_log.go:50.16,52.3 1 0
servgate/pkg/proxy/access_log.go:54.2,57.8 1 0
servgate/pkg/proxy/access_log.go:61.45,63.16 2 0
servgate/pkg/proxy/access_log.go:63.16,65.3 1 0
servgate/pkg/proxy/access_log.go:67.2,72.19 5 0
servgate/pkg/proxy/access_log.go:76.39,80.42 3 0
servgate/pkg/proxy/access_log.go:80.42,82.3 1 0
servgate/pkg/proxy/access_log.go:83.2,83.24 1 0
servgate/pkg/proxy/access_log.go:99.111,105.2 1 1
servgate/pkg/proxy/access_log.go:107.64,108.21 1 1
servgate/pkg/proxy/access_log.go:108.21,112.3 3 1
servgate/pkg/proxy/access_log.go:115.71,118.20 3 1
servgate/pkg/proxy/access_log.go:118.20,120.3 1 0
servgate/pkg/proxy/access_log.go:121.2,121.15 1 1
servgate/pkg/proxy/access_log.go:125.56,127.2 1 0
servgate/pkg/proxy/access_log.go:130.72,132.47 2 0
servgate/pkg/proxy/access_log.go:132.47,134.3 1 0
servgate/pkg/proxy/access_log.go:135.2,135.10 1 0
servgate/pkg/proxy/access_log.go:139.50,140.51 1 0
servgate/pkg/proxy/access_log.go:140.51,142.3 1 0
servgate/pkg/proxy/access_log.go:146.145,164.2 2 0
servgate/pkg/proxy/access_log.go:166.46,167.55 1 0
servgate/pkg/proxy/access_log.go:167.55,169.48 1 0
servgate/pkg/proxy/access_log.go:169.48,171.4 1 0
servgate/pkg/proxy/access_log.go:172.3,172.32 1 0
servgate/pkg/proxy/access_log.go:174.2,175.16 2 0
servgate/pkg/proxy/access_log.go:175.16,177.3 1 0
servgate/pkg/proxy/access_log.go:178.2,178.13 1 0
servgate/pkg/proxy/ai.go:12.40,14.52 2 1
servgate/pkg/proxy/ai.go:14.52,16.3 1 0
servgate/pkg/proxy/ai.go:19.2,19.47 1 1
servgate/pkg/proxy/ai.go:19.47,21.3 1 1
servgate/pkg/proxy/ai.go:24.2,24.79 1 0
servgate/pkg/proxy/ai.go:24.79,25.76 1 0
servgate/pkg/proxy/ai.go:25.76,26.54 1 0
servgate/pkg/proxy/ai.go:26.54,28.5 1 0
servgate/pkg/proxy/ai.go:32.2,32.11 1 0
servgate/pkg/proxy/ai.go:43.44,44.44 1 1
servgate/pkg/proxy/ai.go:44.44,45.34 1 1
servgate/pkg/proxy/ai.go:45.34,47.4 1 1
servgate/pkg/proxy/ai.go:49.2,49.14 1 1
servgate/pkg/proxy/ai.go:60.36,61.48 1 1
servgate/pkg/proxy/ai.go:61.48,63.3 1 1
servgate/pkg/proxy/ai.go:64.2,64.13 1 1
servgate/pkg/proxy/ai.go:81.57,82.20 1 1
servgate/pkg/proxy/ai.go:82.20,84.3 1 0
servgate/pkg/proxy/ai.go:85.2,87.3 1 1
servgate/pkg/proxy/ai.go:90.47,93.26 3 1
servgate/pkg/proxy/ai.go:93.26,95.17 2 1
servgate/pkg/proxy/ai.go:95.17,97.4 1 1
servgate/pkg/proxy/ai.go:99.2,99.11 1 1
servgate/pkg/proxy/ai.go:102.50,104.23 2 1
servgate/pkg/proxy/ai.go:104.23,106.3 1 1
servgate/pkg/proxy/ai.go:107.2,107.23 1 1
servgate/pkg/proxy/ai.go:110.80,111.28 1 1
servgate/pkg/proxy/ai.go:111.28,113.3 1 0
servgate/pkg/proxy/ai.go:114.2,115.25 2 1
servgate/pkg/proxy/ai.go:115.25,116.27 1 1
servgate/pkg/proxy/ai.go:116.27,118.4 1 1
servgate/pkg/proxy/ai.go:120.2,120.35 1 1
servgate/pkg/proxy/ai.go:123.59,126.14 3 1
servgate/pkg/proxy/ai.go:126.14,128.3 1 0
servgate/pkg/proxy/ai.go:130.2,133.34 3 1
servgate/pkg/proxy/ai.go:133.34,135.25 2 1
servgate/pkg/proxy/ai.go:135.25,137.4 1 1
servgate/pkg/proxy/ai.go:139.2,139.19 1 1
servgate/pkg/proxy/ai.go:142.61,145.14 3 1
servgate/pkg/proxy/ai.go:145.14,147.3 1 0
servgate/pkg/proxy/ai.go:149.2,157.4 3 1
servgate/pkg/proxy/ai.go:166.74,168.33 2 1
servgate/pkg/proxy/ai.go:168.33,170.3 1 1
servgate/pkg/proxy/ai.go:171.2,171.22 1 1
servgate/pkg/proxy/ai.go:171.22,172.37 1 0
servgate/pkg/proxy/ai.go:172.37,174.4 1 0
servgate/pkg/proxy/ai.go:175.3,175.16 1 0
servgate/pkg/proxy/ai.go:178.2,180.33 3 1
servgate/pkg/proxy/ai.go:180.33,182.20 2 1
servgate/pkg/proxy/ai.go:182.20,184.4 1 1
servgate/pkg/proxy/ai.go:187.2,187.36 1 0
servgate/pkg/proxy/ai.go:187.36,189.3 1 0
servgate/pkg/proxy/ai.go:190.2,190.15 1 0
servgate/pkg/proxy/ai_billing_oss.go:13.124,14.36 1 1
servgate/pkg/proxy/ai_billing_oss.go:14.36,16.3 1 1
servgate/pkg/proxy/ai_billing_oss.go:18.2,22.16 3 0
servgate/pkg/proxy/ai_billing_oss.go:22.16,25.3 2 0
servgate/pkg/proxy/ai_billing_oss.go:26.2,32.37 4 0
servgate/pkg/proxy/ai_billing_oss.go:32.37,34.3 1 0
servgate/pkg/proxy/ai_billing_oss.go:34.8,34.39 1 0
servgate/pkg/proxy/ai_billing_oss.go:34.39,36.20 2 0
servgate/pkg/proxy/ai_billing_oss.go:36.20,37.63 1 0
servgate/pkg/proxy/ai_billing_oss.go:37.63,38.32 1 0
servgate/pkg/proxy/ai_billing_oss.go:38.32,40.6 1 0
servgate/pkg/proxy/ai_billing_oss.go:45.2,50.17 5 0
servgate/pkg/proxy/ai_billing_oss.go:50.17,54.18 3 0
servgate/pkg/proxy/ai_billing_oss.go:54.18,57.4 2 0
servgate/pkg/proxy/ai_billing_oss.go:58.3,60.26 3 0
servgate/pkg/proxy/ai_billing_oss.go:61.8,65.3 3 0
servgate/pkg/proxy/ai_billing_oss.go:68.2,68.33 1 0
servgate/pkg/proxy/ai_billing_oss.go:68.33,69.24 1 0
servgate/pkg/proxy/ai_billing_oss.go:69.24,71.4 1 0
servgate/pkg/proxy/ai_billing_oss.go:73.2,77.13 4 0
servgate/pkg/proxy/ai_billing_oss.go:80.135,82.16 2 0
servgate/pkg/proxy/ai_billing_oss.go:82.16,84.3 1 0
servgate/pkg/proxy/ai_billing_oss.go:87.2,87.40 1 0
servgate/pkg/proxy/ai_billing_oss.go:87.40,88.24 1 0
servgate/pkg/proxy/ai_billing_oss.go:88.24,90.4 1 0
servgate/pkg/proxy/ai_billing_oss.go:92.2,96.16 4 0
servgate/pkg/proxy/ai_billing_oss.go:96.16,98.3 1 0
servgate/pkg/proxy/ai_billing_oss.go:99.2,102.16 3 0
servgate/pkg/proxy/ai_billing_oss.go:102.16,104.3 1 0
servgate/pkg/proxy/ai_billing_oss.go:106.2,106.53 1 0
servgate/pkg/proxy/ai_billing_oss.go:109.71,113.2 1 0
servgate/pkg/proxy/ai_billing_oss.go:115.103,117.2 0 0
servgate/pkg/proxy/ai_billing_types.go:21.46,23.2 1 1
servgate/pkg/proxy/ai_billing_types.go:26.64,30.2 1 0
servgate/pkg/proxy/ai_billing_types.go:33.75,33.76 0 0
servgate/pkg/proxy/ai_extension_oss.go:9.106,12.2 1 0
servgate/pkg/proxy/ai_extension_oss.go:14.147,17.2 1 1
servgate/pkg/proxy/ai_extension_oss.go:19.108,21.2 0 1
servgate/pkg/proxy/ai_extension_oss.go:23.113,25.2 0 1
servgate/pkg/proxy/ai_waf_oss.go:10.82,12.2 1 0
servgate/pkg/proxy/cache.go:32.57,40.12 2 0
servgate/pkg/proxy/cache.go:40.12,43.7 3 0
servgate/pkg/proxy/cache.go:43.7,44.11 1 0
servgate/pkg/proxy/cache.go:45.20,46.22 1 0
servgate/pkg/proxy/cache.go:47.21,48.11 1 0
servgate/pkg/proxy/cache.go:53.2,53.11 1 0
servgate/pkg/proxy/cache.go:57.66,62.9 4 0
servgate/pkg/proxy/cache.go:62.9,64.3 1 0
servgate/pkg/proxy/cache.go:66.2,66.39 1 0
servgate/pkg/proxy/cache.go:66.39,72.3 4 0
servgate/pkg/proxy/cache.go:74.2,74.20 1 0
servgate/pkg/proxy/cache.go:78.92,90.2 5 0
servgate/pkg/proxy/cache.go:94.56,99.18 4 0
servgate/pkg/proxy/cache.go:99.18,103.3 3 0
servgate/pkg/proxy/cache.go:105.2,105.30 1 0
servgate/pkg/proxy/cache.go:105.30,106.37 1 0
servgate/pkg/proxy/cache.go:106.37,109.4 2 0
servgate/pkg/proxy/cache.go:111.2,111.14 1 0
servgate/pkg/proxy/cache.go:115.37,119.2 3 0
servgate/pkg/proxy/cache.go:122.33,124.2 1 0
servgate/pkg/proxy/cache.go:126.41,131.37 4 0
servgate/pkg/proxy/cache.go:131.37,132.33 1 0
servgate/pkg/proxy/cache.go:132.33,134.4 1 0
servgate/pkg/proxy/cache.go:140.53,146.20 5 0
servgate/pkg/proxy/cache.go:146.20,152.3 4 0
servgate/pkg/proxy/cache.go:154.2,155.29 2 0
servgate/pkg/proxy/cache.go:159.69,160.30 1 0
servgate/pkg/proxy/cache.go:160.30,163.3 1 0
servgate/pkg/proxy/cache.go:164.2,164.35 1 0
servgate/pkg/proxy/cache.go:164.35,165.35 1 0
servgate/pkg/proxy/cache.go:165.35,167.4 1 0
servgate/pkg/proxy/cache.go:169.2,169.14 1 0
servgate/pkg/proxy/cache.go:172.48,174.25 2 0
servgate/pkg/proxy/cache.go:174.25,176.3 1 0
servgate/pkg/proxy/cache.go:177.2,177.12 1 0
servgate/pkg/proxy/canary.go:10.53,15.21 4 1
servgate/pkg/proxy/canary.go:15.21,17.34 2 1
servgate/pkg/proxy/canary.go:17.34,18.66 1 1
servgate/pkg/proxy/canary.go:18.66,19.13 1 1
servgate/pkg/proxy/canary.go:22.4,25.28 3 0
servgate/pkg/proxy/canary.go:25.28,27.13 2 0
servgate/pkg/proxy/canary.go:30.4,33.14 4 0
servgate/pkg/proxy/canary.go:33.14,36.5 2 0
servgate/pkg/proxy/canary.go:37.4,40.23 3 0
servgate/pkg/proxy/canary.go:40.23,42.5 1 0
servgate/pkg/proxy/canary.go:43.4,43.65 1 0
servgate/pkg/proxy/canary.go:43.65,52.13 8 0
servgate/pkg/proxy/canary.go:55.4,56.21 2 0
servgate/pkg/proxy/canary.go:56.21,58.5 1 0
servgate/pkg/proxy/canary.go:59.4,60.11 2 0
servgate/pkg/proxy/canary.go:60.11,62.13 2 0
servgate/pkg/proxy/canary.go:65.4,65.40 1 0
servgate/pkg/proxy/canary.go:65.40,67.18 2 0
servgate/pkg/proxy/canary.go:67.18,69.6 1 0
servgate/pkg/proxy/canary.go:70.5,71.28 2 0
servgate/pkg/proxy/canary.go:71.28,73.6 1 0
servgate/pkg/proxy/canary.go:74.5,79.21 5 0
servgate/pkg/proxy/canary.go:79.21,82.6 2 0
servgate/pkg/proxy/canary.go:83.5,83.29 1 0
servgate/pkg/proxy/canary.go:86.3,86.22 1 1
servgate/pkg/proxy/errors.go:15.98,17.14 2 1
servgate/pkg/proxy/errors.go:17.14,19.24 2 1
servgate/pkg/proxy/errors.go:19.24,21.23 2 0
servgate/pkg/proxy/errors.go:21.23,23.5 1 0
servgate/pkg/proxy/errors.go:26.2,32.4 3 1
servgate/pkg/proxy/governance_oss.go:7.101,9.2 1 0
servgate/pkg/proxy/graphql_oss.go:9.100,11.2 1 0
servgate/pkg/proxy/handler.go:118.39,122.2 3 1
servgate/pkg/proxy/handler.go:124.37,128.2 3 1
servgate/pkg/proxy/handler.go:130.33,137.2 6 1
servgate/pkg/proxy/handler.go:139.72,143.2 3 1
servgate/pkg/proxy/handler.go:156.90,157.24 1 0
servgate/pkg/proxy/handler.go:157.24,159.3 1 0
servgate/pkg/proxy/handler.go:160.2,161.19 2 0
servgate/pkg/proxy/handler.go:161.19,163.3 1 0
servgate/pkg/proxy/handler.go:164.2,168.3 1 0
servgate/pkg/proxy/handler.go:171.76,173.9 1 0
servgate/pkg/proxy/handler.go:174.27,175.17 1 0
servgate/pkg/proxy/handler.go:175.17,175.28 1 0
servgate/pkg/proxy/handler.go:176.10,176.10 0 0
servgate/pkg/proxy/handler.go:180.2,180.9 1 0
servgate/pkg/proxy/handler.go:181.29,183.16 1 0
servgate/pkg/proxy/handler.go:183.16,183.29 1 0
servgate/pkg/proxy/handler.go:185.3,188.10 3 0
servgate/pkg/proxy/handler.go:189.28,190.18 1 0
servgate/pkg/proxy/handler.go:190.18,190.29 1 0
servgate/pkg/proxy/handler.go:191.18,192.43 1 0
servgate/pkg/proxy/handler.go:193.21,194.25 1 0
servgate/pkg/proxy/handler.go:196.10,198.39 1 0
servgate/pkg/proxy/handler.go:260.103,265.49 2 0
servgate/pkg/proxy/handler.go:265.49,267.17 2 0
servgate/pkg/proxy/handler.go:267.17,269.4 1 0
servgate/pkg/proxy/handler.go:270.3,270.51 1 0
servgate/pkg/proxy/handler.go:273.2,273.22 1 0
servgate/pkg/proxy/handler.go:273.22,275.17 2 0
servgate/pkg/proxy/handler.go:275.17,277.4 1 0
servgate/pkg/proxy/handler.go:278.3,280.33 3 0
servgate/pkg/proxy/handler.go:283.2,297.23 2 0
servgate/pkg/proxy/handler.go:300.104,307.31 6 1
servgate/pkg/proxy/handler.go:307.31,308.26 1 1
servgate/pkg/proxy/handler.go:308.26,310.4 1 1
servgate/pkg/proxy/handler.go:311.3,311.22 1 1
servgate/pkg/proxy/handler.go:311.22,313.21 2 0
servgate/pkg/proxy/handler.go:313.21,315.5 1 0
servgate/pkg/proxy/handler.go:316.4,317.18 2 0
servgate/pkg/proxy/handler.go:317.18,319.5 1 0
servgate/pkg/proxy/handler.go:319.10,321.5 1 0
servgate/pkg/proxy/handler.go:323.3,323.32 1 1
servgate/pkg/proxy/handler.go:323.32,325.4 1 0
servgate/pkg/proxy/handler.go:326.3,326.59 1 1
servgate/pkg/proxy/handler.go:326.59,328.18 2 0
servgate/pkg/proxy/handler.go:328.18,330.5 1 0
servgate/pkg/proxy/handler.go:330.10,332.5 1 0
servgate/pkg/proxy/handler.go:334.3,334.38 1 1
servgate/pkg/proxy/handler.go:334.38,336.4 1 0
servgate/pkg/proxy/handler.go:339.2,340.12 2 1
servgate/pkg/proxy/handler.go:340.12,342.22 2 1
servgate/pkg/proxy/handler.go:342.22,344.4 1 1
servgate/pkg/proxy/handler.go:347.2,348.73 2 1
servgate/pkg/proxy/handler.go:348.73,350.17 2 0
servgate/pkg/proxy/handler.go:350.17,353.4 2 0
servgate/pkg/proxy/handler.go:353.9,355.4 1 0
servgate/pkg/proxy/handler.go:358.2,383.10 3 1
servgate/pkg/proxy/handler.go:389.52,393.25 4 0
servgate/pkg/proxy/handler.go:393.25,395.3 1 0
servgate/pkg/proxy/handler.go:398.58,412.34 10 0
servgate/pkg/proxy/handler.go:412.34,413.26 1 0
servgate/pkg/proxy/handler.go:413.26,414.60 1 0
servgate/pkg/proxy/handler.go:414.60,416.5 1 0
servgate/pkg/proxy/handler.go:418.3,418.32 1 0
servgate/pkg/proxy/handler.go:418.32,419.60 1 0
servgate/pkg/proxy/handler.go:419.60,421.5 1 0
servgate/pkg/proxy/handler.go:423.3,423.22 1 0
servgate/pkg/proxy/handler.go:423.22,424.59 1 0
servgate/pkg/proxy/handler.go:424.59,426.22 2 0
servgate/pkg/proxy/handler.go:426.22,428.6 1 0
servgate/pkg/proxy/handler.go:429.5,430.19 2 0
servgate/pkg/proxy/handler.go:430.19,432.6 1 0
servgate/pkg/proxy/handler.go:432.11,434.6 1 0
servgate/pkg/proxy/handler.go:437.3,437.59 1 0
servgate/pkg/proxy/handler.go:437.59,438.56 1 0
servgate/pkg/proxy/handler.go:438.56,440.19 2 0
servgate/pkg/proxy/handler.go:440.19,442.6 1 0
servgate/pkg/proxy/handler.go:442.11,444.6 1 0
servgate/pkg/proxy/handler.go:447.3,447.38 1 0
servgate/pkg/proxy/handler.go:447.38,448.54 1 0
servgate/pkg/proxy/handler.go:448.54,450.5 1 0
servgate/pkg/proxy/handler.go:455.53,460.29 4 0
servgate/pkg/proxy/handler.go:460.29,461.31 1 0
servgate/pkg/proxy/handler.go:461.31,464.9 3 0
servgate/pkg/proxy/handler.go:467.2,467.12 1 0
servgate/pkg/proxy/handler.go:467.12,469.3 1 0
servgate/pkg/proxy/handler.go:471.2,480.25 7 0
servgate/pkg/proxy/handler.go:480.25,481.59 1 0
servgate/pkg/proxy/handler.go:481.59,483.4 1 0
servgate/pkg/proxy/handler.go:485.2,485.31 1 0
servgate/pkg/proxy/handler.go:485.31,486.59 1 0
servgate/pkg/proxy/handler.go:486.59,488.4 1 0
servgate/pkg/proxy/handler.go:490.2,490.21 1 0
servgate/pkg/proxy/handler.go:490.21,491.58 1 0
servgate/pkg/proxy/handler.go:491.58,493.21 2 0
servgate/pkg/proxy/handler.go:493.21,495.5 1 0
servgate/pkg/proxy/handler.go:496.4,497.18 2 0
servgate/pkg/proxy/handler.go:497.18,499.5 1 0
servgate/pkg/proxy/handler.go:499.10,501.5 1 0
servgate/pkg/proxy/handler.go:504.2,504.58 1 0
servgate/pkg/proxy/handler.go:504.58,505.55 1 0
servgate/pkg/proxy/handler.go:505.55,507.18 2 0
servgate/pkg/proxy/handler.go:507.18,509.5 1 0
servgate/pkg/proxy/handler.go:509.10,511.5 1 0
servgate/pkg/proxy/handler.go:514.2,514.37 1 0
servgate/pkg/proxy/handler.go:514.37,515.53 1 0
servgate/pkg/proxy/handler.go:515.53,517.4 1 0
servgate/pkg/proxy/handler.go:521.46,525.2 3 0
servgate/pkg/proxy/handler.go:527.64,532.34 4 1
servgate/pkg/proxy/handler.go:532.34,534.3 1 0
servgate/pkg/proxy/handler.go:535.2,535.12 1 1
servgate/pkg/proxy/handler.go:547.70,557.2 2 1
servgate/pkg/proxy/handler.go:560.34,561.41 1 0
servgate/pkg/proxy/handler.go:561.41,563.3 1 0
servgate/pkg/proxy/handler.go:564.2,564.41 1 0
servgate/pkg/proxy/handler.go:564.41,566.3 1 0
servgate/pkg/proxy/handler.go:574.83,580.21 4 1
servgate/pkg/proxy/handler.go:580.21,583.3 2 1
servgate/pkg/proxy/handler.go:585.2,588.34 3 1
servgate/pkg/proxy/handler.go:588.34,589.25 1 1
servgate/pkg/proxy/handler.go:589.25,591.4 1 1
servgate/pkg/proxy/handler.go:593.3,594.42 2 1
servgate/pkg/proxy/handler.go:594.42,596.4 1 1
servgate/pkg/proxy/handler.go:599.3,600.15 2 0
servgate/pkg/proxy/handler.go:603.2,603.18 1 0
servgate/pkg/proxy/handler.go:606.86,607.16 1 1
servgate/pkg/proxy/handler.go:607.16,609.3 1 1
servgate/pkg/proxy/handler.go:611.2,613.26 2 0
servgate/pkg/proxy/handler.go:613.26,628.17 12 0
servgate/pkg/proxy/handler.go:628.17,630.4 1 0
servgate/pkg/proxy/handler.go:630.9,632.29 2 0
servgate/pkg/proxy/handler.go:632.29,634.5 1 0
servgate/pkg/proxy/handler.go:636.4,640.16 5 0
servgate/pkg/proxy/handler.go:644.2,646.13 3 0
servgate/pkg/proxy/handler.go:646.13,649.3 2 0
servgate/pkg/proxy/handler.go:650.2,660.32 7 0
servgate/pkg/proxy/handler.go:660.32,661.22 1 0
servgate/pkg/proxy/handler.go:661.22,663.4 1 0
servgate/pkg/proxy/handler.go:665.2,667.31 2 0
servgate/pkg/proxy/handler.go:667.31,669.3 1 0
servgate/pkg/proxy/handler.go:671.2,672.14 2 0
servgate/pkg/proxy/handler.go:675.76,679.43 3 1
servgate/pkg/proxy/handler.go:679.43,680.19 1 0
servgate/pkg/proxy/handler.go:681.23,686.10 5 0
servgate/pkg/proxy/handler.go:687.24,689.66 2 0
servgate/pkg/proxy/handler.go:689.66,692.5 2 0
servgate/pkg/proxy/handler.go:693.4,693.29 1 0
servgate/pkg/proxy/handler.go:693.29,696.5 2 0
servgate/pkg/proxy/handler.go:697.4,701.10 5 0
servgate/pkg/proxy/handler.go:705.2,705.49 1 1
servgate/pkg/proxy/handler.go:705.49,706.82 1 0
servgate/pkg/proxy/handler.go:706.82,709.4 2 0
servgate/pkg/proxy/handler.go:710.3,710.34 1 0
servgate/pkg/proxy/handler.go:710.34,713.4 2 0
servgate/pkg/proxy/handler.go:714.3,715.39 2 0
servgate/pkg/proxy/handler.go:715.39,717.23 2 0
servgate/pkg/proxy/handler.go:717.23,719.5 1 0
servgate/pkg/proxy/handler.go:721.3,725.9 5 0
servgate/pkg/proxy/handler.go:728.2,728.46 1 1
servgate/pkg/proxy/handler.go:728.46,731.3 2 0
servgate/pkg/proxy/handler.go:733.2,734.20 2 1
servgate/pkg/proxy/handler.go:734.20,738.13 4 0
servgate/pkg/proxy/handler.go:738.13,740.28 2 0
servgate/pkg/proxy/handler.go:740.28,742.5 1 0
servgate/pkg/proxy/handler.go:743.4,743.39 1 0
servgate/pkg/proxy/handler.go:743.39,745.46 2 0
servgate/pkg/proxy/handler.go:745.46,746.41 1 0
servgate/pkg/proxy/handler.go:746.41,748.12 2 0
servgate/pkg/proxy/handler.go:751.5,751.17 1 0
servgate/pkg/proxy/handler.go:751.17,754.6 2 0
servgate/pkg/proxy/handler.go:757.4,758.27 2 0
servgate/pkg/proxy/handler.go:758.27,760.5 1 0
servgate/pkg/proxy/handler.go:761.4,761.38 1 0
servgate/pkg/proxy/handler.go:761.38,763.47 2 0
servgate/pkg/proxy/handler.go:763.47,764.44 1 0
servgate/pkg/proxy/handler.go:764.44,766.12 2 0
servgate/pkg/proxy/handler.go:769.5,769.17 1 0
servgate/pkg/proxy/handler.go:769.17,772.6 2 0
servgate/pkg/proxy/handler.go:777.2,777.31 1 1
servgate/pkg/proxy/handler.go:777.31,781.3 3 0
servgate/pkg/proxy/handler.go:782.2,782.44 1 1
servgate/pkg/proxy/handler.go:782.44,785.3 2 0
servgate/pkg/proxy/handler.go:788.2,788.23 1 1
servgate/pkg/proxy/handler.go:788.23,793.27 4 0
servgate/pkg/proxy/handler.go:793.27,795.4 1 0
servgate/pkg/proxy/handler.go:795.9,795.66 1 0
servgate/pkg/proxy/handler.go:795.66,796.67 1 0
servgate/pkg/proxy/handler.go:796.67,804.24 6 0
servgate/pkg/proxy/handler.go:804.24,806.20 2 0
servgate/pkg/proxy/handler.go:806.20,810.55 2 0
servgate/pkg/proxy/handler.go:810.55,811.37 1 0
servgate/pkg/proxy/handler.go:811.37,813.9 1 0
servgate/pkg/proxy/handler.go:820.3,820.21 1 0
servgate/pkg/proxy/handler.go:820.21,823.4 2 0
servgate/pkg/proxy/handler.go:827.2,830.33 4 1
servgate/pkg/proxy/handler.go:830.33,831.50 1 1
servgate/pkg/proxy/handler.go:831.50,834.9 3 1
servgate/pkg/proxy/handler.go:837.2,839.12 2 1
servgate/pkg/proxy/handler.go:839.12,843.3 3 0
servgate/pkg/proxy/handler.go:846.2,847.16 2 1
servgate/pkg/proxy/handler.go:847.16,849.3 1 1
servgate/pkg/proxy/handler.go:850.2,853.32 2 1
servgate/pkg/proxy/handler.go:853.32,855.22 2 0
servgate/pkg/proxy/handler.go:855.22,858.4 2 0
servgate/pkg/proxy/handler.go:860.3,864.17 4 0
servgate/pkg/proxy/handler.go:864.17,867.4 2 0
servgate/pkg/proxy/handler.go:870.3,870.37 1 0
servgate/pkg/proxy/handler.go:870.37,872.55 2 0
servgate/pkg/proxy/handler.go:872.55,873.52 1 0
servgate/pkg/proxy/handler.go:873.52,875.11 2 0
servgate/pkg/proxy/handler.go:878.4,878.16 1 0
servgate/pkg/proxy/handler.go:878.16,881.5 2 0
servgate/pkg/proxy/handler.go:885.3,885.43 1 0
servgate/pkg/proxy/handler.go:885.43,887.50 2 0
servgate/pkg/proxy/handler.go:887.50,888.28 1 0
servgate/pkg/proxy/handler.go:888.28,890.11 2 0
servgate/pkg/proxy/handler.go:893.4,893.22 1 0
servgate/pkg/proxy/handler.go:893.22,896.5 2 0
servgate/pkg/proxy/handler.go:900.3,900.31 1 0
servgate/pkg/proxy/handler.go:900.31,901.87 1 0
servgate/pkg/proxy/handler.go:901.87,904.5 2 0
servgate/pkg/proxy/handler.go:908.3,908.55 1 0
servgate/pkg/proxy/handler.go:908.55,910.4 1 0
servgate/pkg/proxy/handler.go:913.3,913.78 1 0
servgate/pkg/proxy/handler.go:917.2,917.130 1 1
servgate/pkg/proxy/handler.go:917.130,919.17 2 0
servgate/pkg/proxy/handler.go:919.17,924.25 4 0
servgate/pkg/proxy/handler.go:924.25,926.5 1 0
servgate/pkg/proxy/handler.go:927.4,936.18 5 0
servgate/pkg/proxy/handler.go:936.18,938.41 2 0
servgate/pkg/proxy/handler.go:938.41,943.76 2 0
servgate/pkg/proxy/handler.go:943.76,946.7 2 0
servgate/pkg/proxy/handler.go:953.2,953.60 1 1
servgate/pkg/proxy/handler.go:953.60,955.17 2 0
servgate/pkg/proxy/handler.go:955.17,967.84 4 0
servgate/pkg/proxy/handler.go:967.84,970.22 3 0
servgate/pkg/proxy/handler.go:970.22,972.6 1 0
servgate/pkg/proxy/handler.go:974.5,976.70 2 0
servgate/pkg/proxy/handler.go:976.70,989.6 5 0
servgate/pkg/proxy/handler.go:990.5,991.43 2 0
servgate/pkg/proxy/handler.go:997.2,998.20 2 1
servgate/pkg/proxy/handler.go:998.20,1000.75 2 0
servgate/pkg/proxy/handler.go:1000.75,1002.4 1 0
servgate/pkg/proxy/handler.go:1004.2,1004.82 1 1
servgate/pkg/proxy/handler.go:1004.82,1007.3 2 0
servgate/pkg/proxy/handler.go:1010.2,1013.20 4 1
servgate/pkg/proxy/handler.go:1013.20,1016.14 3 0
servgate/pkg/proxy/handler.go:1016.14,1017.24 1 0
servgate/pkg/proxy/handler.go:1017.24,1020.5 2 0
servgate/pkg/proxy/handler.go:1021.4,1021.27 1 0
servgate/pkg/proxy/handler.go:1021.27,1023.5 1 0
servgate/pkg/proxy/handler.go:1024.4,1024.29 1 0
servgate/pkg/proxy/handler.go:1024.29,1026.5 1 0
servgate/pkg/proxy/handler.go:1031.2,1031.79 1 1
servgate/pkg/proxy/handler.go:1031.79,1034.3 2 0
servgate/pkg/proxy/handler.go:1037.2,1040.34 4 1
servgate/pkg/proxy/handler.go:1040.34,1042.17 2 0
servgate/pkg/proxy/handler.go:1042.17,1044.35 2 0
servgate/pkg/proxy/handler.go:1044.35,1046.5 1 0
servgate/pkg/proxy/handler.go:1046.10,1048.5 1 0
servgate/pkg/proxy/handler.go:1049.4,1049.10 1 0
servgate/pkg/proxy/handler.go:1051.3,1051.18 1 0
servgate/pkg/proxy/handler.go:1055.2,1055.76 1 1
servgate/pkg/proxy/handler.go:1055.76,1058.3 2 0
servgate/pkg/proxy/handler.go:1061.2,1066.17 4 1
servgate/pkg/proxy/handler.go:1066.17,1074.111 6 0
servgate/pkg/proxy/handler.go:1074.111,1076.18 2 0
servgate/pkg/proxy/handler.go:1076.18,1080.5 3 0
servgate/pkg/proxy/handler.go:1085.2,1087.96 3 1
servgate/pkg/proxy/handler.go:1087.96,1089.24 2 0
servgate/pkg/proxy/handler.go:1089.24,1091.51 2 0
servgate/pkg/proxy/handler.go:1091.51,1093.38 1 0
servgate/pkg/proxy/handler.go:1093.38,1094.27 1 0
servgate/pkg/proxy/handler.go:1094.27,1096.7 1 0
servgate/pkg/proxy/handler.go:1098.5,1106.63 5 0
servgate/pkg/proxy/handler.go:1106.63,1121.6 1 0
servgate/pkg/proxy/handler.go:1122.5,1122.11 1 0
servgate/pkg/proxy/handler.go:1128.2,1128.44 1 1
servgate/pkg/proxy/handler.go:1128.44,1130.17 2 0
servgate/pkg/proxy/handler.go:1130.17,1134.4 3 0
servgate/pkg/proxy/handler.go:1135.3,1137.83 2 0
servgate/pkg/proxy/handler.go:1137.83,1141.4 3 0
servgate/pkg/proxy/handler.go:1144.3,1145.42 2 0
servgate/pkg/proxy/handler.go:1149.2,1150.222 2 1
servgate/pkg/proxy/handler.go:1150.222,1159.10 6 1
servgate/pkg/proxy/handler.go:1159.10,1161.4 1 0
servgate/pkg/proxy/handler.go:1162.3,1165.47 2 1
servgate/pkg/proxy/handler.go:1165.47,1166.33 1 1
servgate/pkg/proxy/handler.go:1166.33,1170.5 3 1
servgate/pkg/proxy/handler.go:1174.3,1174.32 1 1
servgate/pkg/proxy/handler.go:1174.32,1175.64 1 0
servgate/pkg/proxy/handler.go:1175.64,1180.5 4 0
servgate/pkg/proxy/handler.go:1184.3,1184.29 1 1
servgate/pkg/proxy/handler.go:1184.29,1188.4 3 1
servgate/pkg/proxy/handler.go:1191.3,1191.49 1 1
servgate/pkg/proxy/handler.go:1191.49,1192.62 1 1
servgate/pkg/proxy/handler.go:1192.62,1193.50 1 1
servgate/pkg/proxy/handler.go:1193.50,1203.6 6 1
servgate/pkg/proxy/handler.go:1208.3,1209.40 2 1
servgate/pkg/proxy/handler.go:1213.2,1214.26 2 1
servgate/pkg/proxy/handler.go:1214.26,1218.15 3 0
servgate/pkg/proxy/handler.go:1218.15,1221.31 2 0
servgate/pkg/proxy/handler.go:1221.31,1222.19 1 0
servgate/pkg/proxy/handler.go:1222.19,1224.6 1 0
servgate/pkg/proxy/handler.go:1226.4,1231.38 2 0
servgate/pkg/proxy/handler.go:1232.9,1236.4 3 0
servgate/pkg/proxy/handler.go:1238.3,1242.17 4 0
servgate/pkg/proxy/handler.go:1242.17,1247.4 4 0
servgate/pkg/proxy/handler.go:1249.3,1249.15 1 0
servgate/pkg/proxy/handler.go:1249.15,1251.26 2 0
servgate/pkg/proxy/handler.go:1251.26,1255.5 3 0
servgate/pkg/proxy/handler.go:1257.9,1260.4 2 0
servgate/pkg/proxy/handler.go:1264.2,1264.37 1 1
servgate/pkg/proxy/handler.go:1264.37,1265.56 1 0
servgate/pkg/proxy/handler.go:1265.56,1267.19 2 0
servgate/pkg/proxy/handler.go:1267.19,1272.5 4 0
servgate/pkg/proxy/handler.go:1273.4,1273.25 1 0
servgate/pkg/proxy/handler.go:1273.25,1275.42 2 0
servgate/pkg/proxy/handler.go:1275.42,1276.27 1 0
servgate/pkg/proxy/handler.go:1276.27,1278.7 1 0
servgate/pkg/proxy/handler.go:1280.5,1286.11 4 0
servgate/pkg/proxy/handler.go:1292.2,1297.55 4 1
servgate/pkg/proxy/handler.go:1297.55,1301.17 3 0
servgate/pkg/proxy/handler.go:1301.17,1305.4 3 0
servgate/pkg/proxy/handler.go:1306.3,1310.65 3 0
servgate/pkg/proxy/handler.go:1310.65,1314.81 2 0
servgate/pkg/proxy/handler.go:1314.81,1316.5 1 0
servgate/pkg/proxy/handler.go:1320.3,1328.17 5 0
servgate/pkg/proxy/handler.go:1328.17,1332.4 3 0
servgate/pkg/proxy/handler.go:1333.3,1337.24 3 0
servgate/pkg/proxy/handler.go:1337.24,1339.4 1 0
servgate/pkg/proxy/handler.go:1341.3,1343.17 3 0
servgate/pkg/proxy/handler.go:1343.17,1347.4 3 0
servgate/pkg/proxy/handler.go:1348.3,1351.29 3 0
servgate/pkg/proxy/handler.go:1351.29,1354.30 3 0
servgate/pkg/proxy/handler.go:1354.30,1356.5 1 0
servgate/pkg/proxy/handler.go:1357.4,1357.10 1 0
servgate/pkg/proxy/handler.go:1361.3,1370.9 5 0
servgate/pkg/proxy/handler.go:1373.2,1374.16 2 1
servgate/pkg/proxy/handler.go:1374.16,1379.3 4 0
servgate/pkg/proxy/handler.go:1382.2,1382.71 1 1
servgate/pkg/proxy/handler.go:1382.71,1384.3 1 0
servgate/pkg/proxy/handler.go:1387.2,1387.61 1 1
servgate/pkg/proxy/handler.go:1387.61,1396.3 4 0
servgate/pkg/proxy/handler.go:1399.2,1399.44 1 1
servgate/pkg/proxy/handler.go:1399.44,1401.17 2 0
servgate/pkg/proxy/handler.go:1401.17,1403.99 2 0
servgate/pkg/proxy/handler.go:1403.99,1406.5 2 0
servgate/pkg/proxy/handler.go:1406.10,1408.5 1 0
servgate/pkg/proxy/handler.go:1413.2,1413.50 1 1
servgate/pkg/proxy/handler.go:1413.50,1416.26 3 0
servgate/pkg/proxy/handler.go:1416.26,1418.43 2 0
servgate/pkg/proxy/handler.go:1418.43,1424.5 5 0
servgate/pkg/proxy/handler.go:1429.2,1429.50 1 1
servgate/pkg/proxy/handler.go:1429.50,1441.3 11 0
servgate/pkg/proxy/handler.go:1444.2,1448.43 3 1
servgate/pkg/proxy/handler.go:1448.43,1450.3 1 0
servgate/pkg/proxy/handler.go:1452.2,1457.18 5 1
servgate/pkg/proxy/handler.go:1457.18,1459.3 1 0
servgate/pkg/proxy/handler.go:1461.2,1464.82 3 1
servgate/pkg/proxy/handler.go:1464.82,1469.3 4 0
servgate/pkg/proxy/handler.go:1471.2,1471.57 1 1
servgate/pkg/proxy/handler.go:1471.57,1472.66 1 1
servgate/pkg/proxy/handler.go:1472.66,1474.62 2 0
servgate/pkg/proxy/handler.go:1474.62,1478.5 3 0
servgate/pkg/proxy/handler.go:1481.3,1482.17 2 1
servgate/pkg/proxy/handler.go:1482.17,1484.4 1 0
servgate/pkg/proxy/handler.go:1485.3,1488.102 2 1
servgate/pkg/proxy/handler.go:1488.102,1491.47 3 0
servgate/pkg/proxy/handler.go:1491.47,1492.36 1 0
servgate/pkg/proxy/handler.go:1492.36,1493.30 1 0
servgate/pkg/proxy/handler.go:1493.30,1495.7 1 0
servgate/pkg/proxy/handler.go:1497.5,1497.38 1 0
servgate/pkg/proxy/handler.go:1502.3,1505.38 2 1
servgate/pkg/proxy/handler.go:1505.38,1506.57 1 0
servgate/pkg/proxy/handler.go:1506.57,1513.20 3 0
servgate/pkg/proxy/handler.go:1513.20,1515.6 1 0
servgate/pkg/proxy/handler.go:1516.5,1517.26 2 0
servgate/pkg/proxy/handler.go:1522.3,1522.44 1 1
servgate/pkg/proxy/handler.go:1522.44,1527.22 5 0
servgate/pkg/proxy/handler.go:1527.22,1529.5 1 0
servgate/pkg/proxy/handler.go:1533.3,1533.46 1 1
servgate/pkg/proxy/handler.go:1533.46,1534.100 1 0
servgate/pkg/proxy/handler.go:1534.100,1536.5 1 0
servgate/pkg/proxy/handler.go:1540.3,1540.51 1 1
servgate/pkg/proxy/handler.go:1540.51,1541.27 1 0
servgate/pkg/proxy/handler.go:1541.27,1543.44 2 0
servgate/pkg/proxy/handler.go:1543.44,1546.6 2 0
servgate/pkg/proxy/handler.go:1551.3,1551.51 1 1
servgate/pkg/proxy/handler.go:1551.51,1557.4 5 0
servgate/pkg/proxy/handler.go:1560.3,1560.33 1 1
servgate/pkg/proxy/handler.go:1560.33,1562.20 2 1
servgate/pkg/proxy/handler.go:1562.20,1563.63 1 1
servgate/pkg/proxy/handler.go:1563.63,1565.6 1 1
servgate/pkg/proxy/handler.go:1569.3,1572.13 4 1
servgate/pkg/proxy/handler.go:1575.2,1583.17 6 1
servgate/pkg/proxy/handler.go:1583.17,1585.3 1 0
servgate/pkg/proxy/handler.go:1587.2,1592.100 3 1
servgate/pkg/proxy/handler.go:1592.100,1595.10 3 0
servgate/pkg/proxy/handler.go:1595.10,1598.4 2 0
servgate/pkg/proxy/handler.go:1599.3,1600.28 2 0
servgate/pkg/proxy/handler.go:1600.28,1602.4 1 0
servgate/pkg/proxy/handler.go:1603.3,1603.27 1 0
servgate/pkg/proxy/handler.go:1606.2,1606.27 1 1
servgate/pkg/proxy/handler.go:1606.27,1608.3 1 0
servgate/pkg/proxy/handler.go:1611.2,1611.90 1 1
servgate/pkg/proxy/handler.go:1611.90,1613.3 1 0
servgate/pkg/proxy/handler.go:1616.2,1616.60 1 1
servgate/pkg/proxy/handler.go:1616.60,1618.3 1 0
servgate/pkg/proxy/handler.go:1620.2,1623.4 1 1
servgate/pkg/proxy/handler.go:1626.60,1628.36 1 1
servgate/pkg/proxy/handler.go:1628.36,1630.44 2 0
servgate/pkg/proxy/handler.go:1630.44,1632.4 1 0
servgate/pkg/proxy/handler.go:1633.3,1633.22 1 0
servgate/pkg/proxy/handler.go:1633.22,1636.45 3 0
servgate/pkg/proxy/handler.go:1636.45,1638.18 2 0
servgate/pkg/proxy/handler.go:1638.18,1640.6 1 0
servgate/pkg/proxy/handler.go:1642.4,1642.39 1 0
servgate/pkg/proxy/handler.go:1646.2,1646.29 1 1
servgate/pkg/proxy/handler.go:1646.29,1648.3 1 1
servgate/pkg/proxy/handler.go:1650.2,1653.40 3 0
servgate/pkg/proxy/handler.go:1653.40,1656.40 3 0
servgate/pkg/proxy/handler.go:1656.40,1658.38 2 0
servgate/pkg/proxy/handler.go:1658.38,1661.5 2 0
servgate/pkg/proxy/handler.go:1663.3,1663.18 1 0
servgate/pkg/proxy/handler.go:1666.2,1666.42 1 0
servgate/pkg/proxy/handler.go:1666.42,1669.40 3 0
servgate/pkg/proxy/handler.go:1669.40,1674.39 4 0
servgate/pkg/proxy/handler.go:1674.39,1677.5 2 0
servgate/pkg/proxy/handler.go:1679.3,1679.21 1 0
servgate/pkg/proxy/handler.go:1679.21,1681.4 1 0
servgate/pkg/proxy/handler.go:1685.2,1688.17 4 0
servgate/pkg/proxy/handler.go:1691.68,1692.65 1 1
servgate/pkg/proxy/handler.go:1692.65,1694.3 1 1
servgate/pkg/proxy/handler.go:1695.2,1696.49 2 0
servgate/pkg/proxy/handler.go:1696.49,1698.3 1 0
servgate/pkg/proxy/handler.go:1699.2,1699.22 1 0
servgate/pkg/proxy/handler.go:1699.22,1701.3 1 0
servgate/pkg/proxy/handler.go:1702.2,1704.49 3 0
servgate/pkg/proxy/handler.go:1704.49,1706.18 2 0
servgate/pkg/proxy/handler.go:1706.18,1708.4 1 0
servgate/pkg/proxy/handler.go:1710.2,1710.50 1 0
servgate/pkg/proxy/handler.go:1713.75,1715.2 1 0
servgate/pkg/proxy/handler.go:1722.77,1723.52 1 0
servgate/pkg/proxy/handler.go:1723.52,1725.3 1 0
servgate/pkg/proxy/handler.go:1727.2,1728.42 2 0
servgate/pkg/proxy/handler.go:1728.42,1729.62 1 0
servgate/pkg/proxy/handler.go:1729.62,1731.4 1 0
servgate/pkg/proxy/handler.go:1733.2,1733.14 1 0
servgate/pkg/proxy/handler.go:1737.72,1739.2 1 0
servgate/pkg/proxy/handler.go:1741.49,1745.2 3 1
servgate/pkg/proxy/handler.go:1747.49,1750.31 3 1
servgate/pkg/proxy/handler.go:1750.31,1752.3 1 0
servgate/pkg/proxy/handler.go:1753.2,1753.23 1 1
servgate/pkg/proxy/handler.go:1756.101,1758.9 2 0
servgate/pkg/proxy/handler.go:1758.9,1761.3 2 0
servgate/pkg/proxy/handler.go:1762.2,1763.16 2 0
servgate/pkg/proxy/handler.go:1763.16,1766.3 2 0
servgate/pkg/proxy/handler.go:1767.2,1770.41 3 0
servgate/pkg/proxy/handler.go:1770.41,1771.63 1 0
servgate/pkg/proxy/handler.go:1771.63,1773.4 1 0
servgate/pkg/proxy/handler.go:1773.9,1775.4 1 0
servgate/pkg/proxy/handler.go:1778.2,1779.16 2 0
servgate/pkg/proxy/handler.go:1779.16,1782.3 2 0
servgate/pkg/proxy/handler.go:1783.2,1793.12 8 0
servgate/pkg/proxy/handler.go:1793.12,1796.3 2 0
servgate/pkg/proxy/handler.go:1797.2,1797.12 1 0
servgate/pkg/proxy/handler.go:1797.12,1800.3 2 0
servgate/pkg/proxy/handler.go:1801.2,1801.11 1 0
servgate/pkg/proxy/handler.go:1804.65,1806.21 2 0
servgate/pkg/proxy/handler.go:1806.21,1808.3 1 0
servgate/pkg/proxy/handler.go:1810.2,1819.54 6 0
servgate/pkg/proxy/handler.go:1819.54,1821.3 1 0
servgate/pkg/proxy/handler.go:1824.2,1825.16 2 0
servgate/pkg/proxy/handler.go:1825.16,1827.3 1 0
servgate/pkg/proxy/handler.go:1829.2,1833.62 2 0
servgate/pkg/proxy/handler.go:1833.62,1835.3 1 0
servgate/pkg/proxy/handler.go:1838.2,1838.54 1 0
servgate/pkg/proxy/handler.go:1838.54,1840.3 1 0
servgate/pkg/proxy/handler.go:1842.2,1842.30 1 0
servgate/pkg/proxy/handler.go:1845.95,1847.9 2 0
servgate/pkg/proxy/handler.go:1847.9,1849.3 1 0
servgate/pkg/proxy/handler.go:1851.2,1852.21 2 0
servgate/pkg/proxy/handler.go:1852.21,1854.17 2 0
servgate/pkg/proxy/handler.go:1854.17,1859.52 2 0
servgate/pkg/proxy/handler.go:1859.52,1864.77 4 0
servgate/pkg/proxy/handler.go:1864.77,1866.6 1 0
servgate/pkg/proxy/handler.go:1871.2,1871.23 1 0
servgate/pkg/proxy/handler.go:1874.61,1878.2 3 0
servgate/pkg/proxy/handler.go:1880.51,1884.2 3 0
servgate/pkg/proxy/handler.go:1886.74,1890.2 3 0
servgate/pkg/proxy/handler.go:1892.76,1895.29 3 0
servgate/pkg/proxy/handler.go:1895.29,1896.25 1 0
servgate/pkg/proxy/handler.go:1896.25,1899.39 3 0
servgate/pkg/proxy/handler.go:1899.39,1901.5 1 0
servgate/pkg/proxy/handler.go:1908.48,1909.28 1 0
servgate/pkg/proxy/handler.go:1909.28,1911.3 1 0
servgate/pkg/proxy/handler.go:1912.2,1914.43 3 0
servgate/pkg/proxy/handler.go:1917.83,1949.31 7 0
servgate/pkg/proxy/handler.go:1949.31,1951.39 2 0
servgate/pkg/proxy/handler.go:1951.39,1953.4 1 0
servgate/pkg/proxy/handler.go:1954.3,1971.29 4 0
servgate/pkg/proxy/handler.go:1971.29,1982.70 2 0
servgate/pkg/proxy/handler.go:1982.70,1985.62 3 0
servgate/pkg/proxy/handler.go:1985.62,1989.33 4 0
servgate/pkg/proxy/handler.go:1989.33,1991.16 2 0
servgate/pkg/proxy/handler.go:1992.23,1993.18 1 0
servgate/pkg/proxy/handler.go:1994.29,1995.25 1 0
servgate/pkg/proxy/handler.go:1996.30,1997.24 1 0
servgate/pkg/proxy/handler.go:1998.30,1999.25 1 0
servgate/pkg/proxy/handler.go:2000.21,2001.24 1 0
servgate/pkg/proxy/handler.go:2004.6,2007.13 2 0
servgate/pkg/proxy/handler.go:2007.13,2009.7 1 0
servgate/pkg/proxy/handler.go:2012.5,2016.26 2 0
servgate/pkg/proxy/handler.go:2016.26,2018.6 1 0
servgate/pkg/proxy/handler.go:2020.5,2027.6 1 0
servgate/pkg/proxy/handler.go:2030.4,2030.20 1 0
servgate/pkg/proxy/handler.go:2033.3,2033.28 1 0
servgate/pkg/proxy/handler.go:2036.2,2037.40 2 0
servgate/pkg/proxy/handler.go:2040.73,2042.21 2 1
servgate/pkg/proxy/handler.go:2042.21,2044.3 1 0
servgate/pkg/proxy/handler.go:2046.2,2046.52 1 1
servgate/pkg/proxy/handler.go:2046.52,2047.37 1 0
servgate/pkg/proxy/handler.go:2047.37,2049.18 2 0
servgate/pkg/proxy/handler.go:2049.18,2051.5 1 0
servgate/pkg/proxy/handler.go:2053.3,2054.23 2 0
servgate/pkg/proxy/handler.go:2054.23,2056.4 1 0
servgate/pkg/proxy/handler.go:2057.3,2057.15 1 0
servgate/pkg/proxy/handler.go:2061.2,2061.36 1 1
servgate/pkg/proxy/handler.go:2061.36,2062.35 1 0
servgate/pkg/proxy/handler.go:2062.35,2064.4 1 0
servgate/pkg/proxy/handler.go:2068.2,2068.24 1 1
servgate/pkg/proxy/handler.go:2068.24,2070.37 2 0
servgate/pkg/proxy/handler.go:2070.37,2071.36 1 0
servgate/pkg/proxy/handler.go:2071.36,2073.10 2 0
servgate/pkg/proxy/handler.go:2076.3,2076.15 1 0
servgate/pkg/proxy/handler.go:2076.15,2078.4 1 0
servgate/pkg/proxy/handler.go:2081.2,2081.13 1 1
servgate/pkg/proxy/handler.go:2084.76,2085.41 1 0
servgate/pkg/proxy/handler.go:2085.41,2087.3 1 0
servgate/pkg/proxy/handler.go:2089.2,2090.52 2 0
servgate/pkg/proxy/handler.go:2090.52,2092.3 1 0
servgate/pkg/proxy/handler.go:2094.2,2097.16 3 0
servgate/pkg/proxy/handler.go:2097.16,2099.3 1 0
servgate/pkg/proxy/handler.go:2100.2,2100.17 1 0
servgate/pkg/proxy/handler.go:2103.77,2104.25 1 0
servgate/pkg/proxy/handler.go:2105.30,2107.29 2 0
servgate/pkg/proxy/handler.go:2107.29,2109.38 2 0
servgate/pkg/proxy/handler.go:2109.38,2111.5 1 0
servgate/pkg/proxy/handler.go:2112.4,2112.48 1 0
servgate/pkg/proxy/handler.go:2114.3,2114.13 1 0
servgate/pkg/proxy/handler.go:2115.21,2117.27 2 0
servgate/pkg/proxy/handler.go:2117.27,2119.4 1 0
servgate/pkg/proxy/handler.go:2120.3,2120.13 1 0
servgate/pkg/proxy/handler.go:2121.10,2122.13 1 0
servgate/pkg/proxy/handler.go:2204.80,2207.29 3 0
servgate/pkg/proxy/handler.go:2207.29,2208.17 1 0
servgate/pkg/proxy/handler.go:2208.17,2210.4 1 0
servgate/pkg/proxy/handler.go:2213.2,2214.46 2 0
servgate/pkg/proxy/handler.go:2214.46,2217.22 3 0
servgate/pkg/proxy/handler.go:2217.22,2219.18 2 0
servgate/pkg/proxy/handler.go:2219.18,2223.78 2 0
servgate/pkg/proxy/handler.go:2223.78,2225.6 1 0
servgate/pkg/proxy/handler.go:2229.2,2229.23 1 0
servgate/pkg/proxy/handler.go:2232.88,2233.32 1 0
servgate/pkg/proxy/handler.go:2233.32,2236.3 2 0
servgate/pkg/proxy/handler.go:2238.2,2245.23 6 0
servgate/pkg/proxy/handler.go:2245.23,2248.3 2 0
servgate/pkg/proxy/handler.go:2250.2,2250.31 1 0
servgate/pkg/proxy/handler.go:2250.31,2251.27 1 0
servgate/pkg/proxy/handler.go:2251.27,2254.4 2 0
servgate/pkg/proxy/handler.go:2255.3,2255.29 1 0
servgate/pkg/proxy/handler.go:2255.29,2258.4 2 0
servgate/pkg/proxy/handler.go:2261.2,2263.15 2 0
servgate/pkg/proxy/handler.go:2263.15,2265.3 1 0
servgate/pkg/proxy/handler.go:2267.2,2273.4 3 0
servgate/pkg/proxy/plugin.go:22.46,26.2 3 0
servgate/pkg/proxy/plugin.go:29.46,34.2 4 0
servgate/pkg/proxy/provider.go:45.59,47.2 1 0
servgate/pkg/proxy/provider.go:49.60,51.16 2 0
servgate/pkg/proxy/provider.go:51.16,53.3 1 0
servgate/pkg/proxy/provider.go:54.2,57.59 3 0
servgate/pkg/proxy/provider.go:57.59,59.3 1 0
servgate/pkg/proxy/provider.go:61.2,61.58 1 0
servgate/pkg/proxy/provider.go:61.58,62.69 1 0
servgate/pkg/proxy/provider.go:62.69,64.4 1 0
servgate/pkg/proxy/provider.go:67.2,67.18 1 0
servgate/pkg/proxy/provider.go:70.60,71.58 1 0
servgate/pkg/proxy/provider.go:71.58,72.57 1 0
servgate/pkg/proxy/provider.go:72.57,74.4 1 0
servgate/pkg/proxy/provider.go:76.2,77.16 2 0
servgate/pkg/proxy/provider.go:77.16,79.3 1 0
servgate/pkg/proxy/provider.go:80.2,80.41 1 0
servgate/pkg/proxy/provider.go:92.46,100.55 7 0
servgate/pkg/proxy/provider.go:100.55,101.57 1 0
servgate/pkg/proxy/provider.go:101.57,106.53 2 0
servgate/pkg/proxy/provider.go:106.53,107.47 1 0
servgate/pkg/proxy/provider.go:107.47,109.6 1 0
servgate/pkg/proxy/provider.go:110.5,110.52 1 0
servgate/pkg/proxy/provider.go:110.52,112.6 1 0
servgate/pkg/proxy/provider.go:113.10,114.50 1 0
servgate/pkg/proxy/provider.go:114.50,115.48 1 0
servgate/pkg/proxy/provider.go:115.48,116.49 1 0
servgate/pkg/proxy/provider.go:116.49,118.8 1 0
servgate/pkg/proxy/provider.go:119.7,119.54 1 0
servgate/pkg/proxy/provider.go:119.54,121.8 1 0
servgate/pkg/proxy/provider.go:128.2,128.20 1 0
servgate/pkg/proxy/provider.go:128.20,130.3 1 0
servgate/pkg/proxy/provider.go:131.2,131.18 1 0
servgate/pkg/proxy/provider.go:131.18,133.3 1 0
servgate/pkg/proxy/provider.go:134.2,134.15 1 0
servgate/pkg/proxy/provider.go:134.15,136.3 1 0
servgate/pkg/proxy/provider.go:137.2,137.21 1 0
servgate/pkg/proxy/provider.go:137.21,139.3 1 0
servgate/pkg/proxy/provider.go:141.2,148.3 1 0
servgate/pkg/proxy/provider.go:151.49,154.16 3 0
servgate/pkg/proxy/provider.go:154.16,156.3 1 0
servgate/pkg/proxy/provider.go:157.2,157.23 1 0
servgate/pkg/proxy/provider.go:157.23,159.3 1 0
servgate/pkg/proxy/provider.go:160.2,162.16 3 0
servgate/pkg/proxy/provider.go:162.16,164.3 1 0
servgate/pkg/proxy/provider.go:167.59,170.16 3 0
servgate/pkg/proxy/provider.go:170.16,172.3 1 0
servgate/pkg/proxy/provider.go:174.2,174.23 1 0
servgate/pkg/proxy/provider.go:174.23,176.3 1 0
servgate/pkg/proxy/provider.go:178.2,180.16 3 0
servgate/pkg/proxy/provider.go:180.16,182.3 1 0
servgate/pkg/proxy/provider.go:183.2,185.44 2 0
servgate/pkg/proxy/provider.go:185.44,187.3 1 0
servgate/pkg/proxy/provider.go:189.2,189.38 1 0
servgate/pkg/proxy/provider.go:189.38,192.3 2 0
servgate/pkg/proxy/provider.go:194.2,195.64 2 0
servgate/pkg/proxy/provider.go:195.64,197.3 1 0
servgate/pkg/proxy/provider.go:199.2,199.58 1 0
servgate/pkg/proxy/provider.go:199.58,200.69 1 0
servgate/pkg/proxy/provider.go:200.69,202.4 1 0
servgate/pkg/proxy/provider.go:205.2,205.18 1 0
servgate/pkg/proxy/provider.go:208.59,209.58 1 0
servgate/pkg/proxy/provider.go:209.58,210.57 1 0
servgate/pkg/proxy/provider.go:210.57,212.4 1 0
servgate/pkg/proxy/provider.go:215.2,219.16 4 0
servgate/pkg/proxy/provider.go:219.16,221.3 1 0
servgate/pkg/proxy/provider.go:223.2,224.16 2 0
servgate/pkg/proxy/provider.go:224.16,226.3 1 0
servgate/pkg/proxy/provider.go:227.2,229.23 2 0
servgate/pkg/proxy/provider.go:229.23,231.3 1 0
servgate/pkg/proxy/provider.go:233.2,235.16 3 0
servgate/pkg/proxy/provider.go:235.16,237.3 1 0
servgate/pkg/proxy/provider.go:238.2,240.122 2 0
servgate/pkg/proxy/provider.go:240.122,243.3 2 0
servgate/pkg/proxy/provider.go:245.2,245.12 1 0
servgate/pkg/proxy/provider.go:248.58,250.16 2 0
servgate/pkg/proxy/provider.go:250.16,252.3 1 0
servgate/pkg/proxy/provider.go:253.2,263.16 6 0
servgate/pkg/proxy/provider.go:263.16,265.3 1 0
servgate/pkg/proxy/provider.go:267.2,272.16 3 0
servgate/pkg/proxy/provider.go:272.16,274.3 1 0
servgate/pkg/proxy/provider.go:276.2,284.12 7 0
servgate/pkg/proxy/provider.go:287.69,288.25 1 0
servgate/pkg/proxy/provider.go:288.25,290.3 1 0
servgate/pkg/proxy/provider.go:292.2,293.21 2 0
servgate/pkg/proxy/provider.go:293.21,295.3 1 0
servgate/pkg/proxy/provider.go:297.2,305.54 6 0
servgate/pkg/proxy/provider.go:305.54,307.3 1 0
servgate/pkg/proxy/provider.go:309.2,310.16 2 0
servgate/pkg/proxy/provider.go:310.16,312.3 1 0
servgate/pkg/proxy/provider.go:314.2,319.62 2 0
servgate/pkg/proxy/provider.go:319.62,321.3 1 0
servgate/pkg/proxy/provider.go:323.2,323.54 1 0
servgate/pkg/proxy/provider.go:323.54,325.3 1 0
servgate/pkg/proxy/provider.go:327.2,327.36 1 0
servgate/pkg/proxy/provider.go:327.36,329.3 1 0
servgate/pkg/proxy/provider.go:331.2,332.16 2 0
servgate/pkg/proxy/provider.go:332.16,334.3 1 0
servgate/pkg/proxy/provider.go:335.2,339.39 4 0
servgate/pkg/proxy/provider.go:339.39,341.3 1 0
servgate/pkg/proxy/provider.go:343.2,343.12 1 0
servgate/pkg/proxy/provider.go:346.48,347.28 1 0
servgate/pkg/proxy/provider.go:347.28,349.3 1 0
servgate/pkg/proxy/provider.go:350.2,350.43 1 0
servgate/pkg/proxy/replay.go:35.101,37.16 2 1
servgate/pkg/proxy/replay.go:37.16,39.3 1 0
servgate/pkg/proxy/replay.go:40.2,43.16 3 1
servgate/pkg/proxy/replay.go:43.16,45.3 1 0
servgate/pkg/proxy/replay.go:47.2,48.69 2 1
servgate/pkg/proxy/replay.go:48.69,50.3 1 0
servgate/pkg/proxy/replay.go:52.2,56.21 4 1
servgate/pkg/proxy/replay.go:56.21,58.21 2 1
servgate/pkg/proxy/replay.go:58.21,59.12 1 0
servgate/pkg/proxy/replay.go:62.3,63.52 2 1
servgate/pkg/proxy/replay.go:63.52,65.12 2 0
servgate/pkg/proxy/replay.go:68.3,69.17 2 1
servgate/pkg/proxy/replay.go:69.17,71.12 2 0
servgate/pkg/proxy/replay.go:74.3,78.17 4 1
servgate/pkg/proxy/replay.go:78.17,80.4 1 0
servgate/pkg/proxy/replay.go:80.9,83.4 2 1
servgate/pkg/proxy/replay.go:86.2,86.38 1 1
servgate/pkg/proxy/replay.go:86.38,88.3 1 0
servgate/pkg/proxy/replay.go:90.2,91.16 2 1
servgate/pkg/proxy/replay.go:91.16,93.3 1 0
servgate/pkg/proxy/replay.go:95.2,101.24 2 1
servgate/pkg/proxy/replay.go:101.24,102.45 1 1
servgate/pkg/proxy/replay.go:102.45,104.4 1 1
servgate/pkg/proxy/replay.go:106.3,107.33 2 1
servgate/pkg/proxy/replay.go:107.33,109.4 1 1
servgate/pkg/proxy/replay.go:111.3,116.54 6 1
servgate/pkg/proxy/replay.go:119.2,119.19 1 1
servgate/pkg/proxy/validation.go:10.72,11.22 1 0
servgate/pkg/proxy/validation.go:11.22,13.3 1 0
servgate/pkg/proxy/validation.go:15.2,16.25 2 0
servgate/pkg/proxy/validation.go:16.25,18.3 1 0
servgate/pkg/proxy/validation.go:18.8,19.58 1 0
servgate/pkg/proxy/validation.go:19.58,21.4 1 0
servgate/pkg/proxy/validation.go:24.2,24.34 1 0
servgate/pkg/proxy/validation.go:24.34,29.27 4 0
servgate/pkg/proxy/validation.go:29.27,31.23 2 0
servgate/pkg/proxy/validation.go:31.23,33.5 1 0
servgate/pkg/proxy/validation.go:33.10,33.22 1 0
servgate/pkg/proxy/validation.go:33.22,35.5 1 0
servgate/pkg/proxy/validation.go:38.3,39.28 2 0
servgate/pkg/proxy/validation.go:39.28,40.16 1 0
servgate/pkg/proxy/validation.go:40.16,42.5 1 0
servgate/pkg/proxy/validation.go:43.4,43.12 1 0
servgate/pkg/proxy/validation.go:47.3,47.23 1 0
servgate/pkg/proxy/validation.go:48.17,49.34 1 0
servgate/pkg/proxy/validation.go:49.34,51.5 1 0
servgate/pkg/proxy/validation.go:52.16,54.11 2 0
servgate/pkg/proxy/validation.go:54.11,56.5 1 0
servgate/pkg/proxy/validation.go:57.4,57.72 1 0
servgate/pkg/proxy/validation.go:57.72,59.5 1 0
servgate/pkg/proxy/validation.go:60.25,62.11 2 0
servgate/pkg/proxy/validation.go:62.11,64.5 1 0
servgate/pkg/proxy/validation.go:65.4,65.38 1 0
servgate/pkg/proxy/validation.go:65.38,67.5 1 0
servgate/pkg/proxy/validation.go:68.36,69.35 1 0
servgate/pkg/proxy/validation.go:69.35,71.5 1 0
servgate/pkg/proxy/validation.go:72.26,73.32 1 0
servgate/pkg/proxy/validation.go:73.32,75.5 1 0
servgate/pkg/proxy/validation.go:79.2,79.12 1 0
servgate/pkg/proxy/websocket.go:15.83,16.44 1 1
servgate/pkg/proxy/websocket.go:16.44,18.3 1 0
servgate/pkg/proxy/websocket.go:19.2,20.15 2 1
servgate/pkg/proxy/websocket.go:20.15,22.3 1 0
servgate/pkg/proxy/websocket.go:25.2,30.9 5 1
servgate/pkg/proxy/websocket.go:30.9,32.3 1 0
servgate/pkg/proxy/websocket.go:34.2,35.16 2 1
servgate/pkg/proxy/websocket.go:35.16,37.3 1 0
servgate/pkg/proxy/websocket.go:40.2,48.18 8 1
servgate/pkg/proxy/websocket.go:52.64,59.18 4 1
servgate/pkg/proxy/websocket.go:59.18,61.3 1 1
servgate/pkg/proxy/websocket.go:61.8,61.27 1 0
servgate/pkg/proxy/websocket.go:61.27,64.3 2 0
servgate/pkg/proxy/websocket.go:64.8,66.27 2 0
servgate/pkg/proxy/websocket.go:66.27,68.4 1 0
servgate/pkg/proxy/websocket.go:71.2,72.12 2 1
servgate/pkg/proxy/websocket.go:80.48,84.2 3 1
servgate/pkg/proxy/websocket.go:87.94,89.16 2 1
servgate/pkg/proxy/websocket.go:89.16,92.3 2 0
servgate/pkg/proxy/websocket.go:93.2,98.12 4 1
servgate/pkg/proxy/websocket.go:98.12,100.7 2 1
servgate/pkg/proxy/websocket.go:100.7,103.18 3 1
servgate/pkg/proxy/websocket.go:103.18,106.5 2 1
servgate/pkg/proxy/websocket.go:110.2,118.46 4 1
servgate/pkg/proxy/websocket.go:118.46,120.3 1 0
servgate/pkg/proxy/websocket.go:122.2,122.6 1 1
servgate/pkg/proxy/websocket.go:122.6,123.10 1 1
servgate/pkg/proxy/websocket.go:124.20,125.10 1 1
servgate/pkg/proxy/websocket.go:126.19,129.18 3 1
servgate/pkg/proxy/websocket.go:129.18,130.13 1 0
servgate/pkg/proxy/websocket.go:132.4,132.45 1 1
servgate/pkg/proxy/websocket.go:132.45,134.5 1 0
servgate/main.go:32.13,33.48 1 0
servgate/main.go:33.48,36.3 2 0
servgate/main.go:37.2,37.49 1 0
servgate/main.go:37.49,40.3 2 0
servgate/main.go:41.2,41.48 1 0
servgate/main.go:41.48,44.3 2 0
servgate/main.go:47.2,50.88 3 0
servgate/main.go:50.88,53.3 2 0
servgate/main.go:53.8,56.3 2 0
servgate/main.go:58.2,59.16 2 0
servgate/main.go:59.16,61.3 1 0
servgate/main.go:63.2,64.16 2 0
servgate/main.go:64.16,66.3 1 0
servgate/main.go:68.2,71.54 2 0
servgate/main.go:71.54,72.13 1 0
servgate/main.go:72.13,77.55 4 0
servgate/main.go:77.55,79.5 1 0
servgate/main.go:81.4,81.23 1 0
servgate/main.go:81.23,83.19 2 0
servgate/main.go:83.19,84.14 1 0
servgate/main.go:87.5,88.56 2 0
servgate/main.go:88.56,92.6 3 0
servgate/main.go:98.2,104.67 6 0
servgate/main.go:104.67,105.34 1 0
servgate/main.go:105.34,108.4 2 0
servgate/main.go:111.3,111.26 1 0
servgate/main.go:111.26,112.64 1 0
servgate/main.go:112.64,115.5 2 0
servgate/main.go:118.3,120.42 3 0
servgate/main.go:120.42,122.4 1 0
servgate/main.go:122.9,122.29 1 0
servgate/main.go:122.29,124.4 1 0
servgate/main.go:124.9,127.4 2 0
servgate/main.go:129.3,130.17 2 0
servgate/main.go:130.17,133.4 2 0
servgate/main.go:135.3,136.17 2 0
servgate/main.go:136.17,139.4 2 0
servgate/main.go:141.3,142.74 2 0
servgate/main.go:145.2,145.68 1 0
servgate/main.go:145.68,146.26 1 0
servgate/main.go:146.26,147.64 1 0
servgate/main.go:147.64,150.5 2 0
servgate/main.go:153.3,153.33 1 0
servgate/main.go:153.33,156.4 2 0
servgate/main.go:158.3,159.60 2 0
servgate/main.go:162.2,162.63 1 0
servgate/main.go:162.63,163.26 1 0
servgate/main.go:163.26,167.30 4 0
servgate/main.go:167.30,169.5 1 0
servgate/main.go:169.10,169.67 1 0
servgate/main.go:169.67,170.62 1 0
servgate/main.go:170.62,172.6 1 0
servgate/main.go:175.4,175.22 1 0
servgate/main.go:175.22,178.5 2 0
servgate/main.go:181.3,181.34 1 0
servgate/main.go:181.34,183.68 2 0
servgate/main.go:183.68,186.5 2 0
servgate/main.go:188.4,189.18 2 0
servgate/main.go:189.18,190.27 1 0
servgate/main.go:190.27,192.6 1 0
servgate/main.go:192.11,195.6 2 0
servgate/main.go:198.4,199.41 2 0
servgate/main.go:199.41,200.37 1 0
servgate/main.go:200.37,203.11 3 0
servgate/main.go:206.4,206.14 1 0
servgate/main.go:206.14,208.5 1 0
servgate/main.go:210.4,210.48 1 0
servgate/main.go:210.48,213.5 2 0
servgate/main.go:215.4,219.10 4 0
servgate/main.go:222.3,222.36 1 0
servgate/main.go:222.36,224.20 2 0
servgate/main.go:224.20,227.5 2 0
servgate/main.go:229.4,230.18 2 0
servgate/main.go:230.18,233.5 2 0
servgate/main.go:235.4,237.41 3 0
servgate/main.go:237.41,238.28 1 0
servgate/main.go:238.28,240.6 1 0
servgate/main.go:240.11,242.6 1 0
servgate/main.go:245.4,245.14 1 0
servgate/main.go:245.14,248.5 2 0
servgate/main.go:250.4,251.48 2 0
servgate/main.go:251.48,254.5 2 0
servgate/main.go:256.4,260.10 4 0
servgate/main.go:263.3,264.49 2 0
servgate/main.go:267.2,267.70 1 0
servgate/main.go:267.70,268.26 1 0
servgate/main.go:268.26,272.30 4 0
servgate/main.go:272.30,274.5 1 0
servgate/main.go:274.10,274.67 1 0
servgate/main.go:274.67,275.62 1 0
servgate/main.go:275.62,277.6 1 0
servgate/main.go:280.4,280.22 1 0
servgate/main.go:280.22,283.5 2 0
servgate/main.go:286.3,286.34 1 0
servgate/main.go:286.34,289.4 2 0
servgate/main.go:291.3,292.67 2 0
servgate/main.go:292.67,295.4 2 0
servgate/main.go:297.3,301.107 4 0
servgate/main.go:304.2,304.68 1 0
servgate/main.go:304.68,305.26 1 0
servgate/main.go:305.26,309.30 4 0
servgate/main.go:309.30,311.5 1 0
servgate/main.go:311.10,311.67 1 0
servgate/main.go:311.67,312.62 1 0
servgate/main.go:312.62,314.6 1 0
servgate/main.go:317.4,317.22 1 0
servgate/main.go:317.22,320.5 2 0
servgate/main.go:323.3,323.34 1 0
servgate/main.go:323.34,327.67 2 0
servgate/main.go:327.67,330.5 2 0
servgate/main.go:332.4,333.18 2 0
servgate/main.go:333.18,336.5 2 0
servgate/main.go:338.4,342.10 5 0
servgate/main.go:345.3,345.33 1 0
servgate/main.go:345.33,355.4 5 0
servgate/main.go:357.3,357.106 1 0
servgate/main.go:360.2,360.70 1 0
servgate/main.go:360.70,361.34 1 0
servgate/main.go:361.34,364.4 2 0
servgate/main.go:366.3,366.26 1 0
servgate/main.go:366.26,369.30 3 0
servgate/main.go:369.30,372.5 2 0
servgate/main.go:375.3,376.58 2 0
servgate/main.go:376.58,378.4 1 0
servgate/main.go:380.3,388.17 9 0
servgate/main.go:388.17,390.4 1 0
servgate/main.go:390.9,392.4 1 0
servgate/main.go:394.3,395.17 2 0
servgate/main.go:395.17,398.4 2 0
servgate/main.go:400.3,405.151 5 0
servgate/main.go:408.2,422.74 12 0
servgate/main.go:422.74,423.26 1 0
servgate/main.go:423.26,424.64 1 0
servgate/main.go:424.64,427.5 2 0
servgate/main.go:430.3,430.36 1 0
servgate/main.go:430.36,433.4 2 0
servgate/main.go:435.3,444.5 5 0
servgate/main.go:446.2,450.69 3 0
servgate/main.go:450.69,451.86 1 0
servgate/main.go:451.86,454.4 2 0
servgate/main.go:455.3,455.34 1 0
servgate/main.go:455.34,458.4 2 0
servgate/main.go:460.3,461.39 2 0
servgate/main.go:461.39,463.23 2 0
servgate/main.go:463.23,465.5 1 0
servgate/main.go:468.3,471.109 4 0
servgate/main.go:474.2,474.69 1 0
servgate/main.go:474.69,475.86 1 0
servgate/main.go:475.86,478.4 2 0
servgate/main.go:479.3,479.34 1 0
servgate/main.go:479.34,482.4 2 0
servgate/main.go:483.3,486.84 2 0
servgate/main.go:486.84,489.4 2 0
servgate/main.go:490.3,493.128 4 0
servgate/main.go:496.2,500.66 3 0
servgate/main.go:500.66,502.19 2 0
servgate/main.go:503.23,505.38 2 0
servgate/main.go:506.24,513.63 2 0
servgate/main.go:513.63,516.5 2 0
servgate/main.go:517.4,518.50 2 0
servgate/main.go:521.2,524.66 3 0
servgate/main.go:524.66,525.26 1 0
servgate/main.go:525.26,528.19 3 0
servgate/main.go:528.19,530.5 1 0
servgate/main.go:531.4,531.30 1 0
servgate/main.go:531.30,534.5 2 0
servgate/main.go:536.3,536.46 1 0
servgate/main.go:538.2,553.12 9 0
servgate/main.go:553.12,554.37 1 0
servgate/main.go:554.37,564.14 5 0
servgate/main.go:564.14,566.84 2 0
servgate/main.go:566.84,568.6 1 0
servgate/main.go:571.4,571.90 1 0
servgate/main.go:571.90,573.5 1 0
servgate/main.go:574.9,574.51 1 0
servgate/main.go:574.51,575.107 1 0
servgate/main.go:575.107,577.5 1 0
servgate/main.go:578.9,579.81 1 0
servgate/main.go:579.81,581.5 1 0
servgate/main.go:585.2,591.53 5 0
servgate/main.go:591.53,593.3 1 0
servgate/main.go:593.8,595.3 1 0
servgate/main.go:598.25,604.46 5 0
servgate/main.go:604.46,606.3 1 0
servgate/main.go:608.2,608.37 1 0
servgate/main.go:608.37,610.3 1 0
servgate/main.go:612.2,613.16 2 0
servgate/main.go:613.16,615.3 1 0
servgate/main.go:617.2,618.16 2 0
servgate/main.go:618.16,620.3 1 0
servgate/main.go:622.2,623.16 2 0
servgate/main.go:623.16,625.3 1 0
servgate/main.go:627.2,631.25 5 0
servgate/main.go:631.25,638.3 6 0
servgate/main.go:640.2,640.20 1 0
servgate/main.go:640.20,641.67 1 0
servgate/main.go:641.67,643.4 1 0
servgate/main.go:644.3,644.50 1 0
servgate/main.go:648.26,649.22 1 1
servgate/main.go:649.22,651.3 1 0
servgate/main.go:652.2,655.20 3 1
servgate/main.go:655.20,657.3 1 0
servgate/main.go:658.2,664.16 5 1
servgate/main.go:664.16,666.3 1 0
servgate/main.go:667.2,669.38 2 1
servgate/main.go:669.38,671.3 1 0
servgate/main.go:673.2,673.57 1 1
servgate/main.go:673.57,675.3 1 0
servgate/main.go:677.2,679.16 3 1
servgate/main.go:679.16,681.3 1 0
servgate/main.go:682.2,685.16 3 1
servgate/main.go:685.16,687.3 1 0
servgate/main.go:689.2,689.82 1 1
servgate/main.go:692.25,693.49 1 1
servgate/main.go:693.49,695.3 1 0
servgate/main.go:696.2,700.16 4 1
servgate/main.go:700.16,702.3 1 0
servgate/main.go:704.2,707.29 3 1
servgate/main.go:707.29,709.49 2 1
servgate/main.go:709.49,710.12 1 1
servgate/main.go:713.3,714.21 2 1
servgate/main.go:714.21,715.12 1 0
servgate/main.go:718.3,723.104 5 1
servgate/main.go:723.104,728.4 4 1
servgate/main.go:730.3,731.20 2 1
servgate/main.go:731.20,733.4 1 1
servgate/main.go:735.3,736.18 2 1
servgate/main.go:736.18,738.4 1 1
servgate/main.go:740.3,744.40 1 1
servgate/main.go:747.2,782.16 3 1
servgate/main.go:782.16,784.3 1 0
servgate/main.go:785.2,788.70 3 1
servgate/main.go:788.70,790.3 1 0
servgate/main.go:793.2,796.38 4 1
servgate/main.go:796.38,798.3 1 0
servgate/main.go:800.2,806.34 6 1
servgate/main.go:806.34,808.3 1 0
servgate/main.go:810.2,810.68 1 1
servgate/main.go:818.62,822.23 3 1
servgate/main.go:822.23,824.3 1 1
servgate/main.go:826.2,831.28 5 1
servgate/main.go:831.28,832.22 1 1
servgate/main.go:832.22,834.4 1 1
servgate/main.go:837.2,837.25 1 1
servgate/main.go:837.25,840.3 2 1
servgate/main.go:842.2,844.14 3 1
servgate/main.go:847.76,849.54 2 1
servgate/main.go:849.54,851.21 2 1
servgate/main.go:851.21,853.4 1 0
servgate/main.go:854.3,854.37 1 1
servgate/main.go:854.37,857.4 2 1
servgate/main.go:858.3,858.13 1 1
servgate/pkg/wasm/runner.go:36.76,38.17 2 0
servgate/pkg/wasm/runner.go:38.17,44.21 4 0
servgate/pkg/wasm/runner.go:44.21,46.4 1 0
servgate/pkg/wasm/runner.go:47.3,49.22 3 0
servgate/pkg/wasm/runner.go:49.22,51.4 1 0
servgate/pkg/wasm/runner.go:53.3,55.79 2 0
servgate/pkg/wasm/runner.go:55.79,58.4 2 0
servgate/pkg/wasm/runner.go:60.3,64.4 1 0
servgate/pkg/wasm/runner.go:66.2,66.27 1 0
servgate/pkg/wasm/runner.go:69.96,74.16 4 0
servgate/pkg/wasm/runner.go:74.16,76.3 1 0
servgate/pkg/wasm/runner.go:78.2,78.42 1 0
servgate/pkg/wasm/runner.go:78.42,79.36 1 0
servgate/pkg/wasm/runner.go:79.36,82.4 2 0
servgate/pkg/wasm/runner.go:85.2,88.46 2 0
servgate/pkg/wasm/runner.go:88.46,90.28 2 0
servgate/pkg/wasm/runner.go:90.28,92.4 1 0
servgate/pkg/wasm/runner.go:94.2,96.12 2 0
servgate/pkg/wasm/runner.go:100.97,106.13 5 0
servgate/pkg/wasm/runner.go:106.13,108.3 1 0
servgate/pkg/wasm/runner.go:110.2,117.16 5 0
servgate/pkg/wasm/runner.go:117.16,118.10 1 0
servgate/pkg/wasm/runner.go:119.27,120.10 1 0
servgate/pkg/wasm/runner.go:120.10,123.5 2 0
servgate/pkg/wasm/runner.go:124.11,124.11 0 0
servgate/pkg/wasm/runner.go:128.2,138.16 5 0
servgate/pkg/wasm/runner.go:138.16,143.17 5 0
servgate/pkg/wasm/runner.go:143.17,145.32 2 0
servgate/pkg/wasm/runner.go:145.32,146.32 1 0
servgate/pkg/wasm/runner.go:146.32,148.6 1 0
servgate/pkg/wasm/runner.go:149.10,151.5 1 0
servgate/pkg/wasm/runner.go:156.2,156.16 1 0
servgate/pkg/wasm/runner.go:156.16,159.21 2 0
servgate/pkg/wasm/runner.go:159.21,161.4 1 0
servgate/pkg/wasm/runner.go:162.3,163.25 2 0
servgate/pkg/wasm/runner.go:163.25,165.4 1 0
servgate/pkg/wasm/runner.go:167.3,167.43 1 0
servgate/pkg/wasm/runner.go:167.43,170.43 3 0
servgate/pkg/wasm/runner.go:170.43,172.47 2 0
servgate/pkg/wasm/runner.go:172.47,174.48 2 0
servgate/pkg/wasm/runner.go:174.48,179.72 4 0
servgate/pkg/wasm/runner.go:179.72,184.22 3 0
servgate/pkg/wasm/runner.go:184.22,185.16 1 0
servgate/pkg/wasm/runner.go:186.26,187.29 1 0
servgate/pkg/wasm/runner.go:188.17,188.17 0 0
servgate/pkg/wasm/runner.go:191.8,192.27 2 0
servgate/pkg/wasm/runner.go:200.3,200.14 1 0
servgate/pkg/wasm/runner.go:200.14,202.4 1 0
servgate/pkg/wasm/runner.go:202.9,205.4 1 0
servgate/pkg/wasm/runner.go:208.2,208.28 1 0
servgate/pkg/otel/tracer.go:9.13,11.2 1 0
servgate/pkg/otel/tracer.go:13.31,15.2 1 0
servgate/pkg/otel/tracer.go:17.30,19.2 1 0
servgate/pkg/otel/tracer.go:21.55,23.17 2 0
servgate/pkg/otel/tracer.go:23.17,25.3 1 0
servgate/pkg/otel/tracer.go:26.2,26.13 1 0
servgate/pkg/otel/tracer.go:29.72,31.2 1 0
