mode: set
servpool/pkg/migration/migration.go:24.74,26.28 2 1
servpool/pkg/migration/migration.go:26.28,28.14 2 1
servpool/pkg/migration/migration.go:28.14,29.12 1 1
servpool/pkg/migration/migration.go:31.3,31.74 1 1
servpool/pkg/migration/migration.go:31.74,33.4 1 1
servpool/pkg/migration/migration.go:34.3,34.72 1 1
servpool/pkg/migration/migration.go:34.72,36.4 1 1
servpool/pkg/migration/migration.go:38.2,38.8 1 1
servpool/pkg/pool/pool.go:54.65,67.2 3 1
servpool/pkg/pool/pool.go:69.43,69.63 1 1
servpool/pkg/pool/pool.go:73.58,77.2 3 0
servpool/pkg/pool/pool.go:79.67,82.6 3 1
servpool/pkg/pool/pool.go:82.6,83.10 1 1
servpool/pkg/pool/pool.go:84.19,90.37 4 0
servpool/pkg/pool/pool.go:90.37,91.49 1 0
servpool/pkg/pool/pool.go:91.49,93.6 1 0
servpool/pkg/pool/pool.go:95.4,98.76 2 0
servpool/pkg/pool/pool.go:98.76,99.46 1 0
servpool/pkg/pool/pool.go:99.46,101.6 1 0
servpool/pkg/pool/pool.go:105.4,106.60 2 0
servpool/pkg/pool/pool.go:106.60,107.55 1 0
servpool/pkg/pool/pool.go:107.55,109.6 1 0
servpool/pkg/pool/pool.go:111.4,111.40 1 0
servpool/pkg/pool/pool.go:111.40,112.76 1 0
servpool/pkg/pool/pool.go:112.76,116.6 3 0
servpool/pkg/pool/pool.go:118.4,118.17 1 0
servpool/pkg/pool/pool.go:119.25,120.10 1 1
servpool/pkg/pool/pool.go:125.53,129.18 3 1
servpool/pkg/pool/pool.go:129.18,131.3 1 0
servpool/pkg/pool/pool.go:132.2,135.27 2 1
servpool/pkg/pool/pool.go:135.27,138.49 3 0
servpool/pkg/pool/pool.go:138.49,139.12 1 0
servpool/pkg/pool/pool.go:141.3,143.19 3 0
servpool/pkg/pool/pool.go:147.2,147.71 1 1
servpool/pkg/pool/pool.go:147.71,149.3 1 1
servpool/pkg/pool/pool.go:152.2,152.37 1 1
servpool/pkg/pool/pool.go:152.37,161.3 4 1
servpool/pkg/pool/pool.go:163.2,163.53 1 1
servpool/pkg/pool/pool.go:166.48,172.2 5 1
servpool/pkg/pool/pool.go:174.45,178.2 3 1
servpool/pkg/pool/pool.go:180.44,190.2 3 1
servpool/pkg/pool/pool.go:192.62,194.18 2 1
servpool/pkg/pool/pool.go:194.18,197.3 2 0
servpool/pkg/pool/pool.go:198.2,205.6 6 1
servpool/pkg/pool/pool.go:205.6,209.23 4 1
servpool/pkg/pool/pool.go:209.23,211.4 1 1
servpool/pkg/pool/pool.go:212.3,212.10 1 0
servpool/pkg/pool/pool.go:213.21,214.20 1 0
servpool/pkg/pool/pool.go:215.19,215.19 0 0
servpool/pkg/routing/routing.go:38.95,40.3 1 1
servpool/pkg/routing/routing.go:70.86,84.2 3 1
servpool/pkg/routing/routing.go:87.65,91.2 3 1
servpool/pkg/routing/routing.go:95.53,99.2 3 1
servpool/pkg/routing/routing.go:102.45,106.2 3 1
servpool/pkg/routing/routing.go:109.56,111.54 2 1
servpool/pkg/routing/routing.go:111.54,113.3 1 0
servpool/pkg/routing/routing.go:114.2,114.54 1 1
servpool/pkg/routing/routing.go:114.54,116.3 1 0
servpool/pkg/routing/routing.go:117.2,118.41 2 1
servpool/pkg/routing/routing.go:118.41,119.41 1 0
servpool/pkg/routing/routing.go:119.41,121.4 1 0
servpool/pkg/routing/routing.go:123.2,124.19 2 1
servpool/pkg/routing/routing.go:124.19,126.3 1 0
servpool/pkg/routing/routing.go:127.2,127.12 1 1
servpool/pkg/routing/routing.go:130.46,131.28 1 1
servpool/pkg/routing/routing.go:131.28,133.3 1 1
servpool/pkg/routing/routing.go:134.2,134.91 1 0
servpool/pkg/routing/routing.go:134.91,137.43 3 0
servpool/pkg/routing/routing.go:137.43,140.4 2 0
servpool/pkg/routing/routing.go:141.3,141.28 1 0
servpool/pkg/routing/routing.go:142.8,144.3 1 0
servpool/pkg/routing/routing.go:147.44,148.28 1 0
servpool/pkg/routing/routing.go:148.28,150.3 1 0
servpool/pkg/routing/routing.go:151.2,154.16 4 0
servpool/pkg/routing/routing.go:154.16,156.3 1 0
servpool/pkg/routing/routing.go:160.72,161.33 1 1
servpool/pkg/routing/routing.go:161.33,164.3 2 0
servpool/pkg/routing/routing.go:165.2,166.61 2 1
servpool/pkg/routing/routing.go:166.61,169.3 2 1
servpool/pkg/routing/routing.go:170.2,175.91 4 1
servpool/pkg/routing/routing.go:175.91,178.3 2 0
servpool/pkg/routing/routing.go:178.8,181.3 2 1
servpool/pkg/routing/routing.go:183.2,183.76 1 1
servpool/pkg/routing/routing.go:183.76,188.3 4 0
servpool/pkg/routing/routing.go:189.2,189.74 1 1
servpool/pkg/routing/routing.go:189.74,194.3 4 0
servpool/pkg/routing/routing.go:196.2,196.29 1 1
servpool/pkg/routing/routing.go:196.29,200.50 4 0
servpool/pkg/routing/routing.go:200.50,209.4 4 0
servpool/pkg/routing/routing.go:212.2,213.16 2 1
servpool/pkg/routing/routing.go:213.16,216.3 2 0
servpool/pkg/routing/routing.go:217.2,219.59 2 1
servpool/pkg/routing/routing.go:219.59,221.3 1 0
servpool/pkg/routing/routing.go:221.8,223.3 1 1
servpool/pkg/routing/routing.go:224.2,227.22 3 1
servpool/pkg/routing/routing.go:227.22,229.3 1 0
servpool/pkg/routing/routing.go:231.2,233.13 3 1
servpool/pkg/routing/routing.go:233.13,236.3 2 1
servpool/pkg/routing/routing.go:237.2,245.29 5 1
servpool/pkg/routing/routing.go:245.29,253.3 3 0
servpool/pkg/routing/routing.go:255.2,255.78 1 1
servpool/pkg/routing/routing.go:255.78,257.3 1 1
servpool/pkg/routing/routing.go:259.2,265.4 3 1
servpool/pkg/routing/routing.go:268.49,274.29 5 1
servpool/pkg/routing/routing.go:274.29,275.24 1 0
servpool/pkg/routing/routing.go:275.24,276.83 1 0
servpool/pkg/routing/routing.go:276.83,278.5 1 0
servpool/pkg/routing/routing.go:279.4,282.18 4 0
servpool/pkg/routing/routing.go:282.18,287.19 5 0
servpool/pkg/routing/routing.go:287.19,289.6 1 0
servpool/pkg/routing/routing.go:296.72,297.32 1 1
servpool/pkg/routing/routing.go:297.32,300.3 2 0
servpool/pkg/routing/routing.go:301.2,307.32 4 1
servpool/pkg/routing/routing.go:311.76,312.32 1 1
servpool/pkg/routing/routing.go:312.32,315.3 2 0
servpool/pkg/routing/routing.go:316.2,320.47 5 1
servpool/pkg/routing/routing.go:324.74,325.33 1 1
servpool/pkg/routing/routing.go:325.33,328.3 2 0
servpool/pkg/routing/routing.go:329.2,336.61 2 1
servpool/pkg/routing/routing.go:336.61,339.3 2 1
servpool/pkg/routing/routing.go:341.2,341.30 1 0
servpool/pkg/routing/routing.go:341.30,346.22 4 0
servpool/pkg/routing/routing.go:346.22,347.37 1 0
servpool/pkg/routing/routing.go:347.37,348.33 1 0
servpool/pkg/routing/routing.go:348.33,350.11 2 0
servpool/pkg/routing/routing.go:353.9,353.37 1 0
servpool/pkg/routing/routing.go:353.37,355.4 1 0
servpool/pkg/routing/routing.go:357.3,357.22 1 0
servpool/pkg/routing/routing.go:357.22,362.4 4 0
servpool/pkg/routing/routing.go:364.3,366.24 3 0
servpool/pkg/routing/routing.go:366.24,368.4 1 0
servpool/pkg/routing/routing.go:370.3,372.31 3 0
servpool/pkg/routing/routing.go:372.31,374.4 1 0
servpool/pkg/routing/routing.go:375.3,375.31 1 0
servpool/pkg/routing/routing.go:375.31,377.4 1 0
servpool/pkg/routing/routing.go:378.3,392.9 8 0
servpool/pkg/routing/routing.go:395.2,396.35 2 0
servpool/pkg/routing/routing.go:396.35,397.31 1 0
servpool/pkg/routing/routing.go:397.31,403.4 5 0
servpool/pkg/routing/routing.go:406.2,408.30 3 0
servpool/pkg/routing/routing.go:408.30,410.3 1 0
servpool/pkg/routing/routing.go:411.2,411.30 1 0
servpool/pkg/routing/routing.go:411.30,413.3 1 0
servpool/pkg/routing/routing.go:414.2,434.4 9 0
servpool/pkg/routing/routing.go:438.77,439.33 1 1
servpool/pkg/routing/routing.go:439.33,442.3 2 0
servpool/pkg/routing/routing.go:443.2,448.90 6 1
servpool/pkg/routing/routing.go:452.75,453.32 1 1
servpool/pkg/routing/routing.go:453.32,456.3 2 0
servpool/pkg/routing/routing.go:457.2,471.4 6 1
servpool/pkg/routing/routing.go:475.84,476.32 1 1
servpool/pkg/routing/routing.go:476.32,479.3 2 0
servpool/pkg/routing/routing.go:481.2,492.41 4 1
servpool/pkg/routing/routing.go:492.41,494.3 1 0
servpool/pkg/routing/routing.go:495.2,498.26 3 1
servpool/pkg/routing/routing.go:498.26,515.3 13 1
servpool/main.go:21.87,21.101 1 0
servpool/main.go:24.13,33.16 8 0
servpool/main.go:33.16,35.3 1 0
servpool/main.go:37.2,45.30 6 0
servpool/main.go:45.30,47.3 1 0
servpool/main.go:47.8,47.80 1 0
servpool/main.go:47.80,49.3 1 0
servpool/main.go:50.2,50.40 1 0
servpool/main.go:50.40,52.19 2 0
servpool/main.go:52.19,56.4 3 0
servpool/main.go:59.2,60.21 2 0
servpool/main.go:60.21,62.3 1 0
servpool/main.go:62.8,62.66 1 0
servpool/main.go:62.66,64.3 1 0
servpool/main.go:65.2,65.26 1 0
servpool/main.go:65.26,67.3 1 0
servpool/main.go:68.2,71.74 3 0
servpool/main.go:71.74,74.3 2 0
servpool/main.go:75.2,76.73 2 0
servpool/main.go:76.73,79.3 2 0
servpool/main.go:80.2,98.12 12 0
servpool/main.go:98.12,101.38 3 0
servpool/main.go:101.38,103.112 2 0
servpool/main.go:103.112,105.5 1 0
servpool/main.go:106.9,108.81 2 0
servpool/main.go:108.81,110.5 1 0
servpool/main.go:114.2,122.45 6 0
servpool/main.go:122.45,124.3 1 0
servpool/main.go:126.2,126.42 1 0
servpool/main.go:126.42,128.3 1 0
servpool/main.go:130.2,130.52 1 0
