mode: set
servcloud/pkg/orchestrator/orchestrator.go:59.61,61.16 2 1
servcloud/pkg/orchestrator/orchestrator.go:61.16,63.3 1 0
servcloud/pkg/orchestrator/orchestrator.go:64.2,64.54 1 1
servcloud/pkg/orchestrator/orchestrator.go:64.54,66.3 1 0
servcloud/pkg/orchestrator/orchestrator.go:69.2,70.57 2 1
servcloud/pkg/orchestrator/orchestrator.go:70.57,72.3 1 1
servcloud/pkg/orchestrator/orchestrator.go:72.8,72.67 1 0
servcloud/pkg/orchestrator/orchestrator.go:72.67,74.3 1 0
servcloud/pkg/orchestrator/orchestrator.go:74.8,74.63 1 0
servcloud/pkg/orchestrator/orchestrator.go:74.63,76.3 1 0
servcloud/pkg/orchestrator/orchestrator.go:78.2,84.18 3 1
servcloud/pkg/orchestrator/orchestrator.go:88.34,90.16 2 1
servcloud/pkg/orchestrator/orchestrator.go:90.16,92.3 1 0
servcloud/pkg/orchestrator/orchestrator.go:93.2,94.16 2 1
servcloud/pkg/orchestrator/orchestrator.go:94.16,96.3 1 0
servcloud/pkg/orchestrator/orchestrator.go:97.2,98.42 2 1
servcloud/pkg/orchestrator/orchestrator.go:101.85,103.2 1 0
servcloud/pkg/orchestrator/orchestrator.go:105.121,112.16 5 0
servcloud/pkg/orchestrator/orchestrator.go:112.16,114.3 1 0
servcloud/pkg/orchestrator/orchestrator.go:117.2,118.50 2 0
servcloud/pkg/orchestrator/orchestrator.go:118.50,120.3 1 0
servcloud/pkg/orchestrator/orchestrator.go:121.2,122.69 2 0
servcloud/pkg/orchestrator/orchestrator.go:122.69,124.3 1 0
servcloud/pkg/orchestrator/orchestrator.go:127.2,128.51 2 0
servcloud/pkg/orchestrator/orchestrator.go:128.51,130.3 1 0
servcloud/pkg/orchestrator/orchestrator.go:130.8,130.60 1 0
servcloud/pkg/orchestrator/orchestrator.go:130.60,132.3 1 0
servcloud/pkg/orchestrator/orchestrator.go:135.2,137.26 3 0
servcloud/pkg/orchestrator/orchestrator.go:137.26,139.44 2 0
servcloud/pkg/orchestrator/orchestrator.go:139.44,141.23 2 0
servcloud/pkg/orchestrator/orchestrator.go:141.23,144.16 3 0
servcloud/pkg/orchestrator/orchestrator.go:144.16,146.6 1 0
servcloud/pkg/orchestrator/orchestrator.go:152.2,152.30 1 0
servcloud/pkg/orchestrator/orchestrator.go:152.30,154.3 1 0
servcloud/pkg/orchestrator/orchestrator.go:156.2,166.23 2 0
servcloud/pkg/orchestrator/orchestrator.go:167.14,168.40 1 0
servcloud/pkg/orchestrator/orchestrator.go:169.16,170.42 1 0
servcloud/pkg/orchestrator/orchestrator.go:171.10,172.45 1 0
servcloud/pkg/orchestrator/orchestrator.go:176.2,183.15 6 0
servcloud/pkg/orchestrator/orchestrator.go:183.15,184.10 1 0
servcloud/pkg/orchestrator/orchestrator.go:185.22,188.96 2 0
servcloud/pkg/orchestrator/orchestrator.go:189.19,190.34 1 0
servcloud/pkg/orchestrator/orchestrator.go:190.34,193.5 2 0
servcloud/pkg/orchestrator/orchestrator.go:194.4,194.35 1 0
servcloud/pkg/orchestrator/orchestrator.go:194.35,197.55 2 0
servcloud/pkg/orchestrator/orchestrator.go:197.55,200.6 2 0
servcloud/pkg/orchestrator/orchestrator.go:200.11,200.26 1 0
servcloud/pkg/orchestrator/orchestrator.go:200.26,202.6 1 0
servcloud/pkg/orchestrator/orchestrator.go:208.2,219.129 5 0
servcloud/pkg/orchestrator/orchestrator.go:219.129,222.3 1 0
servcloud/pkg/orchestrator/orchestrator.go:224.2,224.21 1 0
servcloud/pkg/orchestrator/orchestrator.go:227.82,233.54 4 0
servcloud/pkg/orchestrator/orchestrator.go:233.54,234.96 1 0
servcloud/pkg/orchestrator/orchestrator.go:234.96,241.4 6 0
servcloud/pkg/orchestrator/orchestrator.go:244.2,245.30 2 0
servcloud/pkg/orchestrator/orchestrator.go:245.30,247.3 1 0
servcloud/pkg/orchestrator/orchestrator.go:252.2,256.83 3 0
servcloud/pkg/orchestrator/orchestrator.go:256.83,259.40 3 0
servcloud/pkg/orchestrator/orchestrator.go:259.40,261.4 1 0
servcloud/pkg/orchestrator/orchestrator.go:264.2,264.15 1 0
servcloud/pkg/orchestrator/orchestrator.go:264.15,325.40 9 0
servcloud/pkg/orchestrator/orchestrator.go:325.40,332.4 6 0
servcloud/pkg/orchestrator/orchestrator.go:335.2,343.29 7 0
servcloud/pkg/orchestrator/orchestrator.go:343.29,345.3 1 0
servcloud/pkg/orchestrator/orchestrator.go:347.2,348.16 2 0
servcloud/pkg/orchestrator/orchestrator.go:348.16,351.3 2 0
servcloud/pkg/orchestrator/orchestrator.go:352.2,353.16 2 0
servcloud/pkg/orchestrator/orchestrator.go:353.16,356.3 2 0
servcloud/pkg/orchestrator/orchestrator.go:358.2,358.36 1 0
servcloud/pkg/orchestrator/orchestrator.go:358.36,361.3 2 0
servcloud/pkg/orchestrator/orchestrator.go:363.2,371.12 5 0
servcloud/pkg/orchestrator/orchestrator.go:371.12,376.31 4 0
servcloud/pkg/orchestrator/orchestrator.go:376.31,378.18 2 0
servcloud/pkg/orchestrator/orchestrator.go:378.18,381.5 2 0
servcloud/pkg/orchestrator/orchestrator.go:382.4,384.26 3 0
servcloud/pkg/orchestrator/orchestrator.go:389.76,391.21 2 0
servcloud/pkg/orchestrator/orchestrator.go:391.21,396.28 4 0
servcloud/pkg/orchestrator/orchestrator.go:396.28,398.4 1 0
servcloud/pkg/orchestrator/orchestrator.go:399.3,399.25 1 0
servcloud/pkg/orchestrator/orchestrator.go:401.2,401.38 1 0
servcloud/pkg/orchestrator/orchestrator.go:401.38,405.3 3 0
servcloud/pkg/orchestrator/orchestrator.go:408.80,414.2 5 0
servcloud/pkg/orchestrator/orchestrator.go:416.58,417.36 1 0
servcloud/pkg/orchestrator/orchestrator.go:417.36,419.50 1 0
servcloud/pkg/orchestrator/orchestrator.go:419.50,422.4 2 0
servcloud/pkg/orchestrator/orchestrator.go:424.2,424.48 1 0
servcloud/pkg/orchestrator/orchestrator.go:424.48,429.3 4 0
servcloud/pkg/orchestrator/orchestrator.go:430.2,430.25 1 0
servcloud/pkg/orchestrator/orchestrator.go:433.55,438.9 4 0
servcloud/pkg/orchestrator/orchestrator.go:438.9,440.3 1 0
servcloud/pkg/orchestrator/orchestrator.go:441.2,442.12 2 0
servcloud/pkg/orchestrator/orchestrator.go:446.52,451.9 4 0
servcloud/pkg/orchestrator/orchestrator.go:451.9,453.3 1 0
servcloud/pkg/orchestrator/orchestrator.go:455.2,459.12 3 0
servcloud/pkg/orchestrator/orchestrator.go:459.12,462.3 2 0
servcloud/pkg/orchestrator/orchestrator.go:464.2,464.12 1 0
servcloud/pkg/orchestrator/orchestrator.go:467.72,472.2 4 1
servcloud/pkg/orchestrator/orchestrator.go:474.57,479.34 4 1
servcloud/pkg/orchestrator/orchestrator.go:479.34,481.3 1 0
servcloud/pkg/orchestrator/orchestrator.go:482.2,482.13 1 1
servcloud/pkg/orchestrator/orchestrator.go:485.48,492.2 5 0
servcloud/pkg/orchestrator/orchestrator.go:494.53,498.48 2 0
servcloud/pkg/orchestrator/orchestrator.go:498.48,503.31 4 0
servcloud/pkg/orchestrator/orchestrator.go:503.31,507.36 4 0
servcloud/pkg/orchestrator/orchestrator.go:507.36,509.24 2 0
servcloud/pkg/orchestrator/orchestrator.go:509.24,514.53 5 0
servcloud/pkg/orchestrator/orchestrator.go:514.53,516.7 1 0
servcloud/pkg/orchestrator/orchestrator.go:521.2,521.14 1 0
servcloud/pkg/orchestrator/orchestrator.go:524.69,526.21 2 1
servcloud/pkg/orchestrator/orchestrator.go:526.21,528.3 1 0
servcloud/pkg/orchestrator/orchestrator.go:531.46,534.34 3 0
servcloud/pkg/orchestrator/orchestrator.go:534.34,535.61 1 0
servcloud/pkg/orchestrator/orchestrator.go:535.61,537.4 1 0
servcloud/pkg/orchestrator/orchestrator.go:539.2,543.29 3 0
servcloud/pkg/orchestrator/orchestrator.go:543.29,549.79 5 0
servcloud/pkg/orchestrator/orchestrator.go:549.79,550.54 1 0
servcloud/pkg/orchestrator/orchestrator.go:550.54,552.31 2 0
servcloud/pkg/orchestrator/orchestrator.go:552.31,554.20 2 0
servcloud/pkg/orchestrator/orchestrator.go:554.20,556.7 1 0
servcloud/pkg/orchestrator/orchestrator.go:556.12,558.7 1 0
servcloud/pkg/orchestrator/orchestrator.go:560.10,564.5 3 0
servcloud/pkg/orchestrator/orchestrator.go:566.3,568.17 2 0
servcloud/pkg/orchestrator/orchestrator.go:568.17,570.4 1 0
servcloud/pkg/orchestrator/orchestrator.go:574.61,581.2 5 0
servcloud/pkg/orchestrator/orchestrator.go:583.71,590.43 4 0
servcloud/pkg/orchestrator/orchestrator.go:590.43,592.31 2 0
servcloud/pkg/orchestrator/orchestrator.go:592.31,593.20 1 0
servcloud/pkg/orchestrator/orchestrator.go:593.20,595.13 2 0
servcloud/pkg/orchestrator/orchestrator.go:597.4,598.9 2 0
servcloud/pkg/orchestrator/orchestrator.go:601.2,603.24 2 0
servcloud/pkg/orchestrator/orchestrator.go:603.24,605.3 1 0
servcloud/pkg/orchestrator/orchestrator.go:608.2,608.37 1 0
servcloud/pkg/orchestrator/orchestrator.go:611.52,613.2 1 0
servcloud/pkg/orchestrator/orchestrator.go:615.77,652.30 9 0
servcloud/pkg/orchestrator/orchestrator.go:652.30,654.3 1 0
servcloud/pkg/orchestrator/orchestrator.go:655.2,657.39 3 0
servcloud/pkg/orchestrator/orchestrator.go:657.39,660.3 2 0
servcloud/pkg/orchestrator/orchestrator.go:662.2,673.36 9 0
servcloud/pkg/orchestrator/orchestrator.go:673.36,676.3 2 0
servcloud/pkg/orchestrator/orchestrator.go:678.2,684.12 5 0
servcloud/pkg/orchestrator/orchestrator.go:684.12,688.31 4 0
servcloud/pkg/orchestrator/orchestrator.go:688.31,690.4 1 0
servcloud/pkg/orchestrator/orchestrator.go:694.79,742.71 11 0
servcloud/pkg/orchestrator/orchestrator.go:742.71,744.3 1 0
servcloud/pkg/orchestrator/orchestrator.go:746.2,746.21 1 0
servcloud/pkg/orchestrator/orchestrator.go:746.21,753.40 6 0
servcloud/pkg/orchestrator/orchestrator.go:753.40,756.4 2 0
servcloud/pkg/orchestrator/orchestrator.go:759.3,766.38 6 0
servcloud/pkg/orchestrator/orchestrator.go:766.38,769.4 2 0
servcloud/pkg/orchestrator/orchestrator.go:771.3,773.13 2 0
servcloud/pkg/orchestrator/orchestrator.go:773.13,776.41 3 0
servcloud/pkg/orchestrator/orchestrator.go:776.41,778.5 1 0
servcloud/pkg/orchestrator/orchestrator.go:780.8,787.31 5 0
servcloud/pkg/orchestrator/orchestrator.go:787.31,789.4 1 0
servcloud/pkg/orchestrator/orchestrator.go:790.3,792.40 3 0
servcloud/pkg/orchestrator/orchestrator.go:792.40,795.4 2 0
servcloud/pkg/orchestrator/orchestrator.go:797.3,802.37 6 0
servcloud/pkg/orchestrator/orchestrator.go:802.37,805.4 2 0
servcloud/pkg/orchestrator/orchestrator.go:807.3,813.13 5 0
servcloud/pkg/orchestrator/orchestrator.go:813.13,817.32 4 0
servcloud/pkg/orchestrator/orchestrator.go:817.32,819.5 1 0
servcloud/main.go:21.13,30.14 7 0
servcloud/main.go:30.14,33.3 2 0
servcloud/main.go:36.2,40.23 4 0
servcloud/main.go:40.23,42.3 1 0
servcloud/main.go:44.2,45.16 2 0
servcloud/main.go:45.16,47.3 1 0
servcloud/main.go:49.2,55.12 3 0
servcloud/main.go:55.12,57.81 2 0
servcloud/main.go:57.81,59.4 1 0
servcloud/main.go:63.2,72.54 7 0
servcloud/main.go:72.54,74.3 1 0
servcloud/main.go:77.2,77.42 1 0
servcloud/main.go:77.42,80.3 2 0
servcloud/main.go:82.2,82.45 1 0
servcloud/pkg/server/autoscale.go:30.39,31.24 1 1
servcloud/pkg/server/autoscale.go:31.24,33.3 1 1
servcloud/pkg/server/autoscale.go:35.2,36.12 2 0
servcloud/pkg/server/autoscale.go:36.12,37.33 1 0
servcloud/pkg/server/autoscale.go:37.33,39.4 1 0
servcloud/pkg/server/autoscale.go:43.45,44.30 1 0
servcloud/pkg/server/autoscale.go:44.30,46.3 1 0
servcloud/pkg/server/autoscale.go:49.35,52.16 3 0
servcloud/pkg/server/autoscale.go:52.16,54.3 1 0
servcloud/pkg/server/autoscale.go:55.2,55.23 1 0
servcloud/pkg/server/autoscale.go:55.23,57.3 1 0
servcloud/pkg/server/autoscale.go:59.2,60.16 2 0
servcloud/pkg/server/autoscale.go:60.16,62.3 1 0
servcloud/pkg/server/autoscale.go:63.2,65.38 2 0
servcloud/pkg/server/autoscale.go:65.38,67.3 1 0
servcloud/pkg/server/autoscale.go:69.2,70.65 2 0
servcloud/pkg/server/autoscale.go:70.65,72.3 1 0
servcloud/pkg/server/autoscale.go:74.2,75.31 2 0
servcloud/pkg/server/autoscale.go:75.31,77.42 2 0
servcloud/pkg/server/autoscale.go:77.42,78.12 1 0
servcloud/pkg/server/autoscale.go:81.3,88.33 6 0
servcloud/pkg/server/autoscale.go:88.33,91.4 2 0
servcloud/pkg/server/autoscale.go:91.9,91.41 1 0
servcloud/pkg/server/autoscale.go:91.41,94.4 2 0
servcloud/pkg/server/autoscale.go:94.9,94.100 1 0
servcloud/pkg/server/autoscale.go:94.100,97.15 2 0
servcloud/pkg/server/autoscale.go:97.15,99.5 1 0
servcloud/pkg/server/autoscale.go:99.10,99.48 1 0
servcloud/pkg/server/autoscale.go:99.48,102.5 2 0
servcloud/pkg/server/autoscale.go:103.9,105.4 1 0
servcloud/pkg/server/autoscale.go:113.81,127.16 7 0
servcloud/pkg/server/autoscale.go:127.16,129.3 1 0
servcloud/pkg/server/autoscale.go:130.2,131.23 2 0
servcloud/pkg/server/autoscale.go:131.23,133.3 1 0
servcloud/pkg/server/autoscale.go:135.2,137.16 3 0
servcloud/pkg/server/autoscale.go:137.16,139.3 1 0
servcloud/pkg/server/autoscale.go:142.77,145.41 3 0
servcloud/pkg/server/autoscale.go:145.41,146.37 1 0
servcloud/pkg/server/autoscale.go:146.37,148.9 2 0
servcloud/pkg/server/autoscale.go:152.2,152.22 1 0
servcloud/pkg/server/autoscale.go:152.22,154.3 1 0
servcloud/pkg/server/autoscale.go:156.2,162.16 6 0
servcloud/pkg/server/autoscale.go:162.16,165.3 2 0
servcloud/pkg/server/autoscale.go:167.2,174.41 6 0
servcloud/pkg/server/autoscale.go:177.79,180.20 3 0
servcloud/pkg/server/autoscale.go:180.20,183.3 2 0
servcloud/pkg/server/autoscale.go:184.2,191.41 6 0
servcloud/pkg/server/autoscale.go:194.98,196.31 2 0
servcloud/pkg/server/autoscale.go:196.31,197.48 1 0
servcloud/pkg/server/autoscale.go:197.48,199.4 1 0
servcloud/pkg/server/autoscale.go:202.2,210.16 4 0
servcloud/pkg/server/autoscale.go:210.16,212.3 1 0
servcloud/pkg/server/autoscale.go:213.2,214.23 2 0
servcloud/pkg/server/autoscale.go:214.23,216.3 1 0
servcloud/pkg/server/autoscale.go:218.2,220.16 3 0
servcloud/pkg/server/autoscale.go:220.16,222.3 1 0
servcloud/pkg/server/server.go:25.87,33.2 3 1
servcloud/pkg/server/server.go:40.41,43.76 2 1
servcloud/pkg/server/server.go:43.76,46.3 2 0
servcloud/pkg/server/server.go:47.2,54.80 6 1
servcloud/pkg/server/server.go:54.80,57.21 3 1
servcloud/pkg/server/server.go:57.21,60.4 2 0
servcloud/pkg/server/server.go:62.3,65.44 2 1
servcloud/pkg/server/server.go:65.44,66.34 1 1
servcloud/pkg/server/server.go:66.34,69.5 2 1
servcloud/pkg/server/server.go:71.3,71.45 1 1
servcloud/pkg/server/server.go:71.45,72.34 1 1
servcloud/pkg/server/server.go:72.34,75.5 2 1
servcloud/pkg/server/server.go:77.3,77.48 1 1
servcloud/pkg/server/server.go:77.48,78.35 1 1
servcloud/pkg/server/server.go:78.35,81.5 2 1
servcloud/pkg/server/server.go:83.3,83.43 1 1
servcloud/pkg/server/server.go:83.43,84.35 1 1
servcloud/pkg/server/server.go:84.35,87.5 2 1
servcloud/pkg/server/server.go:90.3,90.46 1 1
servcloud/pkg/server/server.go:90.46,93.4 2 1
servcloud/pkg/server/server.go:95.3,95.22 1 1
servcloud/pkg/server/server.go:95.22,96.37 1 1
servcloud/pkg/server/server.go:96.37,99.5 2 1
servcloud/pkg/server/server.go:100.4,100.34 1 0
servcloud/pkg/server/server.go:100.34,103.5 2 0
servcloud/pkg/server/server.go:106.3,106.67 1 0
servcloud/pkg/server/server.go:109.2,109.39 1 1
servcloud/pkg/server/server.go:112.71,115.2 2 1
servcloud/pkg/server/server.go:117.71,118.33 1 1
servcloud/pkg/server/server.go:118.33,121.3 2 0
servcloud/pkg/server/server.go:123.2,124.61 2 1
servcloud/pkg/server/server.go:124.61,127.3 2 1
servcloud/pkg/server/server.go:129.2,129.38 1 1
servcloud/pkg/server/server.go:129.38,132.3 2 1
servcloud/pkg/server/server.go:134.2,135.16 2 0
servcloud/pkg/server/server.go:135.16,138.3 2 0
servcloud/pkg/server/server.go:141.2,141.24 1 0
servcloud/pkg/server/server.go:141.24,143.3 1 0
servcloud/pkg/server/server.go:145.2,147.33 3 0
servcloud/pkg/server/server.go:150.77,151.32 1 1
servcloud/pkg/server/server.go:151.32,154.3 2 0
servcloud/pkg/server/server.go:156.2,158.37 3 1
servcloud/pkg/server/server.go:161.88,163.9 2 0
servcloud/pkg/server/server.go:163.9,166.3 2 0
servcloud/pkg/server/server.go:168.2,169.33 2 0
servcloud/pkg/server/server.go:172.85,174.9 2 1
servcloud/pkg/server/server.go:174.9,177.3 2 1
servcloud/pkg/server/server.go:179.2,181.33 3 0
servcloud/pkg/server/server.go:184.86,185.46 1 1
servcloud/pkg/server/server.go:185.46,188.3 2 1
servcloud/pkg/server/server.go:191.2,191.24 1 0
servcloud/pkg/server/server.go:191.24,193.3 1 0
servcloud/pkg/server/server.go:195.2,196.72 2 0
servcloud/pkg/server/server.go:199.61,210.16 4 0
servcloud/pkg/server/server.go:210.16,212.3 1 0
servcloud/pkg/server/server.go:213.2,214.23 2 0
servcloud/pkg/server/server.go:214.23,216.3 1 0
servcloud/pkg/server/server.go:218.2,220.16 3 0
servcloud/pkg/server/server.go:220.16,222.3 1 0
servcloud/pkg/server/server.go:225.54,230.2 0 0
servcloud/pkg/server/server.go:232.75,233.32 1 1
servcloud/pkg/server/server.go:233.32,236.3 2 0
servcloud/pkg/server/server.go:237.2,239.36 3 1
servcloud/pkg/server/server.go:242.86,244.9 2 1
servcloud/pkg/server/server.go:244.9,247.3 2 1
servcloud/pkg/server/server.go:248.2,250.34 3 0
servcloud/pkg/server/server.go:253.86,254.33 1 1
servcloud/pkg/server/server.go:254.33,257.3 2 0
servcloud/pkg/server/server.go:258.2,259.16 2 1
servcloud/pkg/server/server.go:259.16,262.3 2 1
servcloud/pkg/server/server.go:265.2,265.24 1 0
servcloud/pkg/server/server.go:265.24,267.3 1 0
servcloud/pkg/server/server.go:269.2,271.33 3 0
servcloud/pkg/server/server.go:274.87,275.33 1 1
servcloud/pkg/server/server.go:275.33,278.3 2 0
servcloud/pkg/server/server.go:280.2,281.64 2 1
servcloud/pkg/server/server.go:281.64,284.3 2 0
servcloud/pkg/server/server.go:287.2,288.9 2 1
servcloud/pkg/server/server.go:288.9,291.3 2 1
servcloud/pkg/server/server.go:294.2,296.41 3 0
servcloud/pkg/server/server.go:296.41,297.37 1 0
servcloud/pkg/server/server.go:297.37,299.9 2 0
servcloud/pkg/server/server.go:303.2,303.16 1 0
servcloud/pkg/server/server.go:303.16,306.3 2 0
servcloud/pkg/server/server.go:310.2,311.29 2 0
servcloud/pkg/server/server.go:311.29,313.3 1 0
servcloud/pkg/server/server.go:314.2,314.27 1 0
servcloud/pkg/server/server.go:314.27,316.3 1 0
servcloud/pkg/server/server.go:318.2,319.16 2 0
servcloud/pkg/server/server.go:319.16,322.3 2 0
servcloud/pkg/server/server.go:325.2,325.24 1 0
servcloud/pkg/server/server.go:325.24,327.3 1 0
servcloud/pkg/server/server.go:329.2,331.36 3 0
servcloud/pkg/server/server.go:334.84,336.9 2 1
servcloud/pkg/server/server.go:336.9,339.3 2 1
servcloud/pkg/server/server.go:341.2,341.57 1 0
servcloud/pkg/server/server.go:341.57,344.42 3 0
servcloud/pkg/server/server.go:344.42,345.38 1 0
servcloud/pkg/server/server.go:345.38,347.10 2 0
servcloud/pkg/server/server.go:350.3,350.17 1 0
servcloud/pkg/server/server.go:350.17,353.4 2 0
servcloud/pkg/server/server.go:355.3,356.17 2 0
servcloud/pkg/server/server.go:356.17,359.4 2 0
servcloud/pkg/server/server.go:360.3,362.41 2 0
servcloud/pkg/server/server.go:365.2,367.23 3 0
servcloud/pkg/otel/otel.go:9.13,11.2 1 0
servcloud/pkg/otel/otel.go:13.31,15.2 1 0
servcloud/pkg/otel/otel.go:17.30,19.2 1 0
servcloud/pkg/otel/otel.go:21.55,23.2 1 0
servcloud/pkg/otel/otel.go:25.72,27.2 1 0
